Log file open, 02/28/19 17:35:24
LogWindows: Failed to load 'aqProf.dll' (GetLastError=126)
LogWindows: File 'aqProf.dll' does not exist
LogWindows: Failed to load 'VtuneApi.dll' (GetLastError=126)
LogWindows: File 'VtuneApi.dll' does not exist
LogWindows: Failed to load 'VtuneApi32e.dll' (GetLastError=126)
LogWindows: File 'VtuneApi32e.dll' does not exist
LogInit: Display: Running engine for game: WoldAssault
LogPlatformFile: Not using cached read wrapper
LogTaskGraph: Started task graph with 5 named threads and 11 total threads with 3 sets of task threads.
LogStats: Stats thread started at 0.172239
LogD3D11RHI: Loaded GFSDK_Aftermath_Lib.x64.dll
LogICUInternationalization: Display: ICU TimeZone Detection - Raw Offset: +1:00, Platform Override: ''
LogPluginManager: Mounting plugin Paper2D
LogPluginManager: Mounting plugin AISupport
LogPluginManager: Mounting plugin LightPropagationVolume
LogPluginManager: Mounting plugin CLionSourceCodeAccess
LogPluginManager: Mounting plugin CodeLiteSourceCodeAccess
LogPluginManager: Mounting plugin GitSourceControl
LogPluginManager: Mounting plugin KDevelopSourceCodeAccess
LogPluginManager: Mounting plugin NullSourceCodeAccess
LogPluginManager: Mounting plugin PerforceSourceControl
LogPluginManager: Mounting plugin SubversionSourceControl
LogPluginManager: Mounting plugin UObjectPlugin
LogPluginManager: Mounting plugin VisualStudioCodeSourceCodeAccess
LogPluginManager: Mounting plugin VisualStudioSourceCodeAccess
LogPluginManager: Mounting plugin XCodeSourceCodeAccess
LogPluginManager: Mounting plugin AssetManagerEditor
LogPluginManager: Mounting plugin CryptoKeys
LogPluginManager: Mounting plugin DataValidation
LogPluginManager: Mounting plugin FacialAnimation
LogPluginManager: Mounting plugin GameplayTagsEditor
LogPluginManager: Mounting plugin MacGraphicsSwitching
LogPluginManager: Mounting plugin MeshEditor
LogPluginManager: Mounting plugin MobileLauncherProfileWizard
LogPluginManager: Mounting plugin PluginBrowser
LogPluginManager: Mounting plugin SpeedTreeImporter
LogPluginManager: Mounting plugin DatasmithContent
LogPluginManager: Mounting plugin AlembicImporter
LogPluginManager: Mounting plugin AppleImageUtils
LogPluginManager: Mounting plugin AppleVision
LogPluginManager: Mounting plugin BackChannel
LogPluginManager: Mounting plugin CharacterAI
LogPluginManager: Mounting plugin GeometryCache
LogPluginManager: Mounting plugin HTML5Networking
LogPluginManager: Mounting plugin ProxyLODPlugin
LogPluginManager: Mounting plugin MagicLeap
LogPluginManager: Mounting plugin MagicLeapEmulator
LogPluginManager: Mounting plugin MagicLeapMedia
LogPluginManager: Mounting plugin AndroidMedia
LogPluginManager: Mounting plugin AvfMedia
LogPluginManager: Mounting plugin ImgMedia
LogPluginManager: Mounting plugin LinearTimecode
LogPluginManager: Mounting plugin MediaCompositing
LogPluginManager: Mounting plugin MediaPlayerEditor
LogPluginManager: Mounting plugin WmfMedia
LogPluginManager: Mounting plugin TcpMessaging
LogPluginManager: Mounting plugin UdpMessaging
LogPluginManager: Mounting plugin ActorSequence
LogPluginManager: Mounting plugin LevelSequenceEditor
LogPluginManager: Mounting plugin MatineeToLevelSequence
LogPluginManager: Mounting plugin NetcodeUnitTest
LogPluginManager: Mounting plugin NUTUnrealEngine4
LogPluginManager: Mounting plugin OnlineSubsystemGooglePlay
LogPluginManager: Mounting plugin OnlineSubsystemIOS
LogPluginManager: Mounting plugin OnlineSubsystem
LogPluginManager: Mounting plugin OnlineSubsystemNull
LogPluginManager: Mounting plugin OnlineSubsystemUtils
LogPluginManager: Mounting plugin LauncherChunkInstaller
LogPluginManager: Mounting plugin AndroidDeviceProfileSelector
LogPluginManager: Mounting plugin AndroidMoviePlayer
LogPluginManager: Mounting plugin AndroidPermission
LogPluginManager: Mounting plugin AppleMoviePlayer
LogPluginManager: Mounting plugin ArchVisCharacter
LogPluginManager: Mounting plugin AudioCapture
LogPluginManager: Mounting plugin CableComponent
LogPluginManager: Mounting plugin CustomMeshComponent
LogPluginManager: Mounting plugin EditableMesh
LogPluginManager: Mounting plugin ExampleDeviceProfileSelector
LogPluginManager: Mounting plugin GoogleCloudMessaging
LogPluginManager: Mounting plugin ImmediatePhysics
LogPluginManager: Mounting plugin IOSDeviceProfileSelector
LogPluginManager: Mounting plugin LinuxDeviceProfileSelector
LogPluginManager: Mounting plugin LocationServicesBPLibrary
LogPluginManager: Mounting plugin MobilePatchingUtils
LogPluginManager: Mounting plugin OculusVR
LogPluginManager: Plugin shader directory ../../../Engine/Plugins/Runtime/Oculus/OculusVR/Shaders found
LogPluginManager: Mapping shader source directory ../../../Engine/Plugins/Runtime/Oculus/OculusVR/Shaders to virtual directory /Plugin/OculusVR
LogPluginManager: Mounting plugin PhysXVehicles
LogPluginManager: Mounting plugin ProceduralMeshComponent
LogPluginManager: Mounting plugin RuntimePhysXCooking
LogPluginManager: Mounting plugin SteamVR
LogPluginManager: Mounting plugin WindowsMoviePlayer
LogStreaming: Display: Took  0.279s to configure plugins.
LogInit: Using libcurl 7.55.1-DEV
LogInit:  - built for x86_64-pc-win32
LogInit:  - supports SSL with OpenSSL/1.0.2h
LogInit:  - supports HTTP deflate (compression) using libz 1.2.8
LogInit:  - other features:
LogInit:      CURL_VERSION_SSL
LogInit:      CURL_VERSION_LIBZ
LogInit:      CURL_VERSION_IPV6
LogInit:      CURL_VERSION_ASYNCHDNS
LogInit:      CURL_VERSION_LARGEFILE
LogInit:      CURL_VERSION_IDN
LogInit:  CurlRequestOptions (configurable via config and command line):
LogInit:  - bVerifyPeer = false  - Libcurl will NOT verify peer certificate
LogInit:  - bUseHttpProxy = false  - Libcurl will NOT use HTTP proxy
LogInit:  - bDontReuseConnections = false  - Libcurl will reuse connections
LogInit:  - CertBundlePath = nullptr  - Libcurl will use whatever was configured at build time.
LogInit:  - MaxHostConnections = 16  - Libcurl will limit the number of connections to a host
LogInit:  - LocalHostAddr = Default
LogInit:  - BufferSize = 65536
LogInit: WinSock: version 1.1 (2.2), MaxSocks=32767, MaxUdp=65467
LogInit: Build: ++UE4+Release-4.20-CL-4369336
LogInit: Engine Version: 4.20.3-4369336+++UE4+Release-4.20
LogInit: Compatible Engine Version: 4.20.0-4212847+++UE4+Release-4.20
LogInit: Net CL: 4212847
LogInit: OS: Windows 10 (), CPU: Intel(R) Pentium(R) CPU G4600 @ 3.60GHz, GPU: NVIDIA GeForce GTX 1050
LogInit: Compiled (64-bit): Sep 17 2018 12:26:19
LogInit: Compiled with Visual C++: 19.13.26129.00
LogInit: Build Configuration: Development
LogInit: Branch Name: ++UE4+Release-4.20
LogInit: Command Line:  
LogInit: Base Directory: D:/Program Files/UE_4.20/Engine/Binaries/Win64/
LogInit: Installed Engine Build: 1
LogDevObjectVersion: Number of dev versions registered: 20
LogDevObjectVersion:   Dev-Blueprints (B0D832E4-1F89-4F0D-ACCF-7EB736FD4AA2): 10
LogDevObjectVersion:   Dev-Build (E1C64328-A22C-4D53-A36C-8E866417BD8C): 0
LogDevObjectVersion:   Dev-Core (375EC13C-06E4-48FB-B500-84F0262A717E): 2
LogDevObjectVersion:   Dev-Editor (E4B068ED-F494-42E9-A231-DA0B2E46BB41): 24
LogDevObjectVersion:   Dev-Framework (CFFC743F-43B0-4480-9391-14DF171D2073): 34
LogDevObjectVersion:   Dev-Mobile (B02B49B5-BB20-44E9-A304-32B752E40360): 2
LogDevObjectVersion:   Dev-Networking (A4E4105C-59A1-49B5-A7C5-40C4547EDFEE): 0
LogDevObjectVersion:   Dev-Online (39C831C9-5AE6-47DC-9A44-9C173E1C8E7C): 0
LogDevObjectVersion:   Dev-Physics (78F01B33-EBEA-4F98-B9B4-84EACCB95AA2): 0
LogDevObjectVersion:   Dev-Platform (6631380F-2D4D-43E0-8009-CF276956A95A): 0
LogDevObjectVersion:   Dev-Rendering (12F88B9F-8875-4AFC-A67C-D90C383ABD29): 26
LogDevObjectVersion:   Dev-Sequencer (7B5AE74C-D270-4C10-A958-57980B212A5A): 9
LogDevObjectVersion:   Dev-VR (D7296918-1DD6-4BDD-9DE2-64A83CC13884): 2
LogDevObjectVersion:   Dev-LoadTimes (C2A15278-BFE7-4AFE-6C17-90FF531DF755): 1
LogDevObjectVersion:   Private-Geometry (6EACA3D4-40EC-4CC1-B786-8BED09428FC5): 3
LogDevObjectVersion:   Dev-AnimPhys (29E575DD-E0A3-4627-9D10-D276232CDCEA): 17
LogDevObjectVersion:   Dev-ReflectionCapture (6B266CEC-1EC7-4B8F-A30B-E4D90942FC07): 1
LogDevObjectVersion:   Dev-Automation (0DF73D61-A23F-47EA-B727-89E90C41499A): 1
LogDevObjectVersion:   FortniteMain (601D1886-AC64-4F84-AA16-D3DE0DEAC7D6): 12
LogDevObjectVersion:   Dev-Enterprise (9DFFBCD6-494F-0158-E221-12823C92A888): 1
LogStreaming: Display: Took  0.001s to delete old logs.
LogInit: Presizing for max 8388607 objects, including 0 objects not considered by GC, pre-allocating 0 bytes for permanent pool.
LogInit: Object subsystem initialized
[2019.02.28-16.35.25:173][  0]LogInit: Selected Device Profile: [Windows]
[2019.02.28-16.35.25:173][  0]LogInit: Applying CVar settings loaded from the selected device profile: [Windows]
[2019.02.28-16.35.25:188][  0]LogHAL: Display: Platform has ~ 8 GB [8523456512 / 8589934592 / 8], which maps to Default [LargestMinGB=32, LargerMinGB=12, DefaultMinGB=8, SmallerMinGB=6, SmallestMinGB=0)
[2019.02.28-16.35.25:188][  0]LogInit: Setting Device Profile CVar: [[r.Vulkan.UseRealUBs:1]]
[2019.02.28-16.35.25:188][  0]LogInit: Going up to parent DeviceProfile []
[2019.02.28-16.35.25:188][  0]LogInit: Computer: DESKTOP-B5RE4LC
[2019.02.28-16.35.25:188][  0]LogInit: User: Wess9
[2019.02.28-16.35.25:188][  0]LogInit: CPU Page size=4096, Cores=2
[2019.02.28-16.35.25:188][  0]LogInit: High frequency timer resolution =10.000000 MHz
[2019.02.28-16.35.25:189][  0]LogMemory: Memory total: Physical=7.9GB (8GB approx)
[2019.02.28-16.35.25:189][  0]LogMemory: Platform Memory Stats for Windows
[2019.02.28-16.35.25:189][  0]LogMemory: Process Physical Memory: 100.67 MB used, 100.67 MB peak
[2019.02.28-16.35.25:189][  0]LogMemory: Process Virtual Memory: 84.34 MB used, 84.34 MB peak
[2019.02.28-16.35.25:189][  0]LogMemory: Physical Memory: 6457.48 MB used,  1671.13 MB free, 8128.60 MB total
[2019.02.28-16.35.25:189][  0]LogMemory: Virtual Memory: 4604.79 MB used,  1671.13 MB free, 134217728.00 MB total
[2019.02.28-16.35.25:220][  0]LogInit: Using OS detected language (fr-FR).
[2019.02.28-16.35.25:220][  0]LogInit: Using OS detected locale (fr-FR).
[2019.02.28-16.35.25:223][  0]LogTextLocalizationManager: No specific localization for 'fr-FR' exists, so the 'fr' localization will be used.
[2019.02.28-16.35.25:226][  0]LogStreaming: Display: Took  0.006s to InitEngineTextLocalization.
[2019.02.28-16.35.25:226][  0]LogInit: Setting process to per monitor DPI aware
[2019.02.28-16.35.25:279][  0]LogSlate: New Slate User Created.  User Index 0, Is Virtual User: 0
[2019.02.28-16.35.25:279][  0]LogSlate: Slate User Registered.  User Index 0, Is Virtual User: 0
[2019.02.28-16.35.25:778][  0]LogHMD: Failed to initialize OpenVR with code 110
[2019.02.28-16.35.25:778][  0]LogD3D11RHI: D3D11 adapters:
[2019.02.28-16.35.25:914][  0]LogD3D11RHI:    0. 'NVIDIA GeForce GTX 1050' (Feature Level 11_0)
[2019.02.28-16.35.25:914][  0]LogD3D11RHI:       1977/0/4064 MB DedicatedVideo/DedicatedSystem/SharedSystem, Outputs:1, VendorId:0x10de
[2019.02.28-16.35.25:918][  0]LogD3D11RHI:    1. 'Microsoft Basic Render Driver' (Feature Level 11_0)
[2019.02.28-16.35.25:918][  0]LogD3D11RHI:       0/0/4064 MB DedicatedVideo/DedicatedSystem/SharedSystem, Outputs:0, VendorId:0x1414
[2019.02.28-16.35.25:918][  0]LogD3D11RHI: Chosen D3D11 Adapter: 0
[2019.02.28-16.35.25:929][  0]LogD3D11RHI: Creating new Direct3DDevice
[2019.02.28-16.35.25:929][  0]LogD3D11RHI:     GPU DeviceId: 0x1c81 (for the marketing name, search the web for "GPU Device Id")
[2019.02.28-16.35.25:929][  0]LogWindows: EnumDisplayDevices:
[2019.02.28-16.35.25:929][  0]LogWindows:    0. 'NVIDIA GeForce GTX 1050' (P:1 D:1)
[2019.02.28-16.35.25:930][  0]LogWindows:    1. 'NVIDIA GeForce GTX 1050' (P:0 D:0)
[2019.02.28-16.35.25:930][  0]LogWindows:    2. 'NVIDIA GeForce GTX 1050' (P:0 D:0)
[2019.02.28-16.35.25:931][  0]LogWindows:    3. 'NVIDIA GeForce GTX 1050' (P:0 D:0)
[2019.02.28-16.35.25:931][  0]LogWindows: DebugString: FoundDriverCount:4 
[2019.02.28-16.35.25:931][  0]LogD3D11RHI:     Adapter Name: NVIDIA GeForce GTX 1050
[2019.02.28-16.35.25:931][  0]LogD3D11RHI:   Driver Version: 417.71 (internal:25.21.14.1771, unified:417.71)
[2019.02.28-16.35.25:931][  0]LogD3D11RHI:      Driver Date: 1-11-2019
[2019.02.28-16.35.25:931][  0]LogRHI: Texture pool is 1384 MB (70% of 1977 MB)
[2019.02.28-16.35.25:996][  0]LogD3D11RHI: Async texture creation enabled
[2019.02.28-16.35.26:030][  0]LogD3D11RHI: GPU Timing Frequency: 1000.000000 (Debug: 2 2)
[2019.02.28-16.35.26:076][  0]LogShaderCompilers: Guid format shader working directory is -10 characters bigger than the processId version (../../../../../Users/Wess9/Documents/GitHub/WoldAssault/Intermediate/Shaders/WorkingDirectory/13496/).
[2019.02.28-16.35.26:077][  0]LogShaderCompilers: Cleaned the shader compiler working directory 'C:/Users/Wess9/AppData/Local/Temp/UnrealShaderWorkingDir/DF2CE0E446088905A55EF69E526F035B/'.
[2019.02.28-16.35.26:819][  0]LogTemp: Display: Loaded TP AllDesktopTargetPlatform
[2019.02.28-16.35.26:843][  0]LogTemp: Display: Loaded TP MacClientTargetPlatform
[2019.02.28-16.35.26:869][  0]LogTemp: Display: Loaded TP MacNoEditorTargetPlatform
[2019.02.28-16.35.26:896][  0]LogTemp: Display: Loaded TP MacServerTargetPlatform
[2019.02.28-16.35.26:921][  0]LogTemp: Display: Loaded TP MacTargetPlatform
[2019.02.28-16.35.26:945][  0]LogTemp: Display: Loaded TP WindowsClientTargetPlatform
[2019.02.28-16.35.26:971][  0]LogTemp: Display: Loaded TP WindowsNoEditorTargetPlatform
[2019.02.28-16.35.26:997][  0]LogTemp: Display: Loaded TP WindowsServerTargetPlatform
[2019.02.28-16.35.27:009][  0]LogTemp: Display: Loaded TP WindowsTargetPlatform
[2019.02.28-16.35.27:157][  0]LogTemp: Display: Loaded TP AndroidTargetPlatform
[2019.02.28-16.35.27:157][  0]LogTemp: Display: Loaded TP AndroidTargetPlatform
[2019.02.28-16.35.27:157][  0]LogTemp: Display: Loaded TP AndroidTargetPlatform
[2019.02.28-16.35.27:157][  0]LogTemp: Display: Loaded TP AndroidTargetPlatform
[2019.02.28-16.35.27:157][  0]LogTemp: Display: Loaded TP AndroidTargetPlatform
[2019.02.28-16.35.27:157][  0]LogTemp: Display: Loaded TP AndroidTargetPlatform
[2019.02.28-16.35.27:157][  0]LogTemp: Display: Loaded TP AndroidTargetPlatform
[2019.02.28-16.35.27:157][  0]LogTemp: Display: Loaded TP AndroidTargetPlatform
[2019.02.28-16.35.27:157][  0]LogTemp: Display: Loaded TP AndroidTargetPlatform
[2019.02.28-16.35.27:157][  0]LogTemp: Display: Loaded TP AndroidTargetPlatform
[2019.02.28-16.35.27:157][  0]LogTemp: Display: Loaded TP AndroidTargetPlatform
[2019.02.28-16.35.27:157][  0]LogTemp: Display: Loaded TP AndroidTargetPlatform
[2019.02.28-16.35.27:157][  0]LogTemp: Display: Loaded TP AndroidTargetPlatform
[2019.02.28-16.35.27:157][  0]LogTemp: Display: Loaded TP AndroidTargetPlatform
[2019.02.28-16.35.27:157][  0]LogTemp: Display: Loaded TP AndroidTargetPlatform
[2019.02.28-16.35.27:157][  0]LogTemp: Display: Loaded TP AndroidTargetPlatform
[2019.02.28-16.35.27:157][  0]LogTemp: Display: Loaded TP AndroidTargetPlatform
[2019.02.28-16.35.27:157][  0]LogTemp: Display: Loaded TP AndroidTargetPlatform
[2019.02.28-16.35.27:161][  0]LogTemp: Display: Loaded TP HTML5TargetPlatform
[2019.02.28-16.35.27:263][  0]LogTemp: Display: Loaded TP IOSTargetPlatform
[2019.02.28-16.35.27:263][  0]LogTemp: Display: Loaded TP IOSTargetPlatform
[2019.02.28-16.35.27:304][  0]LogTemp: Display: Loaded TP TVOSTargetPlatform
[2019.02.28-16.35.27:304][  0]LogTemp: Display: Loaded TP TVOSTargetPlatform
[2019.02.28-16.35.27:322][  0]LogTemp: Display: Loaded TP LinuxClientTargetPlatform
[2019.02.28-16.35.27:342][  0]LogTemp: Display: Loaded TP LinuxNoEditorTargetPlatform
[2019.02.28-16.35.27:374][  0]LogTemp: Display: Loaded TP LinuxServerTargetPlatform
[2019.02.28-16.35.27:398][  0]LogTemp: Display: Loaded TP LinuxTargetPlatform
[2019.02.28-16.35.27:414][  0]LogTemp: Display: Loaded TP LuminTargetPlatform
[2019.02.28-16.35.27:414][  0]LogTargetPlatformManager: Display: Building Assets For Windows
[2019.02.28-16.35.27:533][  0]LogXGEController: Cannot use XGE Controller as Incredibuild is not installed on this machine.
[2019.02.28-16.35.27:533][  0]LogShaderCompilers: Cannot use XGE Shader Compiler as Incredibuild is not installed on this machine.
[2019.02.28-16.35.27:533][  0]LogShaderCompilers: Display: Using Local Shader Compiler.
[2019.02.28-16.35.28:961][  0]LogDerivedDataCache: Display: Max Cache Size: 512 MB
[2019.02.28-16.35.29:035][  0]LogDerivedDataCache: Loaded boot cache 0.07s 71MB C:/Users/Wess9/AppData/Local/UnrealEngine/4.20/DerivedDataCache/Boot.ddc.
[2019.02.28-16.35.29:035][  0]LogDerivedDataCache: Display: Loaded Boot cache: C:/Users/Wess9/AppData/Local/UnrealEngine/4.20/DerivedDataCache/Boot.ddc
[2019.02.28-16.35.29:036][  0]LogDerivedDataCache: FDerivedDataBackendGraph:  Pak pak cache file ../../../../../Users/Wess9/Documents/GitHub/WoldAssault/DerivedDataCache/DDC.ddp not found, will not use a pak cache.
[2019.02.28-16.35.29:036][  0]LogDerivedDataCache: Unable to find inner node Pak for hierarchical cache Hierarchy.
[2019.02.28-16.35.29:036][  0]LogDerivedDataCache: FDerivedDataBackendGraph:  CompressedPak pak cache file ../../../../../Users/Wess9/Documents/GitHub/WoldAssault/DerivedDataCache/Compressed.ddp not found, will not use a pak cache.
[2019.02.28-16.35.29:036][  0]LogDerivedDataCache: Unable to find inner node CompressedPak for hierarchical cache Hierarchy.
[2019.02.28-16.35.29:052][  0]LogDerivedDataCache: Display: Pak cache opened for reading ../../../Engine/DerivedDataCache/Compressed.ddp.
[2019.02.28-16.35.29:064][  0]LogDerivedDataCache: Using Local data cache path C:/Users/Wess9/AppData/Local/UnrealEngine/Common/DerivedDataCache: Writable
[2019.02.28-16.35.29:064][  0]LogDerivedDataCache: Shared data cache path not found in *engine.ini, will not use an Shared cache.
[2019.02.28-16.35.29:064][  0]LogDerivedDataCache: Unable to find inner node Shared for hierarchical cache Hierarchy.
[2019.02.28-16.35.29:084][  0]LogMaterial: Verifying Global Shaders for PCD3D_SM5
[2019.02.28-16.35.29:085][  0]LogSlate: Using FreeType 2.6.0
[2019.02.28-16.35.29:086][  0]LogSlate: SlateFontServices - WITH_FREETYPE: 1, WITH_HARFBUZZ: 1
[2019.02.28-16.35.29:189][  0]LogAssetRegistry: FAssetRegistry took 0.0262 seconds to start up
[2019.02.28-16.35.29:677][  0]LogInit: Selected Device Profile: [Windows]
[2019.02.28-16.35.29:831][  0]LogSimplygon: Simplygon DLL not present - disabling.
[2019.02.28-16.35.29:836][  0]LogMeshReduction: Using SimplygonSwarm for distributed automatic mesh merging
[2019.02.28-16.35.29:836][  0]LogMeshReduction: Using ProxyLODMeshReduction for automatic mesh merging
[2019.02.28-16.35.29:836][  0]LogMeshReduction: Using QuadricMeshReduction for automatic static mesh reduction
[2019.02.28-16.35.29:836][  0]LogMeshReduction: No automatic skeletal mesh reduction module available
[2019.02.28-16.35.29:858][  0]LogNetVersion: WoldAssault 1.0.0, NetCL: 4212847, EngineNetVer: 5, GameNetVer: 0 (Checksum: 3604439811)
[2019.02.28-16.35.30:714][  0]LogPackageLocalizationCache: Processed 11 localized package path(s) for 2 prioritized culture(s) in 0.249405 seconds
[2019.02.28-16.35.30:721][  0]LogUObjectArray: 38425 objects as part of root set at end of initial load.
[2019.02.28-16.35.30:721][  0]LogUObjectAllocator: 6690864 out of 0 bytes used by permanent object pool.
[2019.02.28-16.35.30:721][  0]LogUObjectArray: CloseDisregardForGC: 0/0 objects in disregard for GC pool
[2019.02.28-16.35.31:875][  0]LogTcpMessaging: Initializing TcpMessaging bridge
[2019.02.28-16.35.31:889][  0]LogUdpMessaging: Initializing bridge on interface 0.0.0.0:0 to multicast group 230.0.0.1:6666.
[2019.02.28-16.35.32:054][  0]SourceControl: Source control is disabled
[2019.02.28-16.35.32:054][  0]SourceControl: Source control is disabled
[2019.02.28-16.35.32:055][  0]SourceControl: Source control is disabled
[2019.02.28-16.35.32:057][  0]SourceControl: Source control is disabled
[2019.02.28-16.35.32:257][  0]LogAndroidPermission: UAndroidPermissionCallbackProxy::GetInstance
[2019.02.28-16.35.32:389][  0]LogOcInput: OculusInput pre-init called
[2019.02.28-16.35.32:462][  0]LogEngine: Initializing Engine...
[2019.02.28-16.35.32:463][  0]LogHMD: Failed to initialize OpenVR with code 110
[2019.02.28-16.35.32:464][  0]LogStats: UGameplayTagsManager::ConstructGameplayTagTree: ImportINI prefixes -  0.000 s
[2019.02.28-16.35.32:464][  0]LogStats: UGameplayTagsManager::ConstructGameplayTagTree: Construct from data asset -  0.000 s
[2019.02.28-16.35.32:464][  0]LogStats: UGameplayTagsManager::ConstructGameplayTagTree: ImportINI -  0.000 s
[2019.02.28-16.35.32:464][  0]LogStats: UGameplayTagsManager::ConstructGameplayTagTree: GameplayTagTreeChangedEvent.Broadcast -  0.000 s
[2019.02.28-16.35.32:741][  0]LogInit: Initializing FReadOnlyCVARCache
[2019.02.28-16.35.32:765][  0]LogAIModule: Creating AISystem for world Untitled
[2019.02.28-16.35.32:867][  0]LogInit: XAudio2 using 'Haut-parleurs (Périphérique High Definition Audio)' : 2 channels at 48 kHz using 16 bits per sample (channel mask 0x3)
[2019.02.28-16.35.32:897][  0]LogInit: FAudioDevice initialized.
[2019.02.28-16.35.32:897][  0]LogNetVersion: Set ProjectVersion to 1.0.0.0. Version Checksum will be recalculated on next use.
[2019.02.28-16.35.33:055][  0]LogDerivedDataCache: Saved boot cache 0.16s 71MB C:/Users/Wess9/AppData/Local/UnrealEngine/4.20/DerivedDataCache/Boot.ddc.
[2019.02.28-16.35.33:064][  0]LogInit: Texture streaming: Enabled
[2019.02.28-16.35.33:101][  0]LogEngineSessionManager: EngineSessionManager initialized
[2019.02.28-16.35.33:153][  0]LogInit: Transaction tracking system initialized
[2019.02.28-16.35.33:189][  0]BlueprintLog: New page: Editor Load
[2019.02.28-16.35.33:305][  0]LocalizationService: Localization service is disabled
[2019.02.28-16.35.33:729][  0]LogCook: Display: Max memory allowance for cook 16384mb min free memory 0mb
[2019.02.28-16.35.33:730][  0]LogCook: Display: Mobile HDR setting 1
[2019.02.28-16.35.33:741][  0]LogGameplayTags: Display: UGameplayTagsManager::DoneAddingNativeTags. DelegateIsBound: 0
[2019.02.28-16.35.33:741][  0]LogStats: UGameplayTagsManager::ConstructGameplayTagTree: ImportINI prefixes -  0.000 s
[2019.02.28-16.35.33:741][  0]LogStats: UGameplayTagsManager::ConstructGameplayTagTree: Construct from data asset -  0.000 s
[2019.02.28-16.35.33:741][  0]LogStats: UGameplayTagsManager::ConstructGameplayTagTree: ImportINI -  0.000 s
[2019.02.28-16.35.33:741][  0]LogStats: UGameplayTagsManager::ConstructGameplayTagTree: GameplayTagTreeChangedEvent.Broadcast -  0.000 s
[2019.02.28-16.35.33:975][  0]LogFileCache: Scanning file cache for directory 'D:/Users/Wess9/Documents/GitHub/WoldAssault/Content/' took 0.07s
[2019.02.28-16.35.33:975][  0]SourceControl: Source control is disabled
[2019.02.28-16.35.33:976][  0]Cmd: MAP LOAD FILE="../../../Engine/Content/Maps/Templates/Template_Default.umap" TEMPLATE=1 SHOWPROGRESS=1 FEATURELEVEL=3
[2019.02.28-16.35.33:977][  0]LightingResults: New page: Lighting Build
[2019.02.28-16.35.33:982][  0]MapCheck: New page: Map Check
[2019.02.28-16.35.33:982][  0]LightingResults: New page: Lighting Build
[2019.02.28-16.35.34:452][  0]LogAIModule: Creating AISystem for world Untitled_1
[2019.02.28-16.35.34:466][  0]LogEditorServer: Finished looking for orphan Actors (0.000 secs)
[2019.02.28-16.35.34:514][  0]Cmd: MAP CHECKDEP NOCLEARLOG
[2019.02.28-16.35.34:687][  0]MapCheck: Map check complete: 0 Error(s), 0 Warning(s), took 172,088ms to complete.
[2019.02.28-16.35.34:687][  0]LogFileHelpers: Loading map 'Template_Default' took 0.711
[2019.02.28-16.35.35:242][  0]LogSlate: Updating window title bar state: overlay mode, drag disabled, window buttons hidden, title bar hidden
[2019.02.28-16.35.35:272][  0]LogSlate: Updating window title bar state: overlay mode, drag disabled, window buttons hidden, title bar hidden
[2019.02.28-16.35.35:283][  0]LogSlate: Updating window title bar state: overlay mode, drag disabled, window buttons hidden, title bar hidden
[2019.02.28-16.35.35:296][  0]LogSlate: Updating window title bar state: overlay mode, drag disabled, window buttons hidden, title bar hidden
[2019.02.28-16.35.35:324][  0]LogCollectionManager: Loaded 0 collections in 0.004322 seconds
[2019.02.28-16.35.35:417][  0]LogFileCache: Scanning file cache for directory 'D:/Users/Wess9/Documents/GitHub/WoldAssault/Saved/Collections/' took 0.01s
[2019.02.28-16.35.35:417][  0]LogFileCache: Scanning file cache for directory 'D:/Users/Wess9/Documents/GitHub/WoldAssault/Content/Developers/Wess9/Collections/' took 0.01s
[2019.02.28-16.35.35:417][  0]LogFileCache: Scanning file cache for directory 'D:/Users/Wess9/Documents/GitHub/WoldAssault/Content/Collections/' took 0.01s
[2019.02.28-16.35.35:417][  0]LogCollectionManager: Rebuilt the GUID cache for 0 collections in 0.000000 seconds
[2019.02.28-16.35.35:429][  0]LogContentBrowser: Native class hierarchy populated in 0.0118 seconds. Added 2572 classes and 603 folders.
[2019.02.28-16.35.35:487][  0]LogContentBrowser: Native class hierarchy updated for 'WidgetCarousel' in 0.0005 seconds. Added 0 classes and 0 folders.
[2019.02.28-16.35.36:483][  0]LogContentBrowser: Native class hierarchy updated for 'AddContentDialog' in 0.0004 seconds. Added 0 classes and 0 folders.
[2019.02.28-16.35.36:610][  0]LogContentBrowser: Native class hierarchy updated for 'SceneOutliner' in 0.0004 seconds. Added 1 classes and 2 folders.
[2019.02.28-16.35.40:369][  0]LogSlate: Only BGRA pngs, bmps or icos are supported in by External Image Picker
[2019.02.28-16.35.40:489][  0]LogTemp: Executing iPhonePackager certificates Engine -bundlename com.YourCompany.WoldAssault
[2019.02.28-16.35.40:489][  0]LogTemp: CWD: D:\Program Files\UE_4.20\Engine\Binaries\DotNET\IOS
[2019.02.28-16.35.40:489][  0]LogTemp: Initial Dir: D:\Program Files\UE_4.20
[2019.02.28-16.35.40:489][  0]LogTemp: Env CWD: D:\Program Files\UE_4.20\Engine\Binaries\DotNET\IOS
[2019.02.28-16.35.40:489][  0]LogTemp: BranchPath = DESKTOP-B5RE4LC/D/Program Files/UE_4.20/Engine/Binaries --- GameBranchPath = DESKTOP-B5RE4LC/D/Program Files/UE_4.20/Engine/Binaries
[2019.02.28-16.35.40:489][  0]LogTemp: IPP ERROR: Could not find provision directory 'C:\Users\Wess9\AppData\Local/Apple Computer/MobileDevice/Provisioning Profiles/'.
[2019.02.28-16.35.40:489][  0]LogSlate: Took 0.009864 seconds to synchronously load lazily loaded font '../../../Engine/Content/Slate/Fonts/Roboto-Regular.ttf' (155K)
[2019.02.28-16.35.40:512][  0]LogSlate: Took 0.009966 seconds to synchronously load lazily loaded font '../../../Engine/Content/Slate/Fonts/Roboto-Bold.ttf' (160K)
[2019.02.28-16.35.40:578][  0]LogSlate: Took 0.010821 seconds to synchronously load lazily loaded font '../../../Engine/Content/Editor/Slate/Fonts/FontAwesome.ttf' (139K)
[2019.02.28-16.35.41:053][  0]LogRenderer: Reallocating scene render targets to support 1208x576 Format 10 NumSamples 1 (Frame:1).
[2019.02.28-16.35.41:677][  0]LogContentBrowser: Native class hierarchy updated for 'HierarchicalLODOutliner' in 0.0003 seconds. Added 0 classes and 0 folders.
[2019.02.28-16.35.41:677][  0]LogLoad: (Engine Initialization) Total time: 20.91 seconds
[2019.02.28-16.35.41:677][  0]LogLoad: (Engine Initialization) Total Blueprint compile time: 0.00 seconds
[2019.02.28-16.35.41:898][  0]LogContentStreaming: Texture pool size now 1000 MB
[2019.02.28-16.35.42:478][  5]LogAssetRegistry: Asset discovery search completed in 13.3114 seconds
[2019.02.28-16.35.42:481][  5]LogCollectionManager: Rebuilt the object cache for 0 collections in 0.000000 seconds (found 0 objects)
[2019.02.28-16.35.42:482][  5]LogCollectionManager: Fixed up redirectors for 0 collections in 0.000117 seconds (updated 0 objects)
[2019.02.28-16.35.46:557][ 17]LogSlate: Took 0.013741 seconds to synchronously load lazily loaded font '../../../Engine/Content/Slate/Fonts/Roboto-Light.ttf' (167K)
[2019.02.28-16.36.57:523][378]LogSlate: FSceneViewport::OnFocusLost() reason 0
[2019.02.28-16.36.57:573][382]LogSlate: Window 'Project Settings' being destroyed
[2019.02.28-16.36.57:598][382]LogSlate: Window 'Project Settings' being destroyed
[2019.02.28-16.37.00:065][610]LogSlate: FSceneViewport::OnFocusLost() reason 0
[2019.02.28-16.37.21:826][208]LogTexture: Display: Building textures: FuseModel_Hair_Gloss (AutoDXT, 1024X1024)
[2019.02.28-16.37.21:826][208]LogTexture: Display: Building textures: FuseModel_Hair_Opacity (AutoDXT, 1024X1024)
[2019.02.28-16.37.21:826][208]LogAnimationCompression: Building Anim DDC data for AnimSequence /Game/Characters/Anim/GreatSword/great_sword_walk.great_sword_walk
[2019.02.28-16.37.21:826][208]LogAnimationCompression: Recompressing (AnimSequence /Game/Characters/Anim/GreatSword/great_sword_walk.great_sword_walk) using current/default (AnimCompress_BitwiseCompressOnly_2) bFirstRecompressUsingCurrentOrDefault(1) bTryAlternateCompressor(0) IsCompressedDataValid(0)
[2019.02.28-16.37.21:840][208]LogAnimationCompression: Building Anim DDC data for AnimSequence /Game/Characters/Anim/GreatSword/Great_Sword_Run__1_.Great_Sword_Run__1_
[2019.02.28-16.37.21:840][208]LogAnimationCompression: Recompressing (AnimSequence /Game/Characters/Anim/GreatSword/Great_Sword_Run__1_.Great_Sword_Run__1_) using current/default (AnimCompress_BitwiseCompressOnly_0) bFirstRecompressUsingCurrentOrDefault(1) bTryAlternateCompressor(0) IsCompressedDataValid(0)
[2019.02.28-16.37.22:532][208]LogTexture: Display: Building textures: FuseModel_Hair_Normal (BC5, 1024X1024)
[2019.02.28-16.37.22:532][208]LogTexture: Display: Building textures: FuseModel_Hair_Diffuse (AutoDXT, 1024X1024)
[2019.02.28-16.37.22:532][208]LogTexture: Display: Building textures: FuseModel_Body_Specular (AutoDXT, 2048X2048)
[2019.02.28-16.37.22:532][208]LogTexture: Display: Building textures: FuseModel_Body_Opacity (AutoDXT, 2048X2048)
[2019.02.28-16.37.22:532][208]LogTexture: Display: Building textures: FuseModel_Hair_Specular (AutoDXT, 1024X1024)
[2019.02.28-16.37.23:319][208]LogTexture: Display: Building textures: FuseModel_Bottom_Diffuse (AutoDXT, 512X512)
[2019.02.28-16.37.23:319][208]LogMaterial: Display: Missing cached shader map for material Hairmat, compiling. 
[2019.02.28-16.37.23:686][208]LogTexture: Display: Building textures: FuseModel_Bottom_Gloss (AutoDXT, 512X512)
[2019.02.28-16.37.23:686][208]LogSkeletalMesh: Building Skeletal Mesh Luck...
[2019.02.28-16.37.23:870][208]LogShaderCompilers: Display: Shaders left to compile 87
[2019.02.28-16.37.23:870][208]LogShaderCompilers: Display: Shaders left to compile 77
[2019.02.28-16.37.23:870][208]LogShaderCompilers: Display: Shaders left to compile 67
[2019.02.28-16.37.23:870][208]LogSkeletalMesh: Built Skeletal Mesh [0.18s] /Game/Characters/Chara/Luck.Luck
[2019.02.28-16.37.24:033][208]LogTexture: Display: Building textures: FuseModel_Body_Gloss (AutoDXT, 2048X2048)
[2019.02.28-16.37.24:033][208]LogTexture: Display: Building textures: FuseModel_Bottom_Specular (AutoDXT, 512X512)
[2019.02.28-16.37.24:083][208]LogTexture: Display: Building textures: FuseModel_Bottom_Normal (BC5, 512X512)
[2019.02.28-16.37.24:206][208]LogTexture: Display: Building textures: FuseModel_Bottom_Opacity (AutoDXT, 512X512)
[2019.02.28-16.37.24:246][208]LogMaterial: Display: Missing cached shader map for material Bottommat, compiling. 
[2019.02.28-16.37.28:987][208]LogTexture: Display: Building textures: FuseModel_Body_Normal (BC5, 2048X2048)
[2019.02.28-16.37.28:987][208]LogTexture: Display: Building textures: FuseModel_Mask_Specular (AutoDXT, 512X512)
[2019.02.28-16.37.28:987][208]LogTexture: Display: Building textures: FuseModel_Body_Diffuse (AutoDXT, 2048X2048)
[2019.02.28-16.37.28:987][208]LogTexture: Display: Building textures: FuseModel_Mask_Opacity (AutoDXT, 512X512)
[2019.02.28-16.37.28:987][208]LogTexture: Display: Building textures: FuseModel_Mask_Normal (BC5, 512X512)
[2019.02.28-16.37.28:987][208]LogTexture: Display: Building textures: FuseModel_Mask_Gloss (AutoDXT, 512X512)
[2019.02.28-16.37.28:987][208]LogTexture: Display: Building textures: FuseModel_Mask_Diffuse (AutoDXT, 512X512)
[2019.02.28-16.37.28:987][208]LogTexture: Display: Building textures: FuseModel_Top_Diffuse (AutoDXT, 512X512)
[2019.02.28-16.37.28:988][208]LogTexture: Display: Building textures: FuseModel_Shoes_Specular (AutoDXT, 512X512)
[2019.02.28-16.37.28:988][208]LogTexture: Display: Building textures: FuseModel_Shoes_Opacity (AutoDXT, 512X512)
[2019.02.28-16.37.28:988][208]LogTexture: Display: Building textures: FuseModel_Shoes_Gloss (AutoDXT, 512X512)
[2019.02.28-16.37.28:988][208]LogTexture: Display: Building textures: FuseModel_Shoes_Diffuse (AutoDXT, 512X512)
[2019.02.28-16.37.28:988][208]LogTexture: Display: Building textures: FuseModel_Shoes_Normal (BC5, 512X512)
[2019.02.28-16.37.28:988][208]LogTexture: Display: Building textures: FuseModel_Top_Specular (AutoDXT, 512X512)
[2019.02.28-16.37.28:988][208]LogTexture: Display: Building textures: FuseModel_Top_Opacity (AutoDXT, 512X512)
[2019.02.28-16.37.28:988][208]LogTexture: Display: Building textures: FuseModel_Top_Gloss (AutoDXT, 512X512)
[2019.02.28-16.37.28:988][208]LogTexture: Display: Building textures: FuseModel_Top_Normal (BC5, 512X512)
[2019.02.28-16.37.28:988][208]LogMaterial: Display: Missing cached shader map for material Bodymat, compiling. 
[2019.02.28-16.37.29:092][208]LogMaterial: Display: Missing cached shader map for material Maskmat, compiling. 
[2019.02.28-16.37.29:181][208]LogMaterial: Display: Missing cached shader map for material Topmat, compiling. 
[2019.02.28-16.37.29:246][208]LogMaterial: Display: Missing cached shader map for material Shoesmat, compiling. 
[2019.02.28-16.37.29:374][208]LogAnimationCompression: Building Anim DDC data for AnimSequence /Game/Characters/Anim/GreatSword/great_sword_idle.great_sword_idle
[2019.02.28-16.37.29:374][208]LogAnimationCompression: Recompressing (AnimSequence /Game/Characters/Anim/GreatSword/great_sword_idle.great_sword_idle) using current/default (AnimCompress_BitwiseCompressOnly_0) bFirstRecompressUsingCurrentOrDefault(1) bTryAlternateCompressor(0) IsCompressedDataValid(0)
[2019.02.28-16.37.29:443][208]LogSlate: Took 0.000422 seconds to synchronously load lazily loaded font '../../../Engine/Content/Slate/Fonts/Roboto-Light.ttf' (167K)
[2019.02.28-16.37.29:464][208]LogAssetEditorManager: Opening Asset editor for Blueprint /Game/Characters/Chara/BpLuck.BpLuck
[2019.02.28-16.37.31:220][208]LogClass: Warning: Enum '/Game/AdvancedMagicFX13/DemoRoomData/Blueprints/BP_DemoDisplay_Enum.BP_DemoDisplay_Enum' was upgraded to use FText to store its display name data. Please re-save this asset to avoid issues with localization and determinstic cooking.
[2019.02.28-16.37.31:257][208]LogEnum: Warning: Enum name collision: 'BP_DemoDisplay_Enum::ROund' is in both '/Game/ExampleContent/DemoRoom/BluePrint/BP_DemoDisplay_Enum.BP_DemoDisplay_Enum' and '/Game/AdvancedMagicFX13/DemoRoomData/Blueprints/BP_DemoDisplay_Enum.BP_DemoDisplay_Enum'
[2019.02.28-16.37.31:257][208]LogEnum: Warning: Enum name collision: 'BP_DemoDisplay_Enum::SquareL' is in both '/Game/ExampleContent/DemoRoom/BluePrint/BP_DemoDisplay_Enum.BP_DemoDisplay_Enum' and '/Game/AdvancedMagicFX13/DemoRoomData/Blueprints/BP_DemoDisplay_Enum.BP_DemoDisplay_Enum'
[2019.02.28-16.37.31:257][208]LogEnum: Warning: Enum name collision: 'BP_DemoDisplay_Enum::RoomL' is in both '/Game/ExampleContent/DemoRoom/BluePrint/BP_DemoDisplay_Enum.BP_DemoDisplay_Enum' and '/Game/AdvancedMagicFX13/DemoRoomData/Blueprints/BP_DemoDisplay_Enum.BP_DemoDisplay_Enum'
[2019.02.28-16.37.31:257][208]LogEnum: Warning: Enum name collision: 'BP_DemoDisplay_Enum::DescriptionOnly' is in both '/Game/ExampleContent/DemoRoom/BluePrint/BP_DemoDisplay_Enum.BP_DemoDisplay_Enum' and '/Game/AdvancedMagicFX13/DemoRoomData/Blueprints/BP_DemoDisplay_Enum.BP_DemoDisplay_Enum'
[2019.02.28-16.37.31:257][208]LogEnum: Warning: Enum name collision: 'BP_DemoDisplay_Enum::NewEnumerator0' is in both '/Game/ExampleContent/DemoRoom/BluePrint/BP_DemoDisplay_Enum.BP_DemoDisplay_Enum' and '/Game/AdvancedMagicFX13/DemoRoomData/Blueprints/BP_DemoDisplay_Enum.BP_DemoDisplay_Enum'
[2019.02.28-16.37.31:257][208]LogEnum: Warning: Enum name collision: 'BP_DemoDisplay_Enum::BP_DemoDisplay_MAX' is in both '/Game/ExampleContent/DemoRoom/BluePrint/BP_DemoDisplay_Enum.BP_DemoDisplay_Enum' and '/Game/AdvancedMagicFX13/DemoRoomData/Blueprints/BP_DemoDisplay_Enum.BP_DemoDisplay_Enum'
[2019.02.28-16.37.31:257][208]LogEnum: Warning: Enum name collision: 'BP_DemoDisplay_Enum::ROund' is in both '/Game/ExampleContent/DemoRoom/BluePrint/BP_DemoDisplay_Enum.BP_DemoDisplay_Enum' and '/Game/AdvancedMagicFX13/DemoRoomData/Blueprints/BP_DemoDisplay_Enum.BP_DemoDisplay_Enum'
[2019.02.28-16.37.31:257][208]LogEnum: Warning: Enum name collision: 'BP_DemoDisplay_Enum::SquareL' is in both '/Game/ExampleContent/DemoRoom/BluePrint/BP_DemoDisplay_Enum.BP_DemoDisplay_Enum' and '/Game/AdvancedMagicFX13/DemoRoomData/Blueprints/BP_DemoDisplay_Enum.BP_DemoDisplay_Enum'
[2019.02.28-16.37.31:257][208]LogEnum: Warning: Enum name collision: 'BP_DemoDisplay_Enum::RoomL' is in both '/Game/ExampleContent/DemoRoom/BluePrint/BP_DemoDisplay_Enum.BP_DemoDisplay_Enum' and '/Game/AdvancedMagicFX13/DemoRoomData/Blueprints/BP_DemoDisplay_Enum.BP_DemoDisplay_Enum'
[2019.02.28-16.37.31:257][208]LogEnum: Warning: Enum name collision: 'BP_DemoDisplay_Enum::DescriptionOnly' is in both '/Game/ExampleContent/DemoRoom/BluePrint/BP_DemoDisplay_Enum.BP_DemoDisplay_Enum' and '/Game/AdvancedMagicFX13/DemoRoomData/Blueprints/BP_DemoDisplay_Enum.BP_DemoDisplay_Enum'
[2019.02.28-16.37.31:257][208]LogEnum: Warning: Enum name collision: 'BP_DemoDisplay_Enum::NewEnumerator0' is in both '/Game/ExampleContent/DemoRoom/BluePrint/BP_DemoDisplay_Enum.BP_DemoDisplay_Enum' and '/Game/AdvancedMagicFX13/DemoRoomData/Blueprints/BP_DemoDisplay_Enum.BP_DemoDisplay_Enum'
[2019.02.28-16.37.31:272][208]LogEnum: Warning: Enum name collision: 'BP_DemoRoom_Enum::Standard' is in both '/Game/ExampleContent/DemoRoom/BluePrint/BP_DemoRoom_Enum.BP_DemoRoom_Enum' and '/Game/AdvancedMagicFX13/DemoRoomData/Blueprints/BP_DemoRoom_Enum.BP_DemoRoom_Enum'
[2019.02.28-16.37.31:272][208]LogEnum: Warning: Enum name collision: 'BP_DemoRoom_Enum::RoofwithHole' is in both '/Game/ExampleContent/DemoRoom/BluePrint/BP_DemoRoom_Enum.BP_DemoRoom_Enum' and '/Game/AdvancedMagicFX13/DemoRoomData/Blueprints/BP_DemoRoom_Enum.BP_DemoRoom_Enum'
[2019.02.28-16.37.31:272][208]LogEnum: Warning: Enum name collision: 'BP_DemoRoom_Enum::RoofOpen' is in both '/Game/ExampleContent/DemoRoom/BluePrint/BP_DemoRoom_Enum.BP_DemoRoom_Enum' and '/Game/AdvancedMagicFX13/DemoRoomData/Blueprints/BP_DemoRoom_Enum.BP_DemoRoom_Enum'
[2019.02.28-16.37.31:272][208]LogEnum: Warning: Enum name collision: 'BP_DemoRoom_Enum::BP_DemoRoom_MAX' is in both '/Game/ExampleContent/DemoRoom/BluePrint/BP_DemoRoom_Enum.BP_DemoRoom_Enum' and '/Game/AdvancedMagicFX13/DemoRoomData/Blueprints/BP_DemoRoom_Enum.BP_DemoRoom_Enum'
[2019.02.28-16.37.31:272][208]LogEnum: Warning: Enum name collision: 'BP_DemoRoom_Enum::Standard' is in both '/Game/ExampleContent/DemoRoom/BluePrint/BP_DemoRoom_Enum.BP_DemoRoom_Enum' and '/Game/AdvancedMagicFX13/DemoRoomData/Blueprints/BP_DemoRoom_Enum.BP_DemoRoom_Enum'
[2019.02.28-16.37.31:272][208]LogEnum: Warning: Enum name collision: 'BP_DemoRoom_Enum::RoofwithHole' is in both '/Game/ExampleContent/DemoRoom/BluePrint/BP_DemoRoom_Enum.BP_DemoRoom_Enum' and '/Game/AdvancedMagicFX13/DemoRoomData/Blueprints/BP_DemoRoom_Enum.BP_DemoRoom_Enum'
[2019.02.28-16.37.31:272][208]LogEnum: Warning: Enum name collision: 'BP_DemoRoom_Enum::RoofOpen' is in both '/Game/ExampleContent/DemoRoom/BluePrint/BP_DemoRoom_Enum.BP_DemoRoom_Enum' and '/Game/AdvancedMagicFX13/DemoRoomData/Blueprints/BP_DemoRoom_Enum.BP_DemoRoom_Enum'
[2019.02.28-16.37.31:305][208]LogEnum: Warning: Enum name collision: 'BP_DemoDisplay_Enum::ROund' is in both '/Game/RoboBars/DemoRoom/BluePrint/BP_DemoDisplay_Enum.BP_DemoDisplay_Enum' and '/Game/AdvancedMagicFX13/DemoRoomData/Blueprints/BP_DemoDisplay_Enum.BP_DemoDisplay_Enum'
[2019.02.28-16.37.31:306][208]LogEnum: Warning: Enum name collision: 'BP_DemoDisplay_Enum::SquareL' is in both '/Game/RoboBars/DemoRoom/BluePrint/BP_DemoDisplay_Enum.BP_DemoDisplay_Enum' and '/Game/AdvancedMagicFX13/DemoRoomData/Blueprints/BP_DemoDisplay_Enum.BP_DemoDisplay_Enum'
[2019.02.28-16.37.31:306][208]LogEnum: Warning: Enum name collision: 'BP_DemoDisplay_Enum::RoomL' is in both '/Game/RoboBars/DemoRoom/BluePrint/BP_DemoDisplay_Enum.BP_DemoDisplay_Enum' and '/Game/AdvancedMagicFX13/DemoRoomData/Blueprints/BP_DemoDisplay_Enum.BP_DemoDisplay_Enum'
[2019.02.28-16.37.31:306][208]LogEnum: Warning: Enum name collision: 'BP_DemoDisplay_Enum::DescriptionOnly' is in both '/Game/RoboBars/DemoRoom/BluePrint/BP_DemoDisplay_Enum.BP_DemoDisplay_Enum' and '/Game/AdvancedMagicFX13/DemoRoomData/Blueprints/BP_DemoDisplay_Enum.BP_DemoDisplay_Enum'
[2019.02.28-16.37.31:306][208]LogEnum: Warning: Enum name collision: 'BP_DemoDisplay_Enum::NewEnumerator0' is in both '/Game/RoboBars/DemoRoom/BluePrint/BP_DemoDisplay_Enum.BP_DemoDisplay_Enum' and '/Game/AdvancedMagicFX13/DemoRoomData/Blueprints/BP_DemoDisplay_Enum.BP_DemoDisplay_Enum'
[2019.02.28-16.37.31:306][208]LogEnum: Warning: Enum name collision: 'BP_DemoDisplay_Enum::BP_DemoDisplay_MAX' is in both '/Game/RoboBars/DemoRoom/BluePrint/BP_DemoDisplay_Enum.BP_DemoDisplay_Enum' and '/Game/AdvancedMagicFX13/DemoRoomData/Blueprints/BP_DemoDisplay_Enum.BP_DemoDisplay_Enum'
[2019.02.28-16.37.31:306][208]LogEnum: Warning: Enum name collision: 'BP_DemoDisplay_Enum::ROund' is in both '/Game/RoboBars/DemoRoom/BluePrint/BP_DemoDisplay_Enum.BP_DemoDisplay_Enum' and '/Game/AdvancedMagicFX13/DemoRoomData/Blueprints/BP_DemoDisplay_Enum.BP_DemoDisplay_Enum'
[2019.02.28-16.37.31:306][208]LogEnum: Warning: Enum name collision: 'BP_DemoDisplay_Enum::SquareL' is in both '/Game/RoboBars/DemoRoom/BluePrint/BP_DemoDisplay_Enum.BP_DemoDisplay_Enum' and '/Game/AdvancedMagicFX13/DemoRoomData/Blueprints/BP_DemoDisplay_Enum.BP_DemoDisplay_Enum'
[2019.02.28-16.37.31:306][208]LogEnum: Warning: Enum name collision: 'BP_DemoDisplay_Enum::RoomL' is in both '/Game/RoboBars/DemoRoom/BluePrint/BP_DemoDisplay_Enum.BP_DemoDisplay_Enum' and '/Game/AdvancedMagicFX13/DemoRoomData/Blueprints/BP_DemoDisplay_Enum.BP_DemoDisplay_Enum'
[2019.02.28-16.37.31:306][208]LogEnum: Warning: Enum name collision: 'BP_DemoDisplay_Enum::DescriptionOnly' is in both '/Game/RoboBars/DemoRoom/BluePrint/BP_DemoDisplay_Enum.BP_DemoDisplay_Enum' and '/Game/AdvancedMagicFX13/DemoRoomData/Blueprints/BP_DemoDisplay_Enum.BP_DemoDisplay_Enum'
[2019.02.28-16.37.31:306][208]LogEnum: Warning: Enum name collision: 'BP_DemoDisplay_Enum::NewEnumerator0' is in both '/Game/RoboBars/DemoRoom/BluePrint/BP_DemoDisplay_Enum.BP_DemoDisplay_Enum' and '/Game/AdvancedMagicFX13/DemoRoomData/Blueprints/BP_DemoDisplay_Enum.BP_DemoDisplay_Enum'
[2019.02.28-16.37.31:321][208]LogEnum: Warning: Enum name collision: 'BP_DemoRoom_Enum::Standard' is in both '/Game/RoboBars/DemoRoom/BluePrint/BP_DemoRoom_Enum.BP_DemoRoom_Enum' and '/Game/AdvancedMagicFX13/DemoRoomData/Blueprints/BP_DemoRoom_Enum.BP_DemoRoom_Enum'
[2019.02.28-16.37.31:321][208]LogEnum: Warning: Enum name collision: 'BP_DemoRoom_Enum::RoofwithHole' is in both '/Game/RoboBars/DemoRoom/BluePrint/BP_DemoRoom_Enum.BP_DemoRoom_Enum' and '/Game/AdvancedMagicFX13/DemoRoomData/Blueprints/BP_DemoRoom_Enum.BP_DemoRoom_Enum'
[2019.02.28-16.37.31:321][208]LogEnum: Warning: Enum name collision: 'BP_DemoRoom_Enum::RoofOpen' is in both '/Game/RoboBars/DemoRoom/BluePrint/BP_DemoRoom_Enum.BP_DemoRoom_Enum' and '/Game/AdvancedMagicFX13/DemoRoomData/Blueprints/BP_DemoRoom_Enum.BP_DemoRoom_Enum'
[2019.02.28-16.37.31:321][208]LogEnum: Warning: Enum name collision: 'BP_DemoRoom_Enum::BP_DemoRoom_MAX' is in both '/Game/RoboBars/DemoRoom/BluePrint/BP_DemoRoom_Enum.BP_DemoRoom_Enum' and '/Game/AdvancedMagicFX13/DemoRoomData/Blueprints/BP_DemoRoom_Enum.BP_DemoRoom_Enum'
[2019.02.28-16.37.31:321][208]LogEnum: Warning: Enum name collision: 'BP_DemoRoom_Enum::Standard' is in both '/Game/RoboBars/DemoRoom/BluePrint/BP_DemoRoom_Enum.BP_DemoRoom_Enum' and '/Game/AdvancedMagicFX13/DemoRoomData/Blueprints/BP_DemoRoom_Enum.BP_DemoRoom_Enum'
[2019.02.28-16.37.31:321][208]LogEnum: Warning: Enum name collision: 'BP_DemoRoom_Enum::RoofwithHole' is in both '/Game/RoboBars/DemoRoom/BluePrint/BP_DemoRoom_Enum.BP_DemoRoom_Enum' and '/Game/AdvancedMagicFX13/DemoRoomData/Blueprints/BP_DemoRoom_Enum.BP_DemoRoom_Enum'
[2019.02.28-16.37.31:321][208]LogEnum: Warning: Enum name collision: 'BP_DemoRoom_Enum::RoofOpen' is in both '/Game/RoboBars/DemoRoom/BluePrint/BP_DemoRoom_Enum.BP_DemoRoom_Enum' and '/Game/AdvancedMagicFX13/DemoRoomData/Blueprints/BP_DemoRoom_Enum.BP_DemoRoom_Enum'
[2019.02.28-16.37.31:522][208]LogContentBrowser: Native class hierarchy updated for 'BlueprintGraph' in 0.0007 seconds. Added 116 classes and 0 folders.
[2019.02.28-16.37.34:283][208]LogSlate: Took 0.012657 seconds to synchronously load lazily loaded font '../../../Engine/Content/Slate/Fonts/Roboto-BoldCondensed.ttf' (158K)
[2019.02.28-16.37.36:414][288]LogShaderCompilers: Display: Shaders left to compile 411
[2019.02.28-16.37.40:423][497]LogRenderer: Reallocating scene render targets to support 1208x712 Format 10 NumSamples 1 (Frame:1).
[2019.02.28-16.37.43:922][712]LogShaderCompilers: Display: Shaders left to compile 401
[2019.02.28-16.37.45:995][774]LogShaderCompilers: Display: Shaders left to compile 391
[2019.02.28-16.37.57:695][176]LogShaderCompilers: Display: Shaders left to compile 381
[2019.02.28-16.38.17:315][326]LogShaderCompilers: Display: Shaders left to compile 371
[2019.02.28-16.38.21:504][478]LogShaderCompilers: Display: Shaders left to compile 361
[2019.02.28-16.38.24:494][641]LogShaderCompilers: Display: Shaders left to compile 351
[2019.02.28-16.38.46:575][400]LogShaderCompilers: Display: Shaders left to compile 341
[2019.02.28-16.38.50:319][433]LogShaderCompilers: Display: Shaders left to compile 331
[2019.02.28-16.38.50:791][442]LogShaderCompilers: Display: Shaders left to compile 321
[2019.02.28-16.39.09:391][649]LogShaderCompilers: Display: Shaders left to compile 311
[2019.02.28-16.39.09:582][653]LogShaderCompilers: Display: Shaders left to compile 301
[2019.02.28-16.39.11:767][690]LogShaderCompilers: Display: Shaders left to compile 291
[2019.02.28-16.39.22:106][847]LogShaderCompilers: Display: Shaders left to compile 281
[2019.02.28-16.39.28:053][925]LogShaderCompilers: Display: Shaders left to compile 271
[2019.02.28-16.39.29:626][946]LogShaderCompilers: Display: Shaders left to compile 261
[2019.02.28-16.39.42:823][ 81]LogShaderCompilers: Display: Shaders left to compile 251
[2019.02.28-16.39.43:417][ 95]LogShaderCompilers: Display: Shaders left to compile 241
[2019.02.28-16.39.46:545][117]LogShaderCompilers: Display: Shaders left to compile 231
