Log file open, 03/01/19 18:14:37
LogWindows: Failed to load 'aqProf.dll' (GetLastError=126)
LogWindows: File 'aqProf.dll' does not exist
LogWindows: Failed to load 'VSPerf140.dll' (GetLastError=126)
LogWindows: File 'VSPerf140.dll' does not exist
LogWindows: Failed to load 'VtuneApi.dll' (GetLastError=126)
LogWindows: File 'VtuneApi.dll' does not exist
LogWindows: Failed to load 'VtuneApi32e.dll' (GetLastError=126)
LogWindows: File 'VtuneApi32e.dll' does not exist
LogInit: Display: Running engine for game: WoldAssault
LogPlatformFile: Not using cached read wrapper
LogTaskGraph: Started task graph with 5 named threads and 14 total threads with 3 sets of task threads.
LogStats: Stats thread started at 0.220389
LogD3D11RHI: Loaded GFSDK_Aftermath_Lib.x64.dll
LogICUInternationalization: Display: ICU TimeZone Detection - Raw Offset: +1:00, Platform Override: ''
LogPluginManager: Mounting plugin Paper2D
LogPluginManager: Mounting plugin AISupport
LogPluginManager: Mounting plugin LightPropagationVolume
LogPluginManager: Mounting plugin CLionSourceCodeAccess
LogPluginManager: Mounting plugin CodeLiteSourceCodeAccess
LogPluginManager: Mounting plugin GitSourceControl
LogPluginManager: Mounting plugin KDevelopSourceCodeAccess
LogPluginManager: Mounting plugin NullSourceCodeAccess
LogPluginManager: Mounting plugin PerforceSourceControl
LogPluginManager: Mounting plugin SubversionSourceControl
LogPluginManager: Mounting plugin UObjectPlugin
LogPluginManager: Mounting plugin VisualStudioCodeSourceCodeAccess
LogPluginManager: Mounting plugin VisualStudioSourceCodeAccess
LogPluginManager: Mounting plugin XCodeSourceCodeAccess
LogPluginManager: Mounting plugin AssetManagerEditor
LogPluginManager: Mounting plugin CryptoKeys
LogPluginManager: Mounting plugin DataValidation
LogPluginManager: Mounting plugin FacialAnimation
LogPluginManager: Mounting plugin GameplayTagsEditor
LogPluginManager: Mounting plugin MacGraphicsSwitching
LogPluginManager: Mounting plugin MeshEditor
LogPluginManager: Mounting plugin MobileLauncherProfileWizard
LogPluginManager: Mounting plugin PluginBrowser
LogPluginManager: Mounting plugin SpeedTreeImporter
LogPluginManager: Mounting plugin DatasmithContent
LogPluginManager: Mounting plugin AlembicImporter
LogPluginManager: Mounting plugin AppleImageUtils
LogPluginManager: Mounting plugin AppleVision
LogPluginManager: Mounting plugin BackChannel
LogPluginManager: Mounting plugin CharacterAI
LogPluginManager: Mounting plugin GeometryCache
LogPluginManager: Mounting plugin HTML5Networking
LogPluginManager: Mounting plugin ProxyLODPlugin
LogPluginManager: Mounting plugin MagicLeap
LogPluginManager: Mounting plugin MagicLeapEmulator
LogPluginManager: Mounting plugin MagicLeapMedia
LogPluginManager: Mounting plugin AndroidMedia
LogPluginManager: Mounting plugin AvfMedia
LogPluginManager: Mounting plugin ImgMedia
LogPluginManager: Mounting plugin LinearTimecode
LogPluginManager: Mounting plugin MediaCompositing
LogPluginManager: Mounting plugin MediaPlayerEditor
LogPluginManager: Mounting plugin WmfMedia
LogPluginManager: Mounting plugin TcpMessaging
LogPluginManager: Mounting plugin UdpMessaging
LogPluginManager: Mounting plugin ActorSequence
LogPluginManager: Mounting plugin LevelSequenceEditor
LogPluginManager: Mounting plugin MatineeToLevelSequence
LogPluginManager: Mounting plugin NetcodeUnitTest
LogPluginManager: Mounting plugin NUTUnrealEngine4
LogPluginManager: Mounting plugin OnlineSubsystemGooglePlay
LogPluginManager: Mounting plugin OnlineSubsystemIOS
LogPluginManager: Mounting plugin OnlineSubsystem
LogPluginManager: Mounting plugin OnlineSubsystemNull
LogPluginManager: Mounting plugin OnlineSubsystemUtils
LogPluginManager: Mounting plugin LauncherChunkInstaller
LogPluginManager: Mounting plugin AndroidDeviceProfileSelector
LogPluginManager: Mounting plugin AndroidMoviePlayer
LogPluginManager: Mounting plugin AndroidPermission
LogPluginManager: Mounting plugin AppleMoviePlayer
LogPluginManager: Mounting plugin ArchVisCharacter
LogPluginManager: Mounting plugin AudioCapture
LogPluginManager: Mounting plugin CableComponent
LogPluginManager: Mounting plugin CustomMeshComponent
LogPluginManager: Mounting plugin EditableMesh
LogPluginManager: Mounting plugin ExampleDeviceProfileSelector
LogPluginManager: Mounting plugin GoogleCloudMessaging
LogPluginManager: Mounting plugin ImmediatePhysics
LogPluginManager: Mounting plugin IOSDeviceProfileSelector
LogPluginManager: Mounting plugin LinuxDeviceProfileSelector
LogPluginManager: Mounting plugin LocationServicesBPLibrary
LogPluginManager: Mounting plugin MobilePatchingUtils
LogPluginManager: Mounting plugin OculusVR
LogPluginManager: Plugin shader directory ../../../Engine/Plugins/Runtime/Oculus/OculusVR/Shaders found
LogPluginManager: Mapping shader source directory ../../../Engine/Plugins/Runtime/Oculus/OculusVR/Shaders to virtual directory /Plugin/OculusVR
LogPluginManager: Mounting plugin PhysXVehicles
LogPluginManager: Mounting plugin ProceduralMeshComponent
LogPluginManager: Mounting plugin RuntimePhysXCooking
LogPluginManager: Mounting plugin SteamVR
LogPluginManager: Mounting plugin WindowsMoviePlayer
LogStreaming: Display: Took  0.086s to configure plugins.
LogInit: Using libcurl 7.55.1-DEV
LogInit:  - built for x86_64-pc-win32
LogInit:  - supports SSL with OpenSSL/1.0.2h
LogInit:  - supports HTTP deflate (compression) using libz 1.2.8
LogInit:  - other features:
LogInit:      CURL_VERSION_SSL
LogInit:      CURL_VERSION_LIBZ
LogInit:      CURL_VERSION_IPV6
LogInit:      CURL_VERSION_ASYNCHDNS
LogInit:      CURL_VERSION_LARGEFILE
LogInit:      CURL_VERSION_IDN
LogInit:  CurlRequestOptions (configurable via config and command line):
LogInit:  - bVerifyPeer = false  - Libcurl will NOT verify peer certificate
LogInit:  - bUseHttpProxy = false  - Libcurl will NOT use HTTP proxy
LogInit:  - bDontReuseConnections = false  - Libcurl will reuse connections
LogInit:  - CertBundlePath = nullptr  - Libcurl will use whatever was configured at build time.
LogInit:  - MaxHostConnections = 16  - Libcurl will limit the number of connections to a host
LogInit:  - LocalHostAddr = Default
LogInit:  - BufferSize = 65536
LogInit: WinSock: version 1.1 (2.2), MaxSocks=32767, MaxUdp=65467
LogInit: Build: ++UE4+Release-4.20-CL-4369336
LogInit: Engine Version: 4.20.3-4369336+++UE4+Release-4.20
LogInit: Compatible Engine Version: 4.20.0-4212847+++UE4+Release-4.20
LogInit: Net CL: 4212847
LogInit: OS: Windows 10 (), CPU: Intel(R) Core(TM) i5-7300HQ CPU @ 2.50GHz, GPU: Intel(R) HD Graphics 630
LogInit: Compiled (64-bit): Sep 17 2018 12:26:19
LogInit: Compiled with Visual C++: 19.13.26129.00
LogInit: Build Configuration: Development
LogInit: Branch Name: ++UE4+Release-4.20
LogInit: Command Line:  
LogInit: Base Directory: D:/Epic/Epic Games/UE_4.20/Engine/Binaries/Win64/
LogInit: Installed Engine Build: 1
LogDevObjectVersion: Number of dev versions registered: 20
LogDevObjectVersion:   Dev-Blueprints (B0D832E4-1F89-4F0D-ACCF-7EB736FD4AA2): 10
LogDevObjectVersion:   Dev-Build (E1C64328-A22C-4D53-A36C-8E866417BD8C): 0
LogDevObjectVersion:   Dev-Core (375EC13C-06E4-48FB-B500-84F0262A717E): 2
LogDevObjectVersion:   Dev-Editor (E4B068ED-F494-42E9-A231-DA0B2E46BB41): 24
LogDevObjectVersion:   Dev-Framework (CFFC743F-43B0-4480-9391-14DF171D2073): 34
LogDevObjectVersion:   Dev-Mobile (B02B49B5-BB20-44E9-A304-32B752E40360): 2
LogDevObjectVersion:   Dev-Networking (A4E4105C-59A1-49B5-A7C5-40C4547EDFEE): 0
LogDevObjectVersion:   Dev-Online (39C831C9-5AE6-47DC-9A44-9C173E1C8E7C): 0
LogDevObjectVersion:   Dev-Physics (78F01B33-EBEA-4F98-B9B4-84EACCB95AA2): 0
LogDevObjectVersion:   Dev-Platform (6631380F-2D4D-43E0-8009-CF276956A95A): 0
LogDevObjectVersion:   Dev-Rendering (12F88B9F-8875-4AFC-A67C-D90C383ABD29): 26
LogDevObjectVersion:   Dev-Sequencer (7B5AE74C-D270-4C10-A958-57980B212A5A): 9
LogDevObjectVersion:   Dev-VR (D7296918-1DD6-4BDD-9DE2-64A83CC13884): 2
LogDevObjectVersion:   Dev-LoadTimes (C2A15278-BFE7-4AFE-6C17-90FF531DF755): 1
LogDevObjectVersion:   Private-Geometry (6EACA3D4-40EC-4CC1-B786-8BED09428FC5): 3
LogDevObjectVersion:   Dev-AnimPhys (29E575DD-E0A3-4627-9D10-D276232CDCEA): 17
LogDevObjectVersion:   Dev-ReflectionCapture (6B266CEC-1EC7-4B8F-A30B-E4D90942FC07): 1
LogDevObjectVersion:   Dev-Automation (0DF73D61-A23F-47EA-B727-89E90C41499A): 1
LogDevObjectVersion:   FortniteMain (601D1886-AC64-4F84-AA16-D3DE0DEAC7D6): 12
LogDevObjectVersion:   Dev-Enterprise (9DFFBCD6-494F-0158-E221-12823C92A888): 1
LogStreaming: Display: Took  0.034s to delete old logs.
LogInit: Presizing for max 8388607 objects, including 0 objects not considered by GC, pre-allocating 0 bytes for permanent pool.
LogInit: Object subsystem initialized
[2019.03.01-17.14.37:639][  0]LogInit: Selected Device Profile: [Windows]
[2019.03.01-17.14.37:639][  0]LogInit: Applying CVar settings loaded from the selected device profile: [Windows]
[2019.03.01-17.14.37:653][  0]LogHAL: Display: Platform has ~ 8 GB [8469581824 / 8589934592 / 8], which maps to Default [LargestMinGB=32, LargerMinGB=12, DefaultMinGB=8, SmallerMinGB=6, SmallestMinGB=0)
[2019.03.01-17.14.37:653][  0]LogInit: Setting Device Profile CVar: [[r.Vulkan.UseRealUBs:1]]
[2019.03.01-17.14.37:653][  0]LogInit: Going up to parent DeviceProfile []
[2019.03.01-17.14.37:653][  0]LogInit: Computer: LAPTOP-MQ8DKORB
[2019.03.01-17.14.37:653][  0]LogInit: User: OmegaEternal
[2019.03.01-17.14.37:653][  0]LogInit: CPU Page size=4096, Cores=4
[2019.03.01-17.14.37:653][  0]LogInit: High frequency timer resolution =2.437503 MHz
[2019.03.01-17.14.37:654][  0]LogMemory: Memory total: Physical=7.9GB (8GB approx)
[2019.03.01-17.14.37:654][  0]LogMemory: Platform Memory Stats for Windows
[2019.03.01-17.14.37:654][  0]LogMemory: Process Physical Memory: 99.91 MB used, 99.91 MB peak
[2019.03.01-17.14.37:654][  0]LogMemory: Process Virtual Memory: 91.30 MB used, 91.30 MB peak
[2019.03.01-17.14.37:654][  0]LogMemory: Physical Memory: 4524.93 MB used,  3552.29 MB free, 8077.22 MB total
[2019.03.01-17.14.37:654][  0]LogMemory: Virtual Memory: 4627.06 MB used,  3552.29 MB free, 134217728.00 MB total
[2019.03.01-17.14.37:677][  0]LogInit: Using OS detected language (fr-FR).
[2019.03.01-17.14.37:677][  0]LogInit: Using OS detected locale (fr-FR).
[2019.03.01-17.14.37:677][  0]LogTextLocalizationManager: No specific localization for 'fr-FR' exists, so the 'fr' localization will be used.
[2019.03.01-17.14.37:680][  0]LogStreaming: Display: Took  0.003s to InitEngineTextLocalization.
[2019.03.01-17.14.37:680][  0]LogInit: Setting process to per monitor DPI aware
[2019.03.01-17.14.37:706][  0]LogSlate: New Slate User Created.  User Index 0, Is Virtual User: 0
[2019.03.01-17.14.37:706][  0]LogSlate: Slate User Registered.  User Index 0, Is Virtual User: 0
[2019.03.01-17.14.37:932][  0]LogHMD: Failed to initialize OpenVR with code 110
[2019.03.01-17.14.37:932][  0]LogD3D11RHI: D3D11 adapters:
[2019.03.01-17.14.38:045][  0]LogD3D11RHI:    0. 'NVIDIA GeForce GTX 1050' (Feature Level 11_0)
[2019.03.01-17.14.38:045][  0]LogD3D11RHI:       1977/0/4038 MB DedicatedVideo/DedicatedSystem/SharedSystem, Outputs:1, VendorId:0x10de
[2019.03.01-17.14.38:056][  0]LogD3D11RHI:    1. 'Intel(R) HD Graphics 630' (Feature Level 11_0)
[2019.03.01-17.14.38:056][  0]LogD3D11RHI:       128/0/4038 MB DedicatedVideo/DedicatedSystem/SharedSystem, Outputs:0, VendorId:0x8086
[2019.03.01-17.14.38:059][  0]LogD3D11RHI:    2. 'Microsoft Basic Render Driver' (Feature Level 11_0)
[2019.03.01-17.14.38:059][  0]LogD3D11RHI:       0/0/4038 MB DedicatedVideo/DedicatedSystem/SharedSystem, Outputs:0, VendorId:0x1414
[2019.03.01-17.14.38:059][  0]LogD3D11RHI: Chosen D3D11 Adapter: 0
[2019.03.01-17.14.38:095][  0]LogD3D11RHI: Creating new Direct3DDevice
[2019.03.01-17.14.38:095][  0]LogD3D11RHI:     GPU DeviceId: 0x1c8d (for the marketing name, search the web for "GPU Device Id")
[2019.03.01-17.14.38:095][  0]LogWindows: EnumDisplayDevices:
[2019.03.01-17.14.38:096][  0]LogWindows:    0. 'Intel(R) HD Graphics 630' (P:1 D:1)
[2019.03.01-17.14.38:096][  0]LogWindows:    1. 'Intel(R) HD Graphics 630' (P:0 D:0)
[2019.03.01-17.14.38:096][  0]LogWindows:    2. 'Intel(R) HD Graphics 630' (P:0 D:0)
[2019.03.01-17.14.38:096][  0]LogWindows:    3. 'NVIDIA GeForce GTX 1050' (P:0 D:0)
[2019.03.01-17.14.38:097][  0]LogWindows: DebugString: PrimaryIsNotTheChoosenAdapter PrimaryIsNotTheChoosenAdapter PrimaryIsNotTheChoosenAdapter 
[2019.03.01-17.14.38:097][  0]LogD3D11RHI:     Adapter Name: NVIDIA GeForce GTX 1050
[2019.03.01-17.14.38:097][  0]LogD3D11RHI:   Driver Version: 419.17 (internal:25.21.14.1917, unified:419.17)
[2019.03.01-17.14.38:097][  0]LogD3D11RHI:      Driver Date: 2-20-2019
[2019.03.01-17.14.38:097][  0]LogRHI: Texture pool is 1384 MB (70% of 1977 MB)
[2019.03.01-17.14.38:140][  0]LogD3D11RHI: Async texture creation enabled
[2019.03.01-17.14.38:163][  0]LogD3D11RHI: GPU Timing Frequency: 1000.000000 (Debug: 2 1)
[2019.03.01-17.14.38:164][  0]LogShaderCompilers: Guid format shader working directory is -1 characters bigger than the processId version (../../../../../../Documents/Unreal Projects/WoldAssault/Intermediate/Shaders/WorkingDirectory/6344/).
[2019.03.01-17.14.38:164][  0]LogShaderCompilers: Cleaned the shader compiler working directory 'C:/Users/Omega Eternal/AppData/Local/Temp/UnrealShaderWorkingDir/8AC7DE4F47270655EE4537A6B288E345/'.
[2019.03.01-17.14.38:804][  0]LogTemp: Display: Loaded TP AllDesktopTargetPlatform
[2019.03.01-17.14.38:818][  0]LogTemp: Display: Loaded TP MacClientTargetPlatform
[2019.03.01-17.14.38:831][  0]LogTemp: Display: Loaded TP MacNoEditorTargetPlatform
[2019.03.01-17.14.38:846][  0]LogTemp: Display: Loaded TP MacServerTargetPlatform
[2019.03.01-17.14.38:860][  0]LogTemp: Display: Loaded TP MacTargetPlatform
[2019.03.01-17.14.38:875][  0]LogTemp: Display: Loaded TP WindowsClientTargetPlatform
[2019.03.01-17.14.38:889][  0]LogTemp: Display: Loaded TP WindowsNoEditorTargetPlatform
[2019.03.01-17.14.38:904][  0]LogTemp: Display: Loaded TP WindowsServerTargetPlatform
[2019.03.01-17.14.38:911][  0]LogTemp: Display: Loaded TP WindowsTargetPlatform
[2019.03.01-17.14.39:003][  0]LogTemp: Display: Loaded TP AndroidTargetPlatform
[2019.03.01-17.14.39:003][  0]LogTemp: Display: Loaded TP AndroidTargetPlatform
[2019.03.01-17.14.39:003][  0]LogTemp: Display: Loaded TP AndroidTargetPlatform
[2019.03.01-17.14.39:003][  0]LogTemp: Display: Loaded TP AndroidTargetPlatform
[2019.03.01-17.14.39:003][  0]LogTemp: Display: Loaded TP AndroidTargetPlatform
[2019.03.01-17.14.39:003][  0]LogTemp: Display: Loaded TP AndroidTargetPlatform
[2019.03.01-17.14.39:003][  0]LogTemp: Display: Loaded TP AndroidTargetPlatform
[2019.03.01-17.14.39:003][  0]LogTemp: Display: Loaded TP AndroidTargetPlatform
[2019.03.01-17.14.39:003][  0]LogTemp: Display: Loaded TP AndroidTargetPlatform
[2019.03.01-17.14.39:003][  0]LogTemp: Display: Loaded TP AndroidTargetPlatform
[2019.03.01-17.14.39:003][  0]LogTemp: Display: Loaded TP AndroidTargetPlatform
[2019.03.01-17.14.39:003][  0]LogTemp: Display: Loaded TP AndroidTargetPlatform
[2019.03.01-17.14.39:003][  0]LogTemp: Display: Loaded TP AndroidTargetPlatform
[2019.03.01-17.14.39:003][  0]LogTemp: Display: Loaded TP AndroidTargetPlatform
[2019.03.01-17.14.39:003][  0]LogTemp: Display: Loaded TP AndroidTargetPlatform
[2019.03.01-17.14.39:003][  0]LogTemp: Display: Loaded TP AndroidTargetPlatform
[2019.03.01-17.14.39:003][  0]LogTemp: Display: Loaded TP AndroidTargetPlatform
[2019.03.01-17.14.39:003][  0]LogTemp: Display: Loaded TP AndroidTargetPlatform
[2019.03.01-17.14.39:005][  0]LogTemp: Display: Loaded TP HTML5TargetPlatform
[2019.03.01-17.14.39:070][  0]LogTemp: Display: Loaded TP IOSTargetPlatform
[2019.03.01-17.14.39:070][  0]LogTemp: Display: Loaded TP IOSTargetPlatform
[2019.03.01-17.14.39:099][  0]LogTemp: Display: Loaded TP TVOSTargetPlatform
[2019.03.01-17.14.39:099][  0]LogTemp: Display: Loaded TP TVOSTargetPlatform
[2019.03.01-17.14.39:113][  0]LogTemp: Display: Loaded TP LinuxClientTargetPlatform
[2019.03.01-17.14.39:127][  0]LogTemp: Display: Loaded TP LinuxNoEditorTargetPlatform
[2019.03.01-17.14.39:140][  0]LogTemp: Display: Loaded TP LinuxServerTargetPlatform
[2019.03.01-17.14.39:154][  0]LogTemp: Display: Loaded TP LinuxTargetPlatform
[2019.03.01-17.14.39:164][  0]LogTemp: Display: Loaded TP LuminTargetPlatform
[2019.03.01-17.14.39:164][  0]LogTargetPlatformManager: Display: Building Assets For Windows
[2019.03.01-17.14.39:215][  0]LogXGEController: Cleaning working directory: C:/Users/Omega Eternal/AppData/Local/Temp/UnrealXGEWorkingDir/
[2019.03.01-17.14.39:215][  0]LogXGEController: Cannot use XGE Controller as Incredibuild is not installed on this machine.
[2019.03.01-17.14.39:215][  0]LogShaderCompilers: Cannot use XGE Shader Compiler as Incredibuild is not installed on this machine.
[2019.03.01-17.14.39:215][  0]LogShaderCompilers: Display: Using Local Shader Compiler.
[2019.03.01-17.14.40:044][  0]LogDerivedDataCache: Display: Max Cache Size: 512 MB
[2019.03.01-17.14.40:122][  0]LogDerivedDataCache: Loaded boot cache 0.08s 71MB C:/Users/Omega Eternal/AppData/Local/UnrealEngine/4.20/DerivedDataCache/Boot.ddc.
[2019.03.01-17.14.40:122][  0]LogDerivedDataCache: Display: Loaded Boot cache: C:/Users/Omega Eternal/AppData/Local/UnrealEngine/4.20/DerivedDataCache/Boot.ddc
[2019.03.01-17.14.40:122][  0]LogDerivedDataCache: FDerivedDataBackendGraph:  Pak pak cache file ../../../../../../Documents/Unreal Projects/WoldAssault/DerivedDataCache/DDC.ddp not found, will not use a pak cache.
[2019.03.01-17.14.40:122][  0]LogDerivedDataCache: Unable to find inner node Pak for hierarchical cache Hierarchy.
[2019.03.01-17.14.40:122][  0]LogDerivedDataCache: FDerivedDataBackendGraph:  CompressedPak pak cache file ../../../../../../Documents/Unreal Projects/WoldAssault/DerivedDataCache/Compressed.ddp not found, will not use a pak cache.
[2019.03.01-17.14.40:122][  0]LogDerivedDataCache: Unable to find inner node CompressedPak for hierarchical cache Hierarchy.
[2019.03.01-17.14.40:142][  0]LogDerivedDataCache: Display: Pak cache opened for reading ../../../Engine/DerivedDataCache/Compressed.ddp.
[2019.03.01-17.14.40:155][  0]LogDerivedDataCache: Using Local data cache path C:/Users/Omega Eternal/AppData/Local/UnrealEngine/Common/DerivedDataCache: Writable
[2019.03.01-17.14.40:155][  0]LogDerivedDataCache: Shared data cache path not found in *engine.ini, will not use an Shared cache.
[2019.03.01-17.14.40:155][  0]LogDerivedDataCache: Unable to find inner node Shared for hierarchical cache Hierarchy.
[2019.03.01-17.14.40:182][  0]LogMaterial: Verifying Global Shaders for PCD3D_SM5
[2019.03.01-17.14.40:183][  0]LogSlate: Using FreeType 2.6.0
[2019.03.01-17.14.40:184][  0]LogSlate: SlateFontServices - WITH_FREETYPE: 1, WITH_HARFBUZZ: 1
[2019.03.01-17.14.40:264][  0]LogAssetRegistry: FAssetRegistry took 0.0267 seconds to start up
[2019.03.01-17.14.40:613][  0]LogInit: Selected Device Profile: [Windows]
[2019.03.01-17.14.40:665][  0]LogSimplygon: Simplygon DLL not present - disabling.
[2019.03.01-17.14.40:668][  0]LogMeshReduction: Using SimplygonSwarm for distributed automatic mesh merging
[2019.03.01-17.14.40:668][  0]LogMeshReduction: Using ProxyLODMeshReduction for automatic mesh merging
[2019.03.01-17.14.40:668][  0]LogMeshReduction: Using QuadricMeshReduction for automatic static mesh reduction
[2019.03.01-17.14.40:668][  0]LogMeshReduction: No automatic skeletal mesh reduction module available
[2019.03.01-17.14.40:779][  0]LogNetVersion: WoldAssault 1.0.0, NetCL: 4212847, EngineNetVer: 5, GameNetVer: 0 (Checksum: 3604439811)
[2019.03.01-17.14.41:338][  0]LogPackageLocalizationCache: Processed 11 localized package path(s) for 2 prioritized culture(s) in 0.106741 seconds
[2019.03.01-17.14.41:347][  0]LogUObjectArray: 38425 objects as part of root set at end of initial load.
[2019.03.01-17.14.41:347][  0]LogUObjectAllocator: 6690864 out of 0 bytes used by permanent object pool.
[2019.03.01-17.14.41:347][  0]LogUObjectArray: CloseDisregardForGC: 0/0 objects in disregard for GC pool
[2019.03.01-17.14.42:279][  0]LogTcpMessaging: Initializing TcpMessaging bridge
[2019.03.01-17.14.42:293][  0]LogUdpMessaging: Initializing bridge on interface 0.0.0.0:0 to multicast group 230.0.0.1:6666.
[2019.03.01-17.14.42:444][  0]SourceControl: Source control is disabled
[2019.03.01-17.14.44:928][  0]LogAndroidPermission: UAndroidPermissionCallbackProxy::GetInstance
[2019.03.01-17.14.44:978][  0]LogOcInput: OculusInput pre-init called
[2019.03.01-17.14.45:038][  0]LogEngine: Initializing Engine...
[2019.03.01-17.14.45:040][  0]LogHMD: Failed to initialize OpenVR with code 110
[2019.03.01-17.14.45:041][  0]LogStats: UGameplayTagsManager::ConstructGameplayTagTree: ImportINI prefixes -  0.000 s
[2019.03.01-17.14.45:041][  0]LogStats: UGameplayTagsManager::ConstructGameplayTagTree: Construct from data asset -  0.000 s
[2019.03.01-17.14.45:042][  0]LogStats: UGameplayTagsManager::ConstructGameplayTagTree: ImportINI -  0.000 s
[2019.03.01-17.14.45:042][  0]LogStats: UGameplayTagsManager::ConstructGameplayTagTree: GameplayTagTreeChangedEvent.Broadcast -  0.000 s
[2019.03.01-17.14.45:286][  0]LogInit: Initializing FReadOnlyCVARCache
[2019.03.01-17.14.45:299][  0]LogAIModule: Creating AISystem for world Untitled
[2019.03.01-17.14.45:318][  0]LogInit: XAudio2 using 'Haut-parleur/Ecouteurs (Realtek High Definition Audio)' : 2 channels at 48 kHz using 32 bits per sample (channel mask 0x3)
[2019.03.01-17.14.45:337][  0]LogInit: FAudioDevice initialized.
[2019.03.01-17.14.45:337][  0]LogNetVersion: Set ProjectVersion to 1.0.0.0. Version Checksum will be recalculated on next use.
[2019.03.01-17.14.45:457][  0]LogDerivedDataCache: Saved boot cache 0.12s 71MB C:/Users/Omega Eternal/AppData/Local/UnrealEngine/4.20/DerivedDataCache/Boot.ddc.
[2019.03.01-17.14.45:469][  0]LogInit: Texture streaming: Enabled
[2019.03.01-17.14.45:487][  0]LogEngineSessionManager: EngineSessionManager initialized
[2019.03.01-17.14.45:500][  0]LogInit: Transaction tracking system initialized
[2019.03.01-17.14.45:519][  0]BlueprintLog: New page: Editor Load
[2019.03.01-17.14.45:584][  0]LocalizationService: Localization service is disabled
[2019.03.01-17.14.45:857][  0]LogCook: Display: Max memory allowance for cook 16384mb min free memory 0mb
[2019.03.01-17.14.45:857][  0]LogCook: Display: Mobile HDR setting 1
[2019.03.01-17.14.45:857][  0]LogGameplayTags: Display: UGameplayTagsManager::DoneAddingNativeTags. DelegateIsBound: 0
[2019.03.01-17.14.45:857][  0]LogStats: UGameplayTagsManager::ConstructGameplayTagTree: ImportINI prefixes -  0.000 s
[2019.03.01-17.14.45:857][  0]LogStats: UGameplayTagsManager::ConstructGameplayTagTree: Construct from data asset -  0.000 s
[2019.03.01-17.14.45:857][  0]LogStats: UGameplayTagsManager::ConstructGameplayTagTree: ImportINI -  0.000 s
[2019.03.01-17.14.45:857][  0]LogStats: UGameplayTagsManager::ConstructGameplayTagTree: GameplayTagTreeChangedEvent.Broadcast -  0.000 s
[2019.03.01-17.14.45:905][  0]LogFileCache: Scanning file cache for directory 'D:/Documents/Unreal Projects/WoldAssault/Content/' took 0.02s
[2019.03.01-17.14.45:974][  0]Cmd: MAP LOAD FILE="../../../Engine/Content/Maps/Templates/Template_Default.umap" TEMPLATE=1 SHOWPROGRESS=1 FEATURELEVEL=3
[2019.03.01-17.14.45:974][  0]LightingResults: New page: Lighting Build
[2019.03.01-17.14.45:976][  0]MapCheck: New page: Map Check
[2019.03.01-17.14.45:976][  0]LightingResults: New page: Lighting Build
[2019.03.01-17.14.46:091][  0]LogLinker: Warning: Can't find file '/Game/StarterContent/Blueprints/Assets/SunlightColorLUT'
[2019.03.01-17.14.46:091][  0]LogLinker: Warning: Can't find file for asset '/Game/StarterContent/Blueprints/Assets/SunlightColorLUT' while loading ../../../Engine/Content/EngineSky/BP_Sky_Sphere.uasset.
[2019.03.01-17.14.46:091][  0]LoadErrors: Error: /Engine/EngineSky/BP_Sky_Sphere : Can't find file for asset. /Game/StarterContent/Blueprints/Assets/SunlightColorLUT
[2019.03.01-17.14.46:102][  0]LogLinker: Warning: Can't find file '/Game/StarterContent/Blueprints/Assets/SunlightColorLUT'
[2019.03.01-17.14.46:103][  0]LogLinker: Warning: Can't find file for asset '/Game/StarterContent/Blueprints/Assets/SunlightColorLUT' while loading ../../../Engine/Content/EngineSky/BP_Sky_Sphere.uasset.
[2019.03.01-17.14.46:103][  0]LoadErrors: Error: /Engine/EngineSky/BP_Sky_Sphere : Can't find file for asset. /Game/StarterContent/Blueprints/Assets/SunlightColorLUT
[2019.03.01-17.14.46:106][  0]LogLinker: Warning: Can't find file '/Game/StarterContent/Blueprints/Assets/SunlightColorLUT'
[2019.03.01-17.14.46:106][  0]LogLinker: Warning: Can't find file for asset '/Game/StarterContent/Blueprints/Assets/SunlightColorLUT' while loading ../../../Engine/Content/Maps/Templates/Template_Default.umap.
[2019.03.01-17.14.46:106][  0]LoadErrors: Error: /Engine/Maps/Templates/Template_Default : Can't find file for asset. /Game/StarterContent/Blueprints/Assets/SunlightColorLUT
[2019.03.01-17.14.46:106][  0]LogLinker: Warning: Can't find file '/Game/StarterContent/Blueprints/Assets/SunlightColorLUT'
[2019.03.01-17.14.46:106][  0]LogLinker: Warning: Can't find file for asset '/Game/StarterContent/Blueprints/Assets/SunlightColorLUT' while loading ../../../Engine/Content/Maps/Templates/Template_Default.umap.
[2019.03.01-17.14.46:106][  0]LoadErrors: Error: /Engine/Maps/Templates/Template_Default : Can't find file for asset. /Game/StarterContent/Blueprints/Assets/SunlightColorLUT
[2019.03.01-17.14.46:106][  0]LogLinker: Warning: Can't find file '/Game/StarterContent/Blueprints/Assets/SunlightColorLUT'
[2019.03.01-17.14.46:107][  0]LoadErrors: Failed to load /Game/StarterContent/Blueprints/Assets/SunlightColorLUT.SunlightColorLUT Referenced by Default__BP_Sky_Sphere_C
[2019.03.01-17.14.46:107][  0]LogLinker: Warning: Can't find file for asset '/Game/StarterContent/Blueprints/Assets/SunlightColorLUT' while loading ../../../Engine/Content/Maps/Templates/Template_Default.umap.
[2019.03.01-17.14.46:107][  0]LoadErrors: Failed to load /Game/StarterContent/Blueprints/Assets/SunlightColorLUT.SunlightColorLUT Referenced by Default__BP_Sky_Sphere_C
[2019.03.01-17.14.46:107][  0]LoadErrors: Error: /Engine/Maps/Templates/Template_Default : Can't find file for asset. /Game/StarterContent/Blueprints/Assets/SunlightColorLUT
[2019.03.01-17.14.46:107][  0]LogLinker: Warning: Can't find file '/Game/StarterContent/Blueprints/Assets/SunlightColorLUT'
[2019.03.01-17.14.46:107][  0]LoadErrors: Failed to load /Game/StarterContent/Blueprints/Assets/SunlightColorLUT.SunlightColorLUT Referenced by Default__BP_Sky_Sphere_C
[2019.03.01-17.14.46:107][  0]LogLinker: Warning: Can't find file for asset '/Game/StarterContent/Blueprints/Assets/SunlightColorLUT' while loading ../../../Engine/Content/Maps/Templates/Template_Default.umap.
[2019.03.01-17.14.46:107][  0]LoadErrors: Failed to load /Game/StarterContent/Blueprints/Assets/SunlightColorLUT.SunlightColorLUT Referenced by Default__BP_Sky_Sphere_C
[2019.03.01-17.14.46:107][  0]LoadErrors: Error: /Engine/Maps/Templates/Template_Default : Can't find file for asset. /Game/StarterContent/Blueprints/Assets/SunlightColorLUT
[2019.03.01-17.14.46:107][  0]LogLinker: Warning: Can't find file '/Game/StarterContent/Blueprints/Assets/SunlightColorLUT'
[2019.03.01-17.14.46:107][  0]LoadErrors: Failed to load /Game/StarterContent/Blueprints/Assets/SunlightColorLUT.SunlightColorLUT Referenced by Default__BP_Sky_Sphere_C
[2019.03.01-17.14.46:107][  0]LogLinker: Warning: Can't find file for asset '/Game/StarterContent/Blueprints/Assets/SunlightColorLUT' while loading ../../../Engine/Content/Maps/Templates/Template_Default.umap.
[2019.03.01-17.14.46:107][  0]LoadErrors: Failed to load /Game/StarterContent/Blueprints/Assets/SunlightColorLUT.SunlightColorLUT Referenced by Default__BP_Sky_Sphere_C
[2019.03.01-17.14.46:107][  0]LoadErrors: Error: /Engine/Maps/Templates/Template_Default : Can't find file for asset. /Game/StarterContent/Blueprints/Assets/SunlightColorLUT
[2019.03.01-17.14.46:232][  0]LogAIModule: Creating AISystem for world Untitled_1
[2019.03.01-17.14.46:239][  0]LogScript: Warning: Accessed None trying to read property Horizon color curve
	BP_Sky_Sphere_C /Temp/Untitled_1.Untitled_1:PersistentLevel.SkySphere
	Function /Engine/EngineSky/BP_Sky_Sphere.BP_Sky_Sphere_C:UserConstructionScript:02EA
[2019.03.01-17.14.46:239][  0]LogScript: Warning: Accessed None trying to read property Zenith color curve
	BP_Sky_Sphere_C /Temp/Untitled_1.Untitled_1:PersistentLevel.SkySphere
	Function /Engine/EngineSky/BP_Sky_Sphere.BP_Sky_Sphere_C:UserConstructionScript:0361
[2019.03.01-17.14.46:239][  0]LogScript: Warning: Accessed None trying to read property Cloud color curve
	BP_Sky_Sphere_C /Temp/Untitled_1.Untitled_1:PersistentLevel.SkySphere
	Function /Engine/EngineSky/BP_Sky_Sphere.BP_Sky_Sphere_C:UserConstructionScript:03D8
[2019.03.01-17.14.46:239][  0]LogEditorServer: Finished looking for orphan Actors (0.000 secs)
[2019.03.01-17.14.46:263][  0]Cmd: MAP CHECKDEP NOCLEARLOG
[2019.03.01-17.14.46:316][  0]MapCheck: Map check complete: 0 Error(s), 0 Warning(s), took 52,465ms to complete.
[2019.03.01-17.14.46:316][  0]LogFileHelpers: Loading map 'Template_Default' took 0.342
[2019.03.01-17.14.46:401][  0]LogSlate: Updating window title bar state: overlay mode, drag disabled, window buttons hidden, title bar hidden
[2019.03.01-17.14.46:410][  0]LogSlate: Updating window title bar state: overlay mode, drag disabled, window buttons hidden, title bar hidden
[2019.03.01-17.14.46:420][  0]LogSlate: Updating window title bar state: overlay mode, drag disabled, window buttons hidden, title bar hidden
[2019.03.01-17.14.46:428][  0]LogSlate: Updating window title bar state: overlay mode, drag disabled, window buttons hidden, title bar hidden
[2019.03.01-17.14.46:433][  0]LogCollectionManager: Loaded 0 collections in 0.001353 seconds
[2019.03.01-17.14.46:475][  0]LogFileCache: Scanning file cache for directory 'D:/Documents/Unreal Projects/WoldAssault/Saved/Collections/' took 0.01s
[2019.03.01-17.14.46:475][  0]LogFileCache: Scanning file cache for directory 'D:/Documents/Unreal Projects/WoldAssault/Content/Developers/OmegaEternal/Collections/' took 0.01s
[2019.03.01-17.14.46:475][  0]LogFileCache: Scanning file cache for directory 'D:/Documents/Unreal Projects/WoldAssault/Content/Collections/' took 0.01s
[2019.03.01-17.14.46:475][  0]LogCollectionManager: Rebuilt the GUID cache for 0 collections in 0.000001 seconds
[2019.03.01-17.14.46:485][  0]LogContentBrowser: Native class hierarchy populated in 0.0097 seconds. Added 2572 classes and 603 folders.
[2019.03.01-17.14.46:490][  0]LogContentBrowser: Native class hierarchy updated for 'WidgetCarousel' in 0.0002 seconds. Added 0 classes and 0 folders.
[2019.03.01-17.14.46:535][  0]LogContentBrowser: Native class hierarchy updated for 'AddContentDialog' in 0.0003 seconds. Added 0 classes and 0 folders.
[2019.03.01-17.14.46:539][  0]LogContentBrowser: Native class hierarchy updated for 'SceneOutliner' in 0.0003 seconds. Added 1 classes and 2 folders.
[2019.03.01-17.14.46:555][  0]LogSlate: Took 0.000295 seconds to synchronously load lazily loaded font '../../../Engine/Content/Slate/Fonts/Roboto-Regular.ttf' (155K)
[2019.03.01-17.14.46:558][  0]LogSlate: Took 0.000272 seconds to synchronously load lazily loaded font '../../../Engine/Content/Slate/Fonts/Roboto-Bold.ttf' (160K)
[2019.03.01-17.14.46:566][  0]LogSlate: Took 0.000167 seconds to synchronously load lazily loaded font '../../../Engine/Content/Editor/Slate/Fonts/FontAwesome.ttf' (139K)
[2019.03.01-17.14.46:660][  0]LogRenderer: Reallocating scene render targets to support 1152x576 Format 10 NumSamples 1 (Frame:1).
[2019.03.01-17.14.46:812][  0]LogContentBrowser: Native class hierarchy updated for 'HierarchicalLODOutliner' in 0.0002 seconds. Added 0 classes and 0 folders.
[2019.03.01-17.14.46:812][  0]LogLoad: (Engine Initialization) Total time: 10.76 seconds
[2019.03.01-17.14.46:812][  0]LogLoad: (Engine Initialization) Total Blueprint compile time: 0.00 seconds
[2019.03.01-17.14.46:862][  0]LogContentStreaming: Texture pool size now 1000 MB
[2019.03.01-17.14.46:865][  0]LogSlate: FSceneViewport::OnFocusLost() reason 2
[2019.03.01-17.14.46:901][  0]LogSlate: Took 0.000290 seconds to synchronously load lazily loaded font '../../../Engine/Content/Slate/Fonts/Roboto-Light.ttf' (167K)
[2019.03.01-17.14.47:066][  2]LogAssetRegistry: Asset discovery search completed in 6.8240 seconds
[2019.03.01-17.14.47:069][  2]LogCollectionManager: Rebuilt the object cache for 0 collections in 0.000000 seconds (found 0 objects)
[2019.03.01-17.14.47:069][  2]LogCollectionManager: Fixed up redirectors for 0 collections in 0.000068 seconds (updated 0 objects)
[2019.03.01-17.14.48:389][  6]LogSlate: Took 0.001419 seconds to synchronously load lazily loaded font '../../../Engine/Content/Slate/Fonts/Roboto-Light.ttf' (167K)
[2019.03.01-17.14.50:086][ 70]LogSlate: Window 'Message Log' being destroyed
[2019.03.01-17.14.50:091][ 70]LogSlate: Window 'Message Log' being destroyed
[2019.03.01-17.14.51:051][127]LogSlate: FSceneViewport::OnFocusLost() reason 0
[2019.03.01-17.15.00:382][679]SourceControl: fatal: D:/Epic/Epic Games/UE_4.20/Engine/Content: 'D:/Epic/Epic Games/UE_4.20/Engine/Content' is outside repository
[2019.03.01-17.15.18:226][679]LogSlate: Window 'Submit Files' being destroyed
[2019.03.01-17.15.19:570][679]LogSourceControl: commit successful: [master 1d74e4f] Skeleton
[2019.03.01-17.15.19:638][679]SourceControl: [master 1d74e4f] Skeleton
[2019.03.01-17.15.19:638][679]SourceControl:  1 file changed, 0 insertions(+), 0 deletions(-)
[2019.03.01-17.15.19:645][679]SourceControl: Commited [master 1d74e4f] Skeleton.
[2019.03.01-17.17.10:398][132]LogAIModule: Creating AISystem for world Lv1
[2019.03.01-17.17.10:412][132]LogAssetEditorManager: Opening Asset editor for World /Game/Lv1.Lv1
[2019.03.01-17.17.10:442][132]Cmd: MAP LOAD FILE="../../../../../../Documents/Unreal Projects/WoldAssault/Content/Lv1.umap" TEMPLATE=0 SHOWPROGRESS=1 FEATURELEVEL=3
[2019.03.01-17.17.10:443][132]LightingResults: New page: Lighting Build
[2019.03.01-17.17.10:443][132]LoadErrors: New page: Loading map: Lv1.umap
[2019.03.01-17.17.10:444][132]MapCheck: New page: Map Check
[2019.03.01-17.17.10:444][132]LightingResults: New page: Lighting Build
[2019.03.01-17.17.10:487][132]LogEditorServer: Finished looking for orphan Actors (0.000 secs)
[2019.03.01-17.17.10:544][132]Cmd: MAP CHECKDEP NOCLEARLOG
[2019.03.01-17.17.10:637][132]MapCheck: Map check complete: 0 Error(s), 0 Warning(s), took 92,87ms to complete.
[2019.03.01-17.17.10:642][132]LogFileHelpers: Loading map 'Lv1' took 0.200
[2019.03.01-17.18.32:296][529]LogTemp: Repeating last play command: Selected Viewport
[2019.03.01-17.18.32:316][529]LogBlueprintUserMessages: Early PlayInEditor Detection: Level '/Game/Lv1.Lv1:PersistentLevel' has LevelScriptBlueprint '/Game/Lv1.Lv1:PersistentLevel.Lv1' with GeneratedClass '/Game/Lv1.Lv1_C' with ClassGeneratedBy '/Game/Lv1.Lv1:PersistentLevel.Lv1'
[2019.03.01-17.18.32:316][529]LogPlayLevel: PlayLevel: No blueprints needed recompiling
[2019.03.01-17.18.32:329][529]PIE: New page: PIE session: Lv1 (1 mars 2019 19:18:32)
[2019.03.01-17.18.32:329][529]LogPlayLevel: Creating play world package: /Game/UEDPIE_0_Lv1
[2019.03.01-17.18.32:347][529]LogPlayLevel: PIE: StaticDuplicateObject took: (0.017613s)
[2019.03.01-17.18.32:347][529]LogAIModule: Creating AISystem for world Lv1
[2019.03.01-17.18.32:348][529]LogPlayLevel: PIE: World Init took: (0.000925s)
[2019.03.01-17.18.32:348][529]LogPlayLevel: PIE: Created PIE world by copying editor world from /Game/Lv1.Lv1 to /Game/UEDPIE_0_Lv1.Lv1 (0.018739s)
[2019.03.01-17.18.32:375][529]LogInit: XAudio2 using 'Haut-parleur/Ecouteurs (Realtek High Definition Audio)' : 2 channels at 48 kHz using 32 bits per sample (channel mask 0x3)
[2019.03.01-17.18.32:390][529]LogInit: FAudioDevice initialized.
[2019.03.01-17.18.32:447][529]LogLoad: Game class is 'Fps_C'
[2019.03.01-17.18.32:453][529]LogWorld: Bringing World /Game/UEDPIE_0_Lv1.Lv1 up for play (max tick rate 60) at 2019.03.01-18.18.32
[2019.03.01-17.18.32:454][529]LogWorld: Bringing up level for play took: 0.005228
[2019.03.01-17.18.32:471][529]LogContentBrowser: Native class hierarchy updated for 'MovieSceneCapture' in 0.0003 seconds. Added 10 classes and 0 folders.
[2019.03.01-17.18.32:471][529]LogGameMode: Display: Match State Changed from EnteringMap to WaitingToStart
[2019.03.01-17.18.32:471][529]LogGameState: Match State Changed from EnteringMap to WaitingToStart
[2019.03.01-17.18.32:471][529]LogGameMode: Display: Match State Changed from WaitingToStart to InProgress
[2019.03.01-17.18.32:475][529]LogGameState: Match State Changed from WaitingToStart to InProgress
[2019.03.01-17.18.32:475][529]PIE: Play in editor start time for /Game/UEDPIE_0_Lv1 -0,537
[2019.03.01-17.18.32:475][529]LogBlueprintUserMessages: Late PlayInEditor Detection: Level '/Game/Lv1.Lv1:PersistentLevel' has LevelScriptBlueprint '/Game/Lv1.Lv1:PersistentLevel.Lv1' with GeneratedClass '/Game/Lv1.Lv1_C' with ClassGeneratedBy '/Game/Lv1.Lv1:PersistentLevel.Lv1'
[2019.03.01-17.18.45:207][289]LogBlueprintUserMessages: Early EndPlayMap Detection: Level '/Game/Lv1.Lv1:PersistentLevel' has LevelScriptBlueprint '/Game/Lv1.Lv1:PersistentLevel.Lv1' with GeneratedClass '/Game/Lv1.Lv1_C' with ClassGeneratedBy '/Game/Lv1.Lv1:PersistentLevel.Lv1'
[2019.03.01-17.18.45:207][289]LogSlate: Updating window title bar state: overlay mode, drag disabled, window buttons hidden, title bar hidden
[2019.03.01-17.18.45:247][289]LogPlayLevel: Display: Shutting down PIE online subsystems
[2019.03.01-17.18.45:247][289]LogBlueprintUserMessages: Late EndPlayMap Detection: Level '/Game/Lv1.Lv1:PersistentLevel' has LevelScriptBlueprint '/Game/Lv1.Lv1:PersistentLevel.Lv1' with GeneratedClass '/Game/Lv1.Lv1_C' with ClassGeneratedBy '/Game/Lv1.Lv1:PersistentLevel.Lv1'
[2019.03.01-17.18.45:276][289]LogSlate: Updating window title bar state: overlay mode, drag disabled, window buttons hidden, title bar hidden
[2019.03.01-17.18.45:306][290]LogPlayLevel: Display: Destroying online subsystem :Context_4
[2019.03.01-17.18.47:231][405]LogSlate: FSceneViewport::OnFocusLost() reason 0
[2019.03.01-17.18.52:644][728]LogAssetEditorManager: Opening Asset editor for Blueprint /Game/Blueprints/Sword.Sword
[2019.03.01-17.18.53:152][728]LogClass: Warning: Enum '/Game/AdvancedMagicFX13/DemoRoomData/Blueprints/BP_DemoDisplay_Enum.BP_DemoDisplay_Enum' was upgraded to use FText to store its display name data. Please re-save this asset to avoid issues with localization and determinstic cooking.
[2019.03.01-17.18.53:157][728]LogEnum: Warning: Enum name collision: 'BP_DemoDisplay_Enum::ROund' is in both '/Game/ExampleContent/DemoRoom/BluePrint/BP_DemoDisplay_Enum.BP_DemoDisplay_Enum' and '/Game/AdvancedMagicFX13/DemoRoomData/Blueprints/BP_DemoDisplay_Enum.BP_DemoDisplay_Enum'
[2019.03.01-17.18.53:157][728]LogEnum: Warning: Enum name collision: 'BP_DemoDisplay_Enum::SquareL' is in both '/Game/ExampleContent/DemoRoom/BluePrint/BP_DemoDisplay_Enum.BP_DemoDisplay_Enum' and '/Game/AdvancedMagicFX13/DemoRoomData/Blueprints/BP_DemoDisplay_Enum.BP_DemoDisplay_Enum'
[2019.03.01-17.18.53:157][728]LogEnum: Warning: Enum name collision: 'BP_DemoDisplay_Enum::RoomL' is in both '/Game/ExampleContent/DemoRoom/BluePrint/BP_DemoDisplay_Enum.BP_DemoDisplay_Enum' and '/Game/AdvancedMagicFX13/DemoRoomData/Blueprints/BP_DemoDisplay_Enum.BP_DemoDisplay_Enum'
[2019.03.01-17.18.53:157][728]LogEnum: Warning: Enum name collision: 'BP_DemoDisplay_Enum::DescriptionOnly' is in both '/Game/ExampleContent/DemoRoom/BluePrint/BP_DemoDisplay_Enum.BP_DemoDisplay_Enum' and '/Game/AdvancedMagicFX13/DemoRoomData/Blueprints/BP_DemoDisplay_Enum.BP_DemoDisplay_Enum'
[2019.03.01-17.18.53:157][728]LogEnum: Warning: Enum name collision: 'BP_DemoDisplay_Enum::NewEnumerator0' is in both '/Game/ExampleContent/DemoRoom/BluePrint/BP_DemoDisplay_Enum.BP_DemoDisplay_Enum' and '/Game/AdvancedMagicFX13/DemoRoomData/Blueprints/BP_DemoDisplay_Enum.BP_DemoDisplay_Enum'
[2019.03.01-17.18.53:157][728]LogEnum: Warning: Enum name collision: 'BP_DemoDisplay_Enum::BP_DemoDisplay_MAX' is in both '/Game/ExampleContent/DemoRoom/BluePrint/BP_DemoDisplay_Enum.BP_DemoDisplay_Enum' and '/Game/AdvancedMagicFX13/DemoRoomData/Blueprints/BP_DemoDisplay_Enum.BP_DemoDisplay_Enum'
[2019.03.01-17.18.53:158][728]LogEnum: Warning: Enum name collision: 'BP_DemoDisplay_Enum::ROund' is in both '/Game/ExampleContent/DemoRoom/BluePrint/BP_DemoDisplay_Enum.BP_DemoDisplay_Enum' and '/Game/AdvancedMagicFX13/DemoRoomData/Blueprints/BP_DemoDisplay_Enum.BP_DemoDisplay_Enum'
[2019.03.01-17.18.53:158][728]LogEnum: Warning: Enum name collision: 'BP_DemoDisplay_Enum::SquareL' is in both '/Game/ExampleContent/DemoRoom/BluePrint/BP_DemoDisplay_Enum.BP_DemoDisplay_Enum' and '/Game/AdvancedMagicFX13/DemoRoomData/Blueprints/BP_DemoDisplay_Enum.BP_DemoDisplay_Enum'
[2019.03.01-17.18.53:158][728]LogEnum: Warning: Enum name collision: 'BP_DemoDisplay_Enum::RoomL' is in both '/Game/ExampleContent/DemoRoom/BluePrint/BP_DemoDisplay_Enum.BP_DemoDisplay_Enum' and '/Game/AdvancedMagicFX13/DemoRoomData/Blueprints/BP_DemoDisplay_Enum.BP_DemoDisplay_Enum'
[2019.03.01-17.18.53:158][728]LogEnum: Warning: Enum name collision: 'BP_DemoDisplay_Enum::DescriptionOnly' is in both '/Game/ExampleContent/DemoRoom/BluePrint/BP_DemoDisplay_Enum.BP_DemoDisplay_Enum' and '/Game/AdvancedMagicFX13/DemoRoomData/Blueprints/BP_DemoDisplay_Enum.BP_DemoDisplay_Enum'
[2019.03.01-17.18.53:158][728]LogEnum: Warning: Enum name collision: 'BP_DemoDisplay_Enum::NewEnumerator0' is in both '/Game/ExampleContent/DemoRoom/BluePrint/BP_DemoDisplay_Enum.BP_DemoDisplay_Enum' and '/Game/AdvancedMagicFX13/DemoRoomData/Blueprints/BP_DemoDisplay_Enum.BP_DemoDisplay_Enum'
[2019.03.01-17.18.53:159][728]LogEnum: Warning: Enum name collision: 'BP_DemoRoom_Enum::Standard' is in both '/Game/ExampleContent/DemoRoom/BluePrint/BP_DemoRoom_Enum.BP_DemoRoom_Enum' and '/Game/AdvancedMagicFX13/DemoRoomData/Blueprints/BP_DemoRoom_Enum.BP_DemoRoom_Enum'
[2019.03.01-17.18.53:159][728]LogEnum: Warning: Enum name collision: 'BP_DemoRoom_Enum::RoofwithHole' is in both '/Game/ExampleContent/DemoRoom/BluePrint/BP_DemoRoom_Enum.BP_DemoRoom_Enum' and '/Game/AdvancedMagicFX13/DemoRoomData/Blueprints/BP_DemoRoom_Enum.BP_DemoRoom_Enum'
[2019.03.01-17.18.53:160][728]LogEnum: Warning: Enum name collision: 'BP_DemoRoom_Enum::RoofOpen' is in both '/Game/ExampleContent/DemoRoom/BluePrint/BP_DemoRoom_Enum.BP_DemoRoom_Enum' and '/Game/AdvancedMagicFX13/DemoRoomData/Blueprints/BP_DemoRoom_Enum.BP_DemoRoom_Enum'
[2019.03.01-17.18.53:160][728]LogEnum: Warning: Enum name collision: 'BP_DemoRoom_Enum::BP_DemoRoom_MAX' is in both '/Game/ExampleContent/DemoRoom/BluePrint/BP_DemoRoom_Enum.BP_DemoRoom_Enum' and '/Game/AdvancedMagicFX13/DemoRoomData/Blueprints/BP_DemoRoom_Enum.BP_DemoRoom_Enum'
[2019.03.01-17.18.53:160][728]LogEnum: Warning: Enum name collision: 'BP_DemoRoom_Enum::Standard' is in both '/Game/ExampleContent/DemoRoom/BluePrint/BP_DemoRoom_Enum.BP_DemoRoom_Enum' and '/Game/AdvancedMagicFX13/DemoRoomData/Blueprints/BP_DemoRoom_Enum.BP_DemoRoom_Enum'
[2019.03.01-17.18.53:160][728]LogEnum: Warning: Enum name collision: 'BP_DemoRoom_Enum::RoofwithHole' is in both '/Game/ExampleContent/DemoRoom/BluePrint/BP_DemoRoom_Enum.BP_DemoRoom_Enum' and '/Game/AdvancedMagicFX13/DemoRoomData/Blueprints/BP_DemoRoom_Enum.BP_DemoRoom_Enum'
[2019.03.01-17.18.53:160][728]LogEnum: Warning: Enum name collision: 'BP_DemoRoom_Enum::RoofOpen' is in both '/Game/ExampleContent/DemoRoom/BluePrint/BP_DemoRoom_Enum.BP_DemoRoom_Enum' and '/Game/AdvancedMagicFX13/DemoRoomData/Blueprints/BP_DemoRoom_Enum.BP_DemoRoom_Enum'
[2019.03.01-17.18.53:162][728]LogEnum: Warning: Enum name collision: 'BP_DemoDisplay_Enum::ROund' is in both '/Game/RoboBars/DemoRoom/BluePrint/BP_DemoDisplay_Enum.BP_DemoDisplay_Enum' and '/Game/AdvancedMagicFX13/DemoRoomData/Blueprints/BP_DemoDisplay_Enum.BP_DemoDisplay_Enum'
[2019.03.01-17.18.53:162][728]LogEnum: Warning: Enum name collision: 'BP_DemoDisplay_Enum::SquareL' is in both '/Game/RoboBars/DemoRoom/BluePrint/BP_DemoDisplay_Enum.BP_DemoDisplay_Enum' and '/Game/AdvancedMagicFX13/DemoRoomData/Blueprints/BP_DemoDisplay_Enum.BP_DemoDisplay_Enum'
[2019.03.01-17.18.53:162][728]LogEnum: Warning: Enum name collision: 'BP_DemoDisplay_Enum::RoomL' is in both '/Game/RoboBars/DemoRoom/BluePrint/BP_DemoDisplay_Enum.BP_DemoDisplay_Enum' and '/Game/AdvancedMagicFX13/DemoRoomData/Blueprints/BP_DemoDisplay_Enum.BP_DemoDisplay_Enum'
[2019.03.01-17.18.53:162][728]LogEnum: Warning: Enum name collision: 'BP_DemoDisplay_Enum::DescriptionOnly' is in both '/Game/RoboBars/DemoRoom/BluePrint/BP_DemoDisplay_Enum.BP_DemoDisplay_Enum' and '/Game/AdvancedMagicFX13/DemoRoomData/Blueprints/BP_DemoDisplay_Enum.BP_DemoDisplay_Enum'
[2019.03.01-17.18.53:162][728]LogEnum: Warning: Enum name collision: 'BP_DemoDisplay_Enum::NewEnumerator0' is in both '/Game/RoboBars/DemoRoom/BluePrint/BP_DemoDisplay_Enum.BP_DemoDisplay_Enum' and '/Game/AdvancedMagicFX13/DemoRoomData/Blueprints/BP_DemoDisplay_Enum.BP_DemoDisplay_Enum'
[2019.03.01-17.18.53:162][728]LogEnum: Warning: Enum name collision: 'BP_DemoDisplay_Enum::BP_DemoDisplay_MAX' is in both '/Game/RoboBars/DemoRoom/BluePrint/BP_DemoDisplay_Enum.BP_DemoDisplay_Enum' and '/Game/AdvancedMagicFX13/DemoRoomData/Blueprints/BP_DemoDisplay_Enum.BP_DemoDisplay_Enum'
[2019.03.01-17.18.53:162][728]LogEnum: Warning: Enum name collision: 'BP_DemoDisplay_Enum::ROund' is in both '/Game/RoboBars/DemoRoom/BluePrint/BP_DemoDisplay_Enum.BP_DemoDisplay_Enum' and '/Game/AdvancedMagicFX13/DemoRoomData/Blueprints/BP_DemoDisplay_Enum.BP_DemoDisplay_Enum'
[2019.03.01-17.18.53:162][728]LogEnum: Warning: Enum name collision: 'BP_DemoDisplay_Enum::SquareL' is in both '/Game/RoboBars/DemoRoom/BluePrint/BP_DemoDisplay_Enum.BP_DemoDisplay_Enum' and '/Game/AdvancedMagicFX13/DemoRoomData/Blueprints/BP_DemoDisplay_Enum.BP_DemoDisplay_Enum'
[2019.03.01-17.18.53:162][728]LogEnum: Warning: Enum name collision: 'BP_DemoDisplay_Enum::RoomL' is in both '/Game/RoboBars/DemoRoom/BluePrint/BP_DemoDisplay_Enum.BP_DemoDisplay_Enum' and '/Game/AdvancedMagicFX13/DemoRoomData/Blueprints/BP_DemoDisplay_Enum.BP_DemoDisplay_Enum'
[2019.03.01-17.18.53:162][728]LogEnum: Warning: Enum name collision: 'BP_DemoDisplay_Enum::DescriptionOnly' is in both '/Game/RoboBars/DemoRoom/BluePrint/BP_DemoDisplay_Enum.BP_DemoDisplay_Enum' and '/Game/AdvancedMagicFX13/DemoRoomData/Blueprints/BP_DemoDisplay_Enum.BP_DemoDisplay_Enum'
[2019.03.01-17.18.53:162][728]LogEnum: Warning: Enum name collision: 'BP_DemoDisplay_Enum::NewEnumerator0' is in both '/Game/RoboBars/DemoRoom/BluePrint/BP_DemoDisplay_Enum.BP_DemoDisplay_Enum' and '/Game/AdvancedMagicFX13/DemoRoomData/Blueprints/BP_DemoDisplay_Enum.BP_DemoDisplay_Enum'
[2019.03.01-17.18.53:164][728]LogEnum: Warning: Enum name collision: 'BP_DemoRoom_Enum::Standard' is in both '/Game/RoboBars/DemoRoom/BluePrint/BP_DemoRoom_Enum.BP_DemoRoom_Enum' and '/Game/AdvancedMagicFX13/DemoRoomData/Blueprints/BP_DemoRoom_Enum.BP_DemoRoom_Enum'
[2019.03.01-17.18.53:164][728]LogEnum: Warning: Enum name collision: 'BP_DemoRoom_Enum::RoofwithHole' is in both '/Game/RoboBars/DemoRoom/BluePrint/BP_DemoRoom_Enum.BP_DemoRoom_Enum' and '/Game/AdvancedMagicFX13/DemoRoomData/Blueprints/BP_DemoRoom_Enum.BP_DemoRoom_Enum'
[2019.03.01-17.18.53:164][728]LogEnum: Warning: Enum name collision: 'BP_DemoRoom_Enum::RoofOpen' is in both '/Game/RoboBars/DemoRoom/BluePrint/BP_DemoRoom_Enum.BP_DemoRoom_Enum' and '/Game/AdvancedMagicFX13/DemoRoomData/Blueprints/BP_DemoRoom_Enum.BP_DemoRoom_Enum'
[2019.03.01-17.18.53:164][728]LogEnum: Warning: Enum name collision: 'BP_DemoRoom_Enum::BP_DemoRoom_MAX' is in both '/Game/RoboBars/DemoRoom/BluePrint/BP_DemoRoom_Enum.BP_DemoRoom_Enum' and '/Game/AdvancedMagicFX13/DemoRoomData/Blueprints/BP_DemoRoom_Enum.BP_DemoRoom_Enum'
[2019.03.01-17.18.53:164][728]LogEnum: Warning: Enum name collision: 'BP_DemoRoom_Enum::Standard' is in both '/Game/RoboBars/DemoRoom/BluePrint/BP_DemoRoom_Enum.BP_DemoRoom_Enum' and '/Game/AdvancedMagicFX13/DemoRoomData/Blueprints/BP_DemoRoom_Enum.BP_DemoRoom_Enum'
[2019.03.01-17.18.53:165][728]LogEnum: Warning: Enum name collision: 'BP_DemoRoom_Enum::RoofwithHole' is in both '/Game/RoboBars/DemoRoom/BluePrint/BP_DemoRoom_Enum.BP_DemoRoom_Enum' and '/Game/AdvancedMagicFX13/DemoRoomData/Blueprints/BP_DemoRoom_Enum.BP_DemoRoom_Enum'
[2019.03.01-17.18.53:165][728]LogEnum: Warning: Enum name collision: 'BP_DemoRoom_Enum::RoofOpen' is in both '/Game/RoboBars/DemoRoom/BluePrint/BP_DemoRoom_Enum.BP_DemoRoom_Enum' and '/Game/AdvancedMagicFX13/DemoRoomData/Blueprints/BP_DemoRoom_Enum.BP_DemoRoom_Enum'
[2019.03.01-17.18.53:185][728]LogContentBrowser: Native class hierarchy updated for 'BlueprintGraph' in 0.0006 seconds. Added 116 classes and 0 folders.
[2019.03.01-17.18.54:074][728]LogSlate: Took 0.000340 seconds to synchronously load lazily loaded font '../../../Engine/Content/Slate/Fonts/Roboto-BoldCondensed.ttf' (158K)
[2019.03.01-17.18.55:671][821]LogSlate: Window 'Sword' being destroyed
[2019.03.01-17.18.55:674][821]LogSlate: Window 'Sword' being destroyed
[2019.03.01-17.19.05:379][395]LogAssetEditorManager: Opening Asset editor for Skeleton /Game/Characters/Chara/Luck_Skeleton.Luck_Skeleton
[2019.03.01-17.19.05:386][395]LogContentBrowser: Native class hierarchy updated for 'SkeletonEditor' in 0.0003 seconds. Added 1 classes and 2 folders.
[2019.03.01-17.19.05:601][395]LogActorComponent: RegisterComponentWithWorld: (/Engine/Transient.World_7:PersistentLevel.AnimationEditorPreviewActor_0.DebugSkelMeshComponent_0) Already registered. Aborting.
[2019.03.01-17.19.05:603][395]LogContentBrowser: Native class hierarchy updated for 'PinnedCommandList' in 0.0002 seconds. Added 1 classes and 0 folders.
[2019.03.01-17.19.05:658][395]LogSkeletalMesh: USkeletalMeshComponent::InitArticulated : Bodies already created (/Engine/Transient.World_7:PersistentLevel.AnimationEditorPreviewActor_0.DebugSkelMeshComponent_0) - call TermArticulated first.
[2019.03.01-17.19.06:000][395]LogContentBrowser: Native class hierarchy updated for 'ClothingSystemEditorInterface' in 0.0002 seconds. Added 1 classes and 0 folders.
[2019.03.01-17.19.24:560][493]LogSlate: FSceneViewport::OnFocusLost() reason 0
[2019.03.01-17.19.26:912][589]LogRenderer: Reallocating scene render targets to support 1160x888 Format 10 NumSamples 1 (Frame:1216).
[2019.03.01-17.19.32:343][842]LogAssetEditorManager: Opening Asset editor for SkeletalMesh /Game/Characters/Chara/Luck.Luck
[2019.03.01-17.19.32:367][842]LogActorComponent: RegisterComponentWithWorld: (/Engine/Transient.World_10:PersistentLevel.AnimationEditorPreviewActor_0.DebugSkelMeshComponent_0) Already registered. Aborting.
[2019.03.01-17.19.32:404][842]LogSkeletalMesh: USkeletalMeshComponent::InitArticulated : Bodies already created (/Engine/Transient.World_10:PersistentLevel.AnimationEditorPreviewActor_0.DebugSkelMeshComponent_0) - call TermArticulated first.
[2019.03.01-17.19.32:719][842]LogSlate: Took 0.000304 seconds to synchronously load lazily loaded font '../../../Engine/Content/Slate/Fonts/Roboto-Italic.ttf' (157K)
[2019.03.01-17.27.19:170][815]LogAssetEditorManager: Opening Asset editor for Blueprint /Game/Characters/Chara/BpLuck.BpLuck
[2019.03.01-17.30.56:557][878]LogTemp: Repeating last play command: Selected Viewport
[2019.03.01-17.30.56:582][878]LogBlueprintUserMessages: Early PlayInEditor Detection: Level '/Game/Lv1.Lv1:PersistentLevel' has LevelScriptBlueprint '/Game/Lv1.Lv1:PersistentLevel.Lv1' with GeneratedClass '/Game/Lv1.Lv1_C' with ClassGeneratedBy '/Game/Lv1.Lv1:PersistentLevel.Lv1'
[2019.03.01-17.30.56:582][878]LogPlayLevel: PlayLevel: No blueprints needed recompiling
[2019.03.01-17.30.56:583][878]PIE: New page: PIE session: Lv1 (1 mars 2019 19:30:56)
[2019.03.01-17.30.56:583][878]LogPlayLevel: Creating play world package: /Game/UEDPIE_0_Lv1
[2019.03.01-17.30.56:597][878]LogPlayLevel: PIE: StaticDuplicateObject took: (0.013824s)
[2019.03.01-17.30.56:597][878]LogAIModule: Creating AISystem for world Lv1
[2019.03.01-17.30.56:598][878]LogPlayLevel: PIE: World Init took: (0.000956s)
[2019.03.01-17.30.56:598][878]LogPlayLevel: PIE: Created PIE world by copying editor world from /Game/Lv1.Lv1 to /Game/UEDPIE_0_Lv1.Lv1 (0.015070s)
[2019.03.01-17.30.56:640][878]LogInit: XAudio2 using 'Haut-parleur/Ecouteurs (Realtek High Definition Audio)' : 2 channels at 48 kHz using 32 bits per sample (channel mask 0x3)
[2019.03.01-17.30.56:656][878]LogInit: FAudioDevice initialized.
[2019.03.01-17.30.56:688][878]LogLoad: Game class is 'Fps_C'
[2019.03.01-17.30.56:692][878]LogWorld: Bringing World /Game/UEDPIE_0_Lv1.Lv1 up for play (max tick rate 60) at 2019.03.01-18.30.56
[2019.03.01-17.30.56:693][878]LogWorld: Bringing up level for play took: 0.003838
[2019.03.01-17.30.56:706][878]LogGameMode: Display: Match State Changed from EnteringMap to WaitingToStart
[2019.03.01-17.30.56:706][878]LogGameState: Match State Changed from EnteringMap to WaitingToStart
[2019.03.01-17.30.56:706][878]LogGameMode: Display: Match State Changed from WaitingToStart to InProgress
[2019.03.01-17.30.56:708][878]LogGameState: Match State Changed from WaitingToStart to InProgress
[2019.03.01-17.30.56:708][878]PIE: Play in editor start time for /Game/UEDPIE_0_Lv1 -0,304
[2019.03.01-17.30.56:709][878]LogBlueprintUserMessages: Late PlayInEditor Detection: Level '/Game/Lv1.Lv1:PersistentLevel' has LevelScriptBlueprint '/Game/Lv1.Lv1:PersistentLevel.Lv1' with GeneratedClass '/Game/Lv1.Lv1_C' with ClassGeneratedBy '/Game/Lv1.Lv1:PersistentLevel.Lv1'
[2019.03.01-17.31.25:003][562]LogSlate: FSceneViewport::OnFocusLost() reason 2
[2019.03.01-17.31.34:301][806]Cmd: OBJ SAVEPACKAGE PACKAGE="/Game/Characters/Chara/BpLuck" FILE="../../../../../../Documents/Unreal Projects/WoldAssault/Content/Characters/Chara/BpLuck.uasset" SILENT=true
[2019.03.01-17.31.34:411][806]LogSavePackage: Moving '../../../../../../Documents/Unreal Projects/WoldAssault/Saved/BpLuckC71C304B454C4CDBD2AC78A1BD6FC0F1.tmp' to '../../../../../../Documents/Unreal Projects/WoldAssault/Content/Characters/Chara/BpLuck.uasset'
[2019.03.01-17.31.36:852][950]LogSlate: FSceneViewport::OnFocusLost() reason 0
[2019.03.01-17.31.36:940][955]LogSlate: Window 'BpLuck' being destroyed
[2019.03.01-17.31.36:946][955]LogSlate: Window 'BpLuck' being destroyed
[2019.03.01-17.31.38:454][ 23]LogBlueprintUserMessages: Early EndPlayMap Detection: Level '/Game/Lv1.Lv1:PersistentLevel' has LevelScriptBlueprint '/Game/Lv1.Lv1:PersistentLevel.Lv1' with GeneratedClass '/Game/Lv1.Lv1_C' with ClassGeneratedBy '/Game/Lv1.Lv1:PersistentLevel.Lv1'
[2019.03.01-17.31.38:454][ 23]LogSlate: Updating window title bar state: overlay mode, drag disabled, window buttons hidden, title bar hidden
[2019.03.01-17.31.38:495][ 23]LogPlayLevel: Display: Shutting down PIE online subsystems
[2019.03.01-17.31.38:495][ 23]LogBlueprintUserMessages: Late EndPlayMap Detection: Level '/Game/Lv1.Lv1:PersistentLevel' has LevelScriptBlueprint '/Game/Lv1.Lv1:PersistentLevel.Lv1' with GeneratedClass '/Game/Lv1.Lv1_C' with ClassGeneratedBy '/Game/Lv1.Lv1:PersistentLevel.Lv1'
[2019.03.01-17.31.38:532][ 23]LogSlate: Updating window title bar state: overlay mode, drag disabled, window buttons hidden, title bar hidden
[2019.03.01-17.31.38:565][ 24]LogPlayLevel: Display: Destroying online subsystem :Context_16
[2019.03.01-17.31.41:855][215]LogSlate: FSceneViewport::OnFocusLost() reason 2
[2019.03.01-17.31.41:944][215]LogSlate: FSceneViewport::OnFocusLost() reason 2
[2019.03.01-17.31.41:960][215]Cmd: OBJ SAVEPACKAGE PACKAGE="/Game/Lv1" FILE="../../../../../../Documents/Unreal Projects/WoldAssault/Content/Lv1.umap" SILENT=true AUTOSAVING=false KEEPDIRTY=false
[2019.03.01-17.31.42:323][215]LogSavePackage: Moving '../../../../../../Documents/Unreal Projects/WoldAssault/Saved/Lv16EA99190458901C4C7F67E90EDEB217D.tmp' to '../../../../../../Documents/Unreal Projects/WoldAssault/Content/Lv1.umap'
[2019.03.01-17.31.43:071][258]LogSlate: FSceneViewport::OnFocusLost() reason 0
[2019.03.01-17.31.43:345][267]LogSlate: Window 'WoldAssault - Unreal Editor' being destroyed
[2019.03.01-17.31.43:346][267]LogWindowsTextInputMethodSystem: Display: IME system now deactivated.
[2019.03.01-17.31.43:610][268]Cmd: QUIT_EDITOR
[2019.03.01-17.31.44:138][268]LogExit: Preparing to exit.
[2019.03.01-17.31.44:872][268]LogExit: Editor shut down
[2019.03.01-17.31.44:873][268]LogExit: Transaction tracking system shut down
[2019.03.01-17.31.45:506][268]LogExit: Object subsystem successfully closed.
[2019.03.01-17.31.45:524][268]LogShaderCompilers: Display: Shaders left to compile 0
[2019.03.01-17.31.45:529][268]LogD3D11RHI: Shutdown
[2019.03.01-17.31.45:529][268]LogD3D11RHI: CleanupD3DDevice
[2019.03.01-17.31.45:532][268]LogD3D11RHI: ~FD3D11DynamicRHI
[2019.03.01-17.31.45:547][268]LogModuleManager: Shutting down and abandoning module ClothingSystemEditorInterface (624)
[2019.03.01-17.31.45:547][268]LogModuleManager: Shutting down and abandoning module PinnedCommandList (622)
[2019.03.01-17.31.45:547][268]LogModuleManager: Shutting down and abandoning module SkeletonEditor (620)
[2019.03.01-17.31.45:547][268]LogModuleManager: Shutting down and abandoning module BlueprintGraph (618)
[2019.03.01-17.31.45:547][268]LogModuleManager: Shutting down and abandoning module MovieSceneCapture (616)
[2019.03.01-17.31.45:547][268]LogModuleManager: Shutting down and abandoning module Voice (614)
[2019.03.01-17.31.45:547][268]LogModuleManager: Shutting down and abandoning module HierarchicalLODOutliner (612)
[2019.03.01-17.31.45:548][268]LogModuleManager: Shutting down and abandoning module SceneOutliner (610)
[2019.03.01-17.31.45:548][268]LogModuleManager: Shutting down and abandoning module AddContentDialog (608)
[2019.03.01-17.31.45:548][268]LogModuleManager: Shutting down and abandoning module WidgetCarousel (607)
[2019.03.01-17.31.45:548][268]LogModuleManager: Shutting down and abandoning module EditorWidgets (604)
[2019.03.01-17.31.45:548][268]LogModuleManager: Shutting down and abandoning module CollectionManager (602)
[2019.03.01-17.31.45:548][268]LogModuleManager: Shutting down and abandoning module HierarchicalLODUtilities (600)
[2019.03.01-17.31.45:548][268]LogModuleManager: Shutting down and abandoning module StatsViewer (598)
[2019.03.01-17.31.45:548][268]LogModuleManager: Shutting down and abandoning module FoliageEdit (596)
[2019.03.01-17.31.45:548][268]LogModuleManager: Shutting down and abandoning module LandscapeEditor (594)
[2019.03.01-17.31.45:548][268]LogModuleManager: Shutting down and abandoning module MeshPaintMode (592)
[2019.03.01-17.31.45:548][268]LogModuleManager: Shutting down and abandoning module SceneDepthPickerMode (590)
[2019.03.01-17.31.45:548][268]LogModuleManager: Shutting down and abandoning module ActorPickerMode (588)
[2019.03.01-17.31.45:548][268]LogModuleManager: Shutting down and abandoning module GeometryMode (586)
[2019.03.01-17.31.45:548][268]LogModuleManager: Shutting down and abandoning module TextureAlignMode (584)
[2019.03.01-17.31.45:548][268]LogModuleManager: Shutting down and abandoning module BspMode (582)
[2019.03.01-17.31.45:548][268]LogModuleManager: Shutting down and abandoning module PIEPreviewDeviceProfileSelector (580)
[2019.03.01-17.31.45:549][268]LogModuleManager: Shutting down and abandoning module SequenceRecorderSections (578)
[2019.03.01-17.31.45:549][268]LogModuleManager: Shutting down and abandoning module AutomationWorker (576)
[2019.03.01-17.31.45:549][268]LogModuleManager: Shutting down and abandoning module AudioCaptureEditor (574)
[2019.03.01-17.31.45:549][268]LogModuleManager: Shutting down and abandoning module SequenceRecorder (573)
[2019.03.01-17.31.45:549][268]LogModuleManager: Shutting down and abandoning module MatineeToLevelSequence (570)
[2019.03.01-17.31.45:549][268]LogModuleManager: Shutting down and abandoning module LevelSequenceEditor (568)
[2019.03.01-17.31.45:549][268]LogModuleManager: Shutting down and abandoning module PlacementMode (567)
[2019.03.01-17.31.45:549][268]LogModuleManager: Shutting down and abandoning module MaterialEditor (566)
[2019.03.01-17.31.45:549][268]LogModuleManager: Shutting down and abandoning module WmfMediaFactory (562)
[2019.03.01-17.31.45:549][268]LogModuleManager: Shutting down and abandoning module WmfMediaEditor (560)
[2019.03.01-17.31.45:549][268]LogModuleManager: Shutting down and abandoning module MediaPlayerEditor (558)
[2019.03.01-17.31.45:549][268]LogModuleManager: Shutting down and abandoning module OpenExrWrapper (556)
[2019.03.01-17.31.45:549][268]LogModuleManager: Shutting down and abandoning module ImgMediaFactory (554)
[2019.03.01-17.31.45:549][268]LogModuleManager: Shutting down and abandoning module ImgMediaEditor (552)
[2019.03.01-17.31.45:549][268]LogModuleManager: Shutting down and abandoning module AvfMediaFactory (550)
[2019.03.01-17.31.45:549][268]LogModuleManager: Shutting down and abandoning module AvfMediaEditor (548)
[2019.03.01-17.31.45:549][268]LogModuleManager: Shutting down and abandoning module AndroidMediaFactory (546)
[2019.03.01-17.31.45:549][268]LogModuleManager: Shutting down and abandoning module AndroidMediaEditor (544)
[2019.03.01-17.31.45:549][268]LogModuleManager: Shutting down and abandoning module MagicLeapCameraPreviewFactory (542)
[2019.03.01-17.31.45:549][268]LogModuleManager: Shutting down and abandoning module MagicLeapMediaFactory (540)
[2019.03.01-17.31.45:550][268]LogModuleManager: Shutting down and abandoning module MagicLeapMediaEditor (538)
[2019.03.01-17.31.45:550][268]LogModuleManager: Shutting down and abandoning module CharacterAI (536)
[2019.03.01-17.31.45:550][268]LogModuleManager: Shutting down and abandoning module SmartSnapping (534)
[2019.03.01-17.31.45:550][268]LogModuleManager: Shutting down and abandoning module SessionServices (532)
[2019.03.01-17.31.45:550][268]LogModuleManager: Shutting down and abandoning module ViewportSnapping (530)
[2019.03.01-17.31.45:550][268]LogModuleManager: Shutting down and abandoning module ViewportInteraction (528)
[2019.03.01-17.31.45:550][268]LogModuleManager: Shutting down and abandoning module ClothPainter (526)
[2019.03.01-17.31.45:550][268]LogModuleManager: Shutting down and abandoning module SkeletalMeshEditor (525)
[2019.03.01-17.31.45:550][268]LogModuleManager: Shutting down and abandoning module LogVisualizer (522)
[2019.03.01-17.31.45:550][268]LogModuleManager: Shutting down and abandoning module IntroTutorials (520)
[2019.03.01-17.31.45:550][268]LogModuleManager: Shutting down and abandoning module GameProjectGeneration (519)
[2019.03.01-17.31.45:550][268]LogModuleManager: Shutting down and abandoning module LuminPlatformEditor (516)
[2019.03.01-17.31.45:550][268]LogModuleManager: Shutting down and abandoning module IOSPlatformEditor (514)
[2019.03.01-17.31.45:550][268]LogModuleManager: Shutting down and abandoning module HTML5PlatformEditor (512)
[2019.03.01-17.31.45:550][268]LogModuleManager: Shutting down and abandoning module AndroidPlatformEditor (510)
[2019.03.01-17.31.45:550][268]LogModuleManager: Shutting down and abandoning module AndroidDeviceDetection (509)
[2019.03.01-17.31.46:231][268]LogModuleManager: Shutting down and abandoning module WindowsPlatformEditor (506)
[2019.03.01-17.31.46:231][268]LogModuleManager: Shutting down and abandoning module LuminRuntimeSettings (504)
[2019.03.01-17.31.46:232][268]LogModuleManager: Shutting down and abandoning module IOSRuntimeSettings (502)
[2019.03.01-17.31.46:232][268]LogModuleManager: Shutting down and abandoning module AndroidRuntimeSettings (500)
[2019.03.01-17.31.46:232][268]LogModuleManager: Shutting down and abandoning module InputBindingEditor (498)
[2019.03.01-17.31.46:232][268]LogModuleManager: Shutting down and abandoning module MergeActors (496)
[2019.03.01-17.31.46:232][268]LogModuleManager: Shutting down and abandoning module LocalizationDashboard (494)
[2019.03.01-17.31.46:232][268]LogModuleManager: Shutting down and abandoning module LocalizationService (493)
[2019.03.01-17.31.46:235][268]LogModuleManager: Shutting down and abandoning module HardwareTargeting (490)
[2019.03.01-17.31.46:236][268]LogModuleManager: Shutting down and abandoning module DeviceProfileEditor (488)
[2019.03.01-17.31.46:236][268]LogModuleManager: Shutting down and abandoning module UndoHistory (486)
[2019.03.01-17.31.46:236][268]LogModuleManager: Shutting down and abandoning module XmlParser (484)
[2019.03.01-17.31.46:236][268]LogModuleManager: Shutting down and abandoning module Blutility (482)
[2019.03.01-17.31.46:236][268]LogModuleManager: Shutting down and abandoning module ProjectSettingsViewer (480)
[2019.03.01-17.31.46:236][268]LogModuleManager: Shutting down and abandoning module ProjectTargetPlatformEditor (479)
[2019.03.01-17.31.46:239][268]LogModuleManager: Shutting down and abandoning module EditorSettingsViewer (476)
[2019.03.01-17.31.46:239][268]LogModuleManager: Shutting down and abandoning module SettingsEditor (474)
[2019.03.01-17.31.46:239][268]LogModuleManager: Shutting down and abandoning module ProjectLauncher (472)
[2019.03.01-17.31.46:239][268]LogModuleManager: Shutting down and abandoning module SessionFrontend (470)
[2019.03.01-17.31.46:239][268]LogModuleManager: Shutting down and abandoning module ProfilerClient (468)
[2019.03.01-17.31.46:239][268]LogModuleManager: Shutting down and abandoning module DeviceManager (466)
[2019.03.01-17.31.46:239][268]LogModuleManager: Shutting down and abandoning module TargetDeviceServices (465)
[2019.03.01-17.31.46:303][268]LogModuleManager: Shutting down and abandoning module AutomationController (462)
[2019.03.01-17.31.46:303][268]LogModuleManager: Shutting down and abandoning module AutomationWindow (460)
[2019.03.01-17.31.46:303][268]LogModuleManager: Shutting down and abandoning module Layers (458)
[2019.03.01-17.31.46:303][268]LogModuleManager: Shutting down and abandoning module ComponentVisualizers (456)
[2019.03.01-17.31.46:303][268]LogModuleManager: Shutting down and abandoning module DetailCustomizations (454)
[2019.03.01-17.31.46:303][268]LogModuleManager: Shutting down and abandoning module PackagesDialog (452)
[2019.03.01-17.31.46:303][268]LogModuleManager: Shutting down and abandoning module Persona (450)
[2019.03.01-17.31.46:303][268]LogModuleManager: Shutting down and abandoning module AdvancedPreviewScene (449)
[2019.03.01-17.31.46:303][268]LogModuleManager: Shutting down and abandoning module AnimGraph (447)
[2019.03.01-17.31.46:303][268]LogModuleManager: Shutting down and abandoning module Kismet (444)
[2019.03.01-17.31.46:309][268]LogModuleManager: Shutting down and abandoning module GraphEditor (442)
[2019.03.01-17.31.46:309][268]LogModuleManager: Shutting down and abandoning module ClassViewer (440)
[2019.03.01-17.31.46:309][268]LogModuleManager: Shutting down and abandoning module Toolbox (438)
[2019.03.01-17.31.46:309][268]LogModuleManager: Shutting down and abandoning module ModuleUI (436)
[2019.03.01-17.31.46:309][268]LogModuleManager: Shutting down and abandoning module MovieSceneTools (434)
[2019.03.01-17.31.46:309][268]LogModuleManager: Shutting down and abandoning module OutputLog (432)
[2019.03.01-17.31.46:309][268]LogModuleManager: Shutting down and abandoning module GammaUI (430)
[2019.03.01-17.31.46:309][268]LogModuleManager: Shutting down and abandoning module Documentation (428)
[2019.03.01-17.31.46:309][268]LogModuleManager: Shutting down and abandoning module MovieSceneTracks (426)
[2019.03.01-17.31.46:309][268]LogModuleManager: Shutting down and abandoning module MovieScene (424)
[2019.03.01-17.31.46:309][268]LogModuleManager: Shutting down and abandoning module StreamingPauseRendering (422)
[2019.03.01-17.31.46:309][268]LogModuleManager: Shutting down and abandoning module LauncherPlatform (420)
[2019.03.01-17.31.46:309][268]LogModuleManager: Shutting down and abandoning module AnalyticsET (418)
[2019.03.01-17.31.46:309][268]LogModuleManager: Shutting down and abandoning module PortalServices (416)
[2019.03.01-17.31.46:309][268]LogModuleManager: Shutting down and abandoning module PortalRpc (414)
[2019.03.01-17.31.46:309][268]LogModuleManager: Shutting down and abandoning module MessagingRpc (412)
[2019.03.01-17.31.46:309][268]LogModuleManager: Shutting down and abandoning module AIModule (410)
[2019.03.01-17.31.46:309][268]LogModuleManager: Shutting down and abandoning module GameplayDebugger (409)
[2019.03.01-17.31.46:310][268]LogModuleManager: Shutting down and abandoning module AITestSuite (407)
[2019.03.01-17.31.46:310][268]LogModuleManager: Shutting down and abandoning module NavigationSystem (405)
[2019.03.01-17.31.46:310][268]LogModuleManager: Shutting down and abandoning module DesktopPlatform (402)
[2019.03.01-17.31.46:310][268]LogModuleManager: Shutting down and abandoning module ProfilerService (400)
[2019.03.01-17.31.46:449][268]LogModuleManager: Shutting down and abandoning module TaskGraph (398)
[2019.03.01-17.31.46:449][268]LogModuleManager: Shutting down and abandoning module SteamVRController (396)
[2019.03.01-17.31.46:449][268]LogModuleManager: Shutting down and abandoning module ProceduralMeshComponentEditor (394)
[2019.03.01-17.31.46:449][268]LogModuleManager: Shutting down and abandoning module ProceduralMeshComponent (392)
[2019.03.01-17.31.46:449][268]LogModuleManager: Shutting down and abandoning module OculusInput (390)
[2019.03.01-17.31.46:449][268]LogModuleManager: Shutting down and abandoning module MobilePatchingUtils (388)
[2019.03.01-17.31.46:449][268]LogModuleManager: Shutting down and abandoning module EditableMesh (386)
[2019.03.01-17.31.46:449][268]LogModuleManager: Shutting down and abandoning module CustomMeshComponent (384)
[2019.03.01-17.31.46:449][268]LogModuleManager: Shutting down and abandoning module CableComponent (382)
[2019.03.01-17.31.46:449][268]LogModuleManager: Shutting down and abandoning module AudioCapture (380)
[2019.03.01-17.31.46:449][268]LogModuleManager: Shutting down and abandoning module ArchVisCharacter (378)
[2019.03.01-17.31.46:449][268]LogModuleManager: Shutting down and abandoning module AndroidPermission (376)
[2019.03.01-17.31.46:449][268]LogModuleManager: Shutting down and abandoning module NUTUnrealEngine4 (374)
[2019.03.01-17.31.46:449][268]LogModuleManager: Shutting down and abandoning module NetcodeUnitTest (372)
[2019.03.01-17.31.46:450][268]LogModuleManager: Shutting down and abandoning module MediaCompositingEditor (370)
[2019.03.01-17.31.46:450][268]LogModuleManager: Shutting down and abandoning module MediaCompositing (368)
[2019.03.01-17.31.46:450][268]LogModuleManager: Shutting down and abandoning module LinearTimecode (366)
[2019.03.01-17.31.46:450][268]LogModuleManager: Shutting down and abandoning module ImgMedia (364)
[2019.03.01-17.31.46:453][268]LogModuleManager: Shutting down and abandoning module HTML5Networking (362)
[2019.03.01-17.31.46:453][268]LogModuleManager: Shutting down and abandoning module GeometryCacheTracks (360)
[2019.03.01-17.31.46:453][268]LogModuleManager: Shutting down and abandoning module GeometryCacheSequencer (358)
[2019.03.01-17.31.46:453][268]LogModuleManager: Shutting down and abandoning module BackChannel (356)
[2019.03.01-17.31.46:453][268]LogModuleManager: Shutting down and abandoning module AppleVision (354)
[2019.03.01-17.31.46:453][268]LogModuleManager: Shutting down and abandoning module AppleImageUtils (352)
[2019.03.01-17.31.46:453][268]LogModuleManager: Shutting down and abandoning module AlembicImporter (350)
[2019.03.01-17.31.46:453][268]LogModuleManager: Shutting down and abandoning module AlembicLibrary (349)
[2019.03.01-17.31.46:453][268]LogModuleManager: Shutting down and abandoning module GeometryCache (348)
[2019.03.01-17.31.46:453][268]LogModuleManager: Shutting down and abandoning module GeometryCacheEd (347)
[2019.03.01-17.31.46:453][268]LogModuleManager: Shutting down and abandoning module DatasmithContentEditor (342)
[2019.03.01-17.31.46:453][268]LogModuleManager: Shutting down and abandoning module DatasmithContent (340)
[2019.03.01-17.31.46:453][268]LogModuleManager: Shutting down and abandoning module SpeedTreeImporter (338)
[2019.03.01-17.31.46:453][268]LogModuleManager: Shutting down and abandoning module PluginBrowser (336)
[2019.03.01-17.31.46:454][268]LogModuleManager: Shutting down and abandoning module MobileLauncherProfileWizard (334)
[2019.03.01-17.31.46:454][268]LogModuleManager: Shutting down and abandoning module PolygonModeling (332)
[2019.03.01-17.31.46:454][268]LogModuleManager: Shutting down and abandoning module MeshEditor (330)
[2019.03.01-17.31.46:454][268]LogModuleManager: Shutting down and abandoning module CryptoKeysOpenSSL (328)
[2019.03.01-17.31.46:454][268]LogModuleManager: Shutting down and abandoning module CryptoKeys (326)
[2019.03.01-17.31.46:454][268]LogModuleManager: Shutting down and abandoning module VisualStudioSourceCodeAccess (324)
[2019.03.01-17.31.46:454][268]LogModuleManager: Shutting down and abandoning module VisualStudioCodeSourceCodeAccess (322)
[2019.03.01-17.31.46:454][268]LogModuleManager: Shutting down and abandoning module UObjectPlugin (320)
[2019.03.01-17.31.46:454][268]LogModuleManager: Shutting down and abandoning module SubversionSourceControl (318)
[2019.03.01-17.31.46:454][268]LogModuleManager: Shutting down and abandoning module PerforceSourceControl (316)
[2019.03.01-17.31.46:454][268]LogModuleManager: Shutting down and abandoning module GitSourceControl (314)
[2019.03.01-17.31.46:454][268]LogModuleManager: Shutting down and abandoning module SourceControl (313)
[2019.03.01-17.31.46:454][268]LogModuleManager: Shutting down and abandoning module CLionSourceCodeAccess (310)
[2019.03.01-17.31.46:454][268]LogModuleManager: Shutting down and abandoning module LightPropagationVolumeEditor (308)
[2019.03.01-17.31.46:454][268]LogModuleManager: Shutting down and abandoning module PaperTiledImporter (306)
[2019.03.01-17.31.46:454][268]LogModuleManager: Shutting down and abandoning module PaperSpriteSheetImporter (304)
[2019.03.01-17.31.46:454][268]LogModuleManager: Shutting down and abandoning module Paper2DEditor (302)
[2019.03.01-17.31.46:454][268]LogModuleManager: Shutting down and abandoning module MeshPaint (301)
[2019.03.01-17.31.46:454][268]LogModuleManager: Shutting down and abandoning module RuntimePhysXCooking (298)
[2019.03.01-17.31.46:454][268]LogModuleManager: Shutting down and abandoning module PhysXVehiclesEditor (296)
[2019.03.01-17.31.46:454][268]LogModuleManager: Shutting down and abandoning module PhysXVehicles (294)
[2019.03.01-17.31.46:454][268]LogModuleManager: Shutting down and abandoning module OculusEditor (292)
[2019.03.01-17.31.46:454][268]LogModuleManager: Shutting down and abandoning module LocationServicesBPLibrary (290)
[2019.03.01-17.31.46:454][268]LogModuleManager: Shutting down and abandoning module ImmediatePhysicsEditor (288)
[2019.03.01-17.31.46:454][268]LogModuleManager: Shutting down and abandoning module ImmediatePhysics (286)
[2019.03.01-17.31.46:454][268]LogModuleManager: Shutting down and abandoning module ActorSequence (284)
[2019.03.01-17.31.46:454][268]LogModuleManager: Shutting down and abandoning module UdpMessaging (282)
[2019.03.01-17.31.46:556][268]LogModuleManager: Shutting down and abandoning module TcpMessaging (280)
[2019.03.01-17.31.46:656][268]LogModuleManager: Shutting down and abandoning module MagicLeapAudio (278)
[2019.03.01-17.31.46:656][268]LogModuleManager: Shutting down and abandoning module GameplayTagsEditor (276)
[2019.03.01-17.31.46:656][268]LogModuleManager: Shutting down and abandoning module FacialAnimationEditor (274)
[2019.03.01-17.31.46:656][268]LogModuleManager: Shutting down and abandoning module FacialAnimation (272)
[2019.03.01-17.31.46:656][268]LogModuleManager: Shutting down and abandoning module DataValidation (270)
[2019.03.01-17.31.46:656][268]LogModuleManager: Shutting down and abandoning module AssetManagerEditor (268)
[2019.03.01-17.31.46:656][268]LogModuleManager: Shutting down and abandoning module LevelEditor (267)
[2019.03.01-17.31.46:657][268]LogModuleManager: Shutting down and abandoning module PixelInspectorModule (266)
[2019.03.01-17.31.46:657][268]LogModuleManager: Shutting down and abandoning module CommonMenuExtensions (264)
[2019.03.01-17.31.46:658][268]LogModuleManager: Shutting down and abandoning module MainFrame (262)
[2019.03.01-17.31.46:658][268]LogModuleManager: Shutting down and abandoning module HotReload (261)
[2019.03.01-17.31.46:658][268]LogModuleManager: Shutting down and abandoning module ContentBrowser (257)
[2019.03.01-17.31.46:659][268]LogModuleManager: Shutting down and abandoning module TreeMap (255)
[2019.03.01-17.31.46:659][268]LogModuleManager: Shutting down and abandoning module LightPropagationVolumeRuntime (252)
[2019.03.01-17.31.46:659][268]LogModuleManager: Shutting down and abandoning module AISupportModule (250)
[2019.03.01-17.31.46:659][268]LogModuleManager: Shutting down and abandoning module Paper2D (248)
[2019.03.01-17.31.46:659][268]LogModuleManager: Shutting down and abandoning module WindowsMoviePlayer (246)
[2019.03.01-17.31.46:659][268]LogModuleManager: Shutting down and abandoning module WmfMedia (244)
[2019.03.01-17.31.46:661][268]LogModuleManager: Shutting down and abandoning module Media (243)
[2019.03.01-17.31.46:667][268]LogModuleManager: Shutting down and abandoning module PacketHandler (240)
[2019.03.01-17.31.46:667][268]LogModuleManager: Shutting down and abandoning module ClothingSystemEditor (238)
[2019.03.01-17.31.46:667][268]LogModuleManager: Shutting down and abandoning module ClothingSystemRuntime (236)
[2019.03.01-17.31.46:667][268]LogModuleManager: Shutting down and abandoning module MediaAssets (234)
[2019.03.01-17.31.46:667][268]LogModuleManager: Shutting down and abandoning module Overlay (232)
[2019.03.01-17.31.46:667][268]LogModuleManager: Shutting down and abandoning module OverlayEditor (231)
[2019.03.01-17.31.46:667][268]LogModuleManager: Shutting down and abandoning module VREditor (228)
[2019.03.01-17.31.46:667][268]LogModuleManager: Shutting down and abandoning module StringTableEditor (226)
[2019.03.01-17.31.46:667][268]LogModuleManager: Shutting down and abandoning module GameplayTasksEditor (224)
[2019.03.01-17.31.46:667][268]LogModuleManager: Shutting down and abandoning module BehaviorTreeEditor (222)
[2019.03.01-17.31.46:667][268]LogModuleManager: Shutting down and abandoning module FunctionalTesting (220)
[2019.03.01-17.31.46:667][268]LogModuleManager: Shutting down and abandoning module CollisionAnalyzer (218)
[2019.03.01-17.31.46:668][268]LogModuleManager: Shutting down and abandoning module WorkspaceMenuStructure (217)
[2019.03.01-17.31.46:668][268]LogModuleManager: Shutting down and abandoning module UMG (214)
[2019.03.01-17.31.46:668][268]LogModuleManager: Shutting down and abandoning module UMGEditor (213)
[2019.03.01-17.31.46:668][268]LogModuleManager: Shutting down and abandoning module Sequencer (212)
[2019.03.01-17.31.46:668][268]LogModuleManager: Shutting down and abandoning module MessageLog (209)
[2019.03.01-17.31.46:668][268]LogModuleManager: Shutting down and abandoning module SlateReflector (204)
[2019.03.01-17.31.46:668][268]LogModuleManager: Shutting down and abandoning module Slate (202)
[2019.03.01-17.31.46:668][268]LogModuleManager: Shutting down and abandoning module EditorStyle (200)
[2019.03.01-17.31.46:670][268]LogModuleManager: Shutting down and abandoning module MRMesh (198)
[2019.03.01-17.31.46:670][268]LogModuleManager: Shutting down and abandoning module SourceCodeAccess (196)
[2019.03.01-17.31.46:670][268]LogModuleManager: Shutting down and abandoning module HeadMountedDisplay (194)
[2019.03.01-17.31.46:670][268]LogModuleManager: Shutting down and abandoning module XAudio2 (192)
[2019.03.01-17.31.46:670][268]LogModuleManager: Shutting down and abandoning module Networking (190)
[2019.03.01-17.31.46:670][268]LogModuleManager: Shutting down and abandoning module Core (188)
[2019.03.01-17.31.46:670][268]LogModuleManager: Shutting down and abandoning module LevelSequence (186)
[2019.03.01-17.31.46:670][268]LogModuleManager: Shutting down and abandoning module KismetCompiler (184)
[2019.03.01-17.31.46:670][268]LogModuleManager: Shutting down and abandoning module MeshUtilities (182)
[2019.03.01-17.31.46:670][268]LogModuleManager: Shutting down and abandoning module MeshMergeUtilities (181)
[2019.03.01-17.31.46:670][268]LogModuleManager: Shutting down and abandoning module MeshReductionInterface (180)
[2019.03.01-17.31.46:670][268]LogModuleManager: Shutting down and abandoning module SimplygonSwarm (179)
[2019.03.01-17.31.46:670][268]LogModuleManager: Shutting down and abandoning module ProxyLODMeshReduction (177)
[2019.03.01-17.31.46:670][268]LogModuleManager: Shutting down and abandoning module SimplygonMeshReduction (175)
[2019.03.01-17.31.46:670][268]LogModuleManager: Shutting down and abandoning module QuadricMeshReduction (173)
[2019.03.01-17.31.46:670][268]LogModuleManager: Shutting down and abandoning module MaterialBaking (169)
[2019.03.01-17.31.46:670][268]LogModuleManager: Shutting down and abandoning module DirectoryWatcher (165)
[2019.03.01-17.31.46:670][268]LogModuleManager: Shutting down and abandoning module DerivedDataCache (162)
[2019.03.01-17.31.46:705][268]LogDerivedDataCache: Shutdown
[2019.03.01-17.31.46:705][268]LogModuleManager: Shutting down and abandoning module XGEController (160)
[2019.03.01-17.31.46:706][268]LogXGEController: Cleaning working directory: C:/Users/Omega Eternal/AppData/Local/Temp/UnrealXGEWorkingDir/
[2019.03.01-17.31.46:706][268]LogModuleManager: Shutting down and abandoning module TargetPlatform (158)
[2019.03.01-17.31.46:706][268]LogModuleManager: Shutting down and abandoning module VulkanShaderFormat (157)
[2019.03.01-17.31.46:706][268]LogModuleManager: Shutting down and abandoning module ShaderFormatVectorVM (155)
[2019.03.01-17.31.46:706][268]LogModuleManager: Shutting down and abandoning module ShaderFormatOpenGL (153)
[2019.03.01-17.31.46:706][268]LogModuleManager: Shutting down and abandoning module ShaderFormatD3D (151)
[2019.03.01-17.31.46:706][268]LogModuleManager: Shutting down and abandoning module MetalShaderFormat (149)
[2019.03.01-17.31.46:706][268]LogModuleManager: Shutting down and abandoning module TextureFormatUncompressed (147)
[2019.03.01-17.31.46:706][268]LogModuleManager: Shutting down and abandoning module TextureFormatPVR (145)
[2019.03.01-17.31.46:706][268]LogModuleManager: Shutting down and abandoning module TextureFormatDXT (143)
[2019.03.01-17.31.46:706][268]LogModuleManager: Shutting down and abandoning module TextureFormatIntelISPCTexComp (141)
[2019.03.01-17.31.46:706][268]LogModuleManager: Shutting down and abandoning module TextureFormatASTC (139)
[2019.03.01-17.31.46:706][268]LogModuleManager: Shutting down and abandoning module ImageWrapper (138)
[2019.03.01-17.31.46:706][268]LogModuleManager: Shutting down and abandoning module TextureFormatAndroid (135)
[2019.03.01-17.31.46:706][268]LogModuleManager: Shutting down and abandoning module AudioFormatOpus (133)
[2019.03.01-17.31.46:706][268]LogModuleManager: Shutting down and abandoning module AudioFormatOgg (131)
[2019.03.01-17.31.46:706][268]LogModuleManager: Shutting down and abandoning module AudioFormatADPCM (129)
[2019.03.01-17.31.46:706][268]LogModuleManager: Shutting down and abandoning module LuminTargetPlatform (127)
[2019.03.01-17.31.46:707][268]LogModuleManager: Shutting down and abandoning module LinuxTargetPlatform (125)
[2019.03.01-17.31.46:707][268]LogModuleManager: Shutting down and abandoning module LinuxServerTargetPlatform (123)
[2019.03.01-17.31.46:707][268]LogModuleManager: Shutting down and abandoning module LinuxNoEditorTargetPlatform (121)
[2019.03.01-17.31.46:707][268]LogModuleManager: Shutting down and abandoning module LinuxClientTargetPlatform (119)
[2019.03.01-17.31.46:707][268]LogModuleManager: Shutting down and abandoning module TVOSTargetPlatform (117)
[2019.03.01-17.31.46:707][268]LogModuleManager: Shutting down and abandoning module Messaging (115)
[2019.03.01-17.31.46:707][268]LogModuleManager: Shutting down and abandoning module IOSTargetPlatform (113)
[2019.03.01-17.31.46:708][268]LogModuleManager: Shutting down and abandoning module HTML5TargetPlatform (111)
[2019.03.01-17.31.46:708][268]LogModuleManager: Shutting down and abandoning module AndroidTargetPlatform (109)
[2019.03.01-17.31.46:714][268]LogModuleManager: Shutting down and abandoning module WindowsTargetPlatform (107)
[2019.03.01-17.31.46:714][268]LogModuleManager: Shutting down and abandoning module WindowsServerTargetPlatform (105)
[2019.03.01-17.31.46:714][268]LogModuleManager: Shutting down and abandoning module WindowsNoEditorTargetPlatform (103)
[2019.03.01-17.31.46:714][268]LogModuleManager: Shutting down and abandoning module WindowsClientTargetPlatform (101)
[2019.03.01-17.31.46:714][268]LogModuleManager: Shutting down and abandoning module MacTargetPlatform (99)
[2019.03.01-17.31.46:714][268]LogModuleManager: Shutting down and abandoning module MacServerTargetPlatform (97)
[2019.03.01-17.31.46:714][268]LogModuleManager: Shutting down and abandoning module MacNoEditorTargetPlatform (95)
[2019.03.01-17.31.46:714][268]LogModuleManager: Shutting down and abandoning module MacClientTargetPlatform (93)
[2019.03.01-17.31.46:714][268]LogModuleManager: Shutting down and abandoning module AllDesktopTargetPlatform (91)
[2019.03.01-17.31.46:714][268]LogModuleManager: Shutting down and abandoning module InputCore (88)
[2019.03.01-17.31.46:714][268]LogModuleManager: Shutting down and abandoning module Settings (86)
[2019.03.01-17.31.46:714][268]LogModuleManager: Shutting down and abandoning module PhysXCooking (84)
[2019.03.01-17.31.46:715][268]LogModuleManager: Shutting down and abandoning module SteamVR (82)
[2019.03.01-17.31.46:715][268]LogModuleManager: Shutting down and abandoning module OculusHMD (80)
[2019.03.01-17.31.46:715][268]LogModuleManager: Shutting down and abandoning module ExampleDeviceProfileSelector (78)
[2019.03.01-17.31.46:715][268]LogModuleManager: Shutting down and abandoning module LauncherChunkInstaller (76)
[2019.03.01-17.31.46:715][268]LogModuleManager: Shutting down and abandoning module OnlineBlueprintSupport (74)
[2019.03.01-17.31.46:715][268]LogModuleManager: Shutting down and abandoning module OnlineSubsystem (70)
[2019.03.01-17.31.46:715][268]LogModuleManager: Shutting down and abandoning module XMPP (65)
[2019.03.01-17.31.46:715][268]LogModuleManager: Shutting down and abandoning module WebSockets (64)
[2019.03.01-17.31.46:747][268]LogModuleManager: Shutting down and abandoning module HTTP (61)
[2019.03.01-17.31.46:747][268]LogHttp: Display: Http module shutting down, but needs to wait on 1 outstanding Http requests:
[2019.03.01-17.31.46:747][268]LogHttp: Display: 	verb=[POST] url=[https://datarouter.ol.epicgames.com/datarouter/api/v1/public/data?SessionID=%7B128CB86C-4291-3BFA-F7D5-CDBC2222914C%7D&AppID=UEEditor.Rocket.Release&AppVersion=4.20.3-4369336%2B%2B%2BUE4%2BRelease-4.20&UserID=e0cc5c754084b9a7a4c29c80c23128db%7Ca8a17c20782c459793b0ae4369d635d1%7C86523a13-e526-4ad4-bade-0bfa7b454647&AppEnvironment=datacollector-binary&UploadType=eteventstream] status=Processing
[2019.03.01-17.31.46:781][268]LogModuleManager: Shutting down and abandoning module SSL (60)
[2019.03.01-17.31.46:782][268]LogModuleManager: Shutting down and abandoning module MagicLeapEmulator (56)
[2019.03.01-17.31.46:782][268]LogModuleManager: Shutting down and abandoning module MagicLeapPrivileges (54)
[2019.03.01-17.31.46:782][268]LogModuleManager: Shutting down and abandoning module MagicLeapIdentity (52)
[2019.03.01-17.31.46:782][268]LogModuleManager: Shutting down and abandoning module MagicLeapHelperVulkan (50)
[2019.03.01-17.31.46:782][268]LogModuleManager: Shutting down and abandoning module MagicLeapHelperOpenGL (48)
[2019.03.01-17.31.46:782][268]LogModuleManager: Shutting down and abandoning module MagicLeapSecureStorage (46)
[2019.03.01-17.31.46:782][268]LogModuleManager: Shutting down and abandoning module MagicLeapGestures (44)
[2019.03.01-17.31.46:782][268]LogModuleManager: Shutting down and abandoning module MagicLeapEyeTracker (42)
[2019.03.01-17.31.46:783][268]LogModuleManager: Shutting down and abandoning module MagicLeapController (40)
[2019.03.01-17.31.46:783][268]LogSlate: Slate User Destroyed.  User Index 0, Is Virtual User: 0
[2019.03.01-17.31.46:783][268]LogModuleManager: Shutting down and abandoning module MagicLeap (38)
[2019.03.01-17.31.46:783][268]LogModuleManager: Shutting down and abandoning module AnimationModifiers (36)
[2019.03.01-17.31.46:783][268]LogModuleManager: Shutting down and abandoning module PropertyEditor (35)
[2019.03.01-17.31.46:783][268]LogModuleManager: Shutting down and abandoning module AudioEditor (32)
[2019.03.01-17.31.46:783][268]LogModuleManager: Shutting down and abandoning module TextureCompressor (30)
[2019.03.01-17.31.46:783][268]LogModuleManager: Shutting down and abandoning module ShaderCore (28)
[2019.03.01-17.31.46:783][268]LogModuleManager: Shutting down and abandoning module Landscape (26)
[2019.03.01-17.31.46:783][268]LogModuleManager: Shutting down and abandoning module SlateRHIRenderer (24)
[2019.03.01-17.31.46:784][268]LogModuleManager: Shutting down and abandoning module OpenGLDrv (22)
[2019.03.01-17.31.46:784][268]LogModuleManager: Shutting down and abandoning module D3D11RHI (20)
[2019.03.01-17.31.46:784][268]LogModuleManager: Shutting down and abandoning module AnimGraphRuntime (18)
[2019.03.01-17.31.46:784][268]LogModuleManager: Shutting down and abandoning module Renderer (16)
[2019.03.01-17.31.46:784][268]LogModuleManager: Shutting down and abandoning module Engine (14)
[2019.03.01-17.31.46:784][268]LogModuleManager: Shutting down and abandoning module CoreUObject (12)
[2019.03.01-17.31.46:784][268]LogModuleManager: Shutting down and abandoning module NetworkFile (10)
[2019.03.01-17.31.46:784][268]LogModuleManager: Shutting down and abandoning module CookedIterativeFile (8)
[2019.03.01-17.31.46:784][268]LogModuleManager: Shutting down and abandoning module StreamingFile (6)
[2019.03.01-17.31.46:784][268]LogModuleManager: Shutting down and abandoning module SandboxFile (4)
[2019.03.01-17.31.46:784][268]LogModuleManager: Shutting down and abandoning module PakFile (2)
[2019.03.01-17.31.46:792][268]LogExit: Exiting.
[2019.03.01-17.31.46:798][268]Log file closed, 03/01/19 18:31:46
