Log file open, 02/25/19 14:03:15
LogWindows: Failed to load 'aqProf.dll' (GetLastError=126)
LogWindows: File 'aqProf.dll' does not exist
LogWindows: Failed to load 'VSPerf140.dll' (GetLastError=126)
LogWindows: File 'VSPerf140.dll' does not exist
LogWindows: Failed to load 'VtuneApi.dll' (GetLastError=126)
LogWindows: File 'VtuneApi.dll' does not exist
LogWindows: Failed to load 'VtuneApi32e.dll' (GetLastError=126)
LogWindows: File 'VtuneApi32e.dll' does not exist
LogInit: Display: Running engine for game: WoldAssault
LogPlatformFile: Not using cached read wrapper
LogTaskGraph: Started task graph with 5 named threads and 14 total threads with 3 sets of task threads.
LogStats: Stats thread started at 0.305107
LogD3D11RHI: Loaded GFSDK_Aftermath_Lib.x64.dll
LogICUInternationalization: Display: ICU TimeZone Detection - Raw Offset: +1:00, Platform Override: ''
LogPluginManager: Mounting plugin Paper2D
LogPluginManager: Mounting plugin AISupport
LogPluginManager: Mounting plugin LightPropagationVolume
LogPluginManager: Mounting plugin CLionSourceCodeAccess
LogPluginManager: Mounting plugin CodeLiteSourceCodeAccess
LogPluginManager: Mounting plugin GitSourceControl
LogPluginManager: Mounting plugin KDevelopSourceCodeAccess
LogPluginManager: Mounting plugin NullSourceCodeAccess
LogPluginManager: Mounting plugin PerforceSourceControl
LogPluginManager: Mounting plugin SubversionSourceControl
LogPluginManager: Mounting plugin UObjectPlugin
LogPluginManager: Mounting plugin VisualStudioCodeSourceCodeAccess
LogPluginManager: Mounting plugin VisualStudioSourceCodeAccess
LogPluginManager: Mounting plugin XCodeSourceCodeAccess
LogPluginManager: Mounting plugin AssetManagerEditor
LogPluginManager: Mounting plugin CryptoKeys
LogPluginManager: Mounting plugin DataValidation
LogPluginManager: Mounting plugin FacialAnimation
LogPluginManager: Mounting plugin GameplayTagsEditor
LogPluginManager: Mounting plugin MacGraphicsSwitching
LogPluginManager: Mounting plugin MeshEditor
LogPluginManager: Mounting plugin MobileLauncherProfileWizard
LogPluginManager: Mounting plugin PluginBrowser
LogPluginManager: Mounting plugin SpeedTreeImporter
LogPluginManager: Mounting plugin DatasmithContent
LogPluginManager: Mounting plugin AlembicImporter
LogPluginManager: Mounting plugin AppleImageUtils
LogPluginManager: Mounting plugin AppleVision
LogPluginManager: Mounting plugin BackChannel
LogPluginManager: Mounting plugin CharacterAI
LogPluginManager: Mounting plugin GeometryCache
LogPluginManager: Mounting plugin HTML5Networking
LogPluginManager: Mounting plugin ProxyLODPlugin
LogPluginManager: Mounting plugin MagicLeap
LogPluginManager: Mounting plugin MagicLeapEmulator
LogPluginManager: Mounting plugin MagicLeapMedia
LogPluginManager: Mounting plugin AndroidMedia
LogPluginManager: Mounting plugin AvfMedia
LogPluginManager: Mounting plugin ImgMedia
LogPluginManager: Mounting plugin LinearTimecode
LogPluginManager: Mounting plugin MediaCompositing
LogPluginManager: Mounting plugin MediaPlayerEditor
LogPluginManager: Mounting plugin WmfMedia
LogPluginManager: Mounting plugin TcpMessaging
LogPluginManager: Mounting plugin UdpMessaging
LogPluginManager: Mounting plugin ActorSequence
LogPluginManager: Mounting plugin LevelSequenceEditor
LogPluginManager: Mounting plugin MatineeToLevelSequence
LogPluginManager: Mounting plugin NetcodeUnitTest
LogPluginManager: Mounting plugin NUTUnrealEngine4
LogPluginManager: Mounting plugin OnlineSubsystemGooglePlay
LogPluginManager: Mounting plugin OnlineSubsystemIOS
LogPluginManager: Mounting plugin OnlineSubsystem
LogPluginManager: Mounting plugin OnlineSubsystemNull
LogPluginManager: Mounting plugin OnlineSubsystemUtils
LogPluginManager: Mounting plugin LauncherChunkInstaller
LogPluginManager: Mounting plugin AndroidDeviceProfileSelector
LogPluginManager: Mounting plugin AndroidMoviePlayer
LogPluginManager: Mounting plugin AndroidPermission
LogPluginManager: Mounting plugin AppleMoviePlayer
LogPluginManager: Mounting plugin ArchVisCharacter
LogPluginManager: Mounting plugin AudioCapture
LogPluginManager: Mounting plugin CableComponent
LogPluginManager: Mounting plugin CustomMeshComponent
LogPluginManager: Mounting plugin EditableMesh
LogPluginManager: Mounting plugin ExampleDeviceProfileSelector
LogPluginManager: Mounting plugin GoogleCloudMessaging
LogPluginManager: Mounting plugin ImmediatePhysics
LogPluginManager: Mounting plugin IOSDeviceProfileSelector
LogPluginManager: Mounting plugin LinuxDeviceProfileSelector
LogPluginManager: Mounting plugin LocationServicesBPLibrary
LogPluginManager: Mounting plugin MobilePatchingUtils
LogPluginManager: Mounting plugin OculusVR
LogPluginManager: Plugin shader directory ../../../Engine/Plugins/Runtime/Oculus/OculusVR/Shaders found
LogPluginManager: Mapping shader source directory ../../../Engine/Plugins/Runtime/Oculus/OculusVR/Shaders to virtual directory /Plugin/OculusVR
LogPluginManager: Mounting plugin PhysXVehicles
LogPluginManager: Mounting plugin ProceduralMeshComponent
LogPluginManager: Mounting plugin RuntimePhysXCooking
LogPluginManager: Mounting plugin SteamVR
LogPluginManager: Mounting plugin WindowsMoviePlayer
LogStreaming: Display: Took  1.097s to configure plugins.
LogInit: Using libcurl 7.55.1-DEV
LogInit:  - built for x86_64-pc-win32
LogInit:  - supports SSL with OpenSSL/1.0.2h
LogInit:  - supports HTTP deflate (compression) using libz 1.2.8
LogInit:  - other features:
LogInit:      CURL_VERSION_SSL
LogInit:      CURL_VERSION_LIBZ
LogInit:      CURL_VERSION_IPV6
LogInit:      CURL_VERSION_ASYNCHDNS
LogInit:      CURL_VERSION_LARGEFILE
LogInit:      CURL_VERSION_IDN
LogInit:  CurlRequestOptions (configurable via config and command line):
LogInit:  - bVerifyPeer = false  - Libcurl will NOT verify peer certificate
LogInit:  - bUseHttpProxy = false  - Libcurl will NOT use HTTP proxy
LogInit:  - bDontReuseConnections = false  - Libcurl will reuse connections
LogInit:  - CertBundlePath = nullptr  - Libcurl will use whatever was configured at build time.
LogInit:  - MaxHostConnections = 16  - Libcurl will limit the number of connections to a host
LogInit:  - LocalHostAddr = Default
LogInit:  - BufferSize = 65536
LogInit: WinSock: version 1.1 (2.2), MaxSocks=32767, MaxUdp=65467
LogInit: Build: ++UE4+Release-4.20-CL-4369336
LogInit: Engine Version: 4.20.3-4369336+++UE4+Release-4.20
LogInit: Compatible Engine Version: 4.20.0-4212847+++UE4+Release-4.20
LogInit: Net CL: 4212847
LogInit: OS: Windows 10 (), CPU: Intel(R) Core(TM) i5-7300HQ CPU @ 2.50GHz, GPU: Intel(R) HD Graphics 630
LogInit: Compiled (64-bit): Sep 17 2018 12:26:19
LogInit: Compiled with Visual C++: 19.13.26129.00
LogInit: Build Configuration: Development
LogInit: Branch Name: ++UE4+Release-4.20
LogInit: Command Line:  
LogInit: Base Directory: D:/Epic/Epic Games/UE_4.20/Engine/Binaries/Win64/
LogInit: Installed Engine Build: 1
LogDevObjectVersion: Number of dev versions registered: 20
LogDevObjectVersion:   Dev-Blueprints (B0D832E4-1F89-4F0D-ACCF-7EB736FD4AA2): 10
LogDevObjectVersion:   Dev-Build (E1C64328-A22C-4D53-A36C-8E866417BD8C): 0
LogDevObjectVersion:   Dev-Core (375EC13C-06E4-48FB-B500-84F0262A717E): 2
LogDevObjectVersion:   Dev-Editor (E4B068ED-F494-42E9-A231-DA0B2E46BB41): 24
LogDevObjectVersion:   Dev-Framework (CFFC743F-43B0-4480-9391-14DF171D2073): 34
LogDevObjectVersion:   Dev-Mobile (B02B49B5-BB20-44E9-A304-32B752E40360): 2
LogDevObjectVersion:   Dev-Networking (A4E4105C-59A1-49B5-A7C5-40C4547EDFEE): 0
LogDevObjectVersion:   Dev-Online (39C831C9-5AE6-47DC-9A44-9C173E1C8E7C): 0
LogDevObjectVersion:   Dev-Physics (78F01B33-EBEA-4F98-B9B4-84EACCB95AA2): 0
LogDevObjectVersion:   Dev-Platform (6631380F-2D4D-43E0-8009-CF276956A95A): 0
LogDevObjectVersion:   Dev-Rendering (12F88B9F-8875-4AFC-A67C-D90C383ABD29): 26
LogDevObjectVersion:   Dev-Sequencer (7B5AE74C-D270-4C10-A958-57980B212A5A): 9
LogDevObjectVersion:   Dev-VR (D7296918-1DD6-4BDD-9DE2-64A83CC13884): 2
LogDevObjectVersion:   Dev-LoadTimes (C2A15278-BFE7-4AFE-6C17-90FF531DF755): 1
LogDevObjectVersion:   Private-Geometry (6EACA3D4-40EC-4CC1-B786-8BED09428FC5): 3
LogDevObjectVersion:   Dev-AnimPhys (29E575DD-E0A3-4627-9D10-D276232CDCEA): 17
LogDevObjectVersion:   Dev-ReflectionCapture (6B266CEC-1EC7-4B8F-A30B-E4D90942FC07): 1
LogDevObjectVersion:   Dev-Automation (0DF73D61-A23F-47EA-B727-89E90C41499A): 1
LogDevObjectVersion:   FortniteMain (601D1886-AC64-4F84-AA16-D3DE0DEAC7D6): 12
LogDevObjectVersion:   Dev-Enterprise (9DFFBCD6-494F-0158-E221-12823C92A888): 1
LogStreaming: Display: Took  0.046s to delete old logs.
LogInit: Presizing for max 8388607 objects, including 0 objects not considered by GC, pre-allocating 0 bytes for permanent pool.
LogInit: Object subsystem initialized
[2019.02.25-13.03.19:031][  0]LogInit: Selected Device Profile: [Windows]
[2019.02.25-13.03.19:031][  0]LogInit: Applying CVar settings loaded from the selected device profile: [Windows]
[2019.02.25-13.03.19:093][  0]LogHAL: Display: Platform has ~ 8 GB [8469581824 / 8589934592 / 8], which maps to Default [LargestMinGB=32, LargerMinGB=12, DefaultMinGB=8, SmallerMinGB=6, SmallestMinGB=0)
[2019.02.25-13.03.19:093][  0]LogInit: Setting Device Profile CVar: [[r.Vulkan.UseRealUBs:1]]
[2019.02.25-13.03.19:093][  0]LogInit: Going up to parent DeviceProfile []
[2019.02.25-13.03.19:125][  0]LogInit: Computer: LAPTOP-MQ8DKORB
[2019.02.25-13.03.19:125][  0]LogInit: User: OmegaEternal
[2019.02.25-13.03.19:125][  0]LogInit: CPU Page size=4096, Cores=4
[2019.02.25-13.03.19:125][  0]LogInit: High frequency timer resolution =2.437501 MHz
[2019.02.25-13.03.19:125][  0]LogMemory: Memory total: Physical=7.9GB (8GB approx)
[2019.02.25-13.03.19:125][  0]LogMemory: Platform Memory Stats for Windows
[2019.02.25-13.03.19:125][  0]LogMemory: Process Physical Memory: 99.65 MB used, 99.65 MB peak
[2019.02.25-13.03.19:125][  0]LogMemory: Process Virtual Memory: 90.69 MB used, 90.69 MB peak
[2019.02.25-13.03.19:125][  0]LogMemory: Physical Memory: 4496.33 MB used,  3580.89 MB free, 8077.22 MB total
[2019.02.25-13.03.19:125][  0]LogMemory: Virtual Memory: 4627.06 MB used,  3580.89 MB free, 134217728.00 MB total
[2019.02.25-13.03.20:203][  0]LogInit: Using OS detected language (fr-FR).
[2019.02.25-13.03.20:203][  0]LogInit: Using OS detected locale (fr-FR).
[2019.02.25-13.03.20:235][  0]LogTextLocalizationManager: No specific localization for 'fr-FR' exists, so the 'fr' localization will be used.
[2019.02.25-13.03.20:354][  0]LogStreaming: Display: Took  0.151s to InitEngineTextLocalization.
[2019.02.25-13.03.20:355][  0]LogInit: Setting process to per monitor DPI aware
[2019.02.25-13.03.20:781][  0]LogSlate: New Slate User Created.  User Index 0, Is Virtual User: 0
[2019.02.25-13.03.20:781][  0]LogSlate: Slate User Registered.  User Index 0, Is Virtual User: 0
[2019.02.25-13.03.24:343][  0]LogHMD: Failed to initialize OpenVR with code 110
[2019.02.25-13.03.24:343][  0]LogD3D11RHI: D3D11 adapters:
[2019.02.25-13.03.24:540][  0]LogD3D11RHI:    0. 'NVIDIA GeForce GTX 1050' (Feature Level 11_0)
[2019.02.25-13.03.24:540][  0]LogD3D11RHI:       1977/0/4038 MB DedicatedVideo/DedicatedSystem/SharedSystem, Outputs:1, VendorId:0x10de
[2019.02.25-13.03.24:555][  0]LogD3D11RHI:    1. 'Intel(R) HD Graphics 630' (Feature Level 11_0)
[2019.02.25-13.03.24:555][  0]LogD3D11RHI:       128/0/4038 MB DedicatedVideo/DedicatedSystem/SharedSystem, Outputs:0, VendorId:0x8086
[2019.02.25-13.03.24:558][  0]LogD3D11RHI:    2. 'Microsoft Basic Render Driver' (Feature Level 11_0)
[2019.02.25-13.03.24:559][  0]LogD3D11RHI:       0/0/4038 MB DedicatedVideo/DedicatedSystem/SharedSystem, Outputs:0, VendorId:0x1414
[2019.02.25-13.03.24:559][  0]LogD3D11RHI: Chosen D3D11 Adapter: 0
[2019.02.25-13.03.24:591][  0]LogD3D11RHI: Creating new Direct3DDevice
[2019.02.25-13.03.24:591][  0]LogD3D11RHI:     GPU DeviceId: 0x1c8d (for the marketing name, search the web for "GPU Device Id")
[2019.02.25-13.03.24:591][  0]LogWindows: EnumDisplayDevices:
[2019.02.25-13.03.24:591][  0]LogWindows:    0. 'Intel(R) HD Graphics 630' (P:1 D:1)
[2019.02.25-13.03.24:592][  0]LogWindows:    1. 'Intel(R) HD Graphics 630' (P:0 D:0)
[2019.02.25-13.03.24:592][  0]LogWindows:    2. 'Intel(R) HD Graphics 630' (P:0 D:0)
[2019.02.25-13.03.24:592][  0]LogWindows:    3. 'NVIDIA GeForce GTX 1050' (P:0 D:0)
[2019.02.25-13.03.24:592][  0]LogWindows: DebugString: PrimaryIsNotTheChoosenAdapter PrimaryIsNotTheChoosenAdapter PrimaryIsNotTheChoosenAdapter 
[2019.02.25-13.03.24:592][  0]LogD3D11RHI:     Adapter Name: NVIDIA GeForce GTX 1050
[2019.02.25-13.03.24:592][  0]LogD3D11RHI:   Driver Version: 419.17 (internal:25.21.14.1917, unified:419.17)
[2019.02.25-13.03.24:592][  0]LogD3D11RHI:      Driver Date: 2-20-2019
[2019.02.25-13.03.24:593][  0]LogRHI: Texture pool is 1384 MB (70% of 1977 MB)
[2019.02.25-13.03.24:645][  0]LogD3D11RHI: Async texture creation enabled
[2019.02.25-13.03.24:686][  0]LogD3D11RHI: GPU Timing Frequency: 1000.000000 (Debug: 2 1)
[2019.02.25-13.03.24:687][  0]LogShaderCompilers: Guid format shader working directory is -2 characters bigger than the processId version (../../../../../../Documents/Unreal Projects/WoldAssault/Intermediate/Shaders/WorkingDirectory/16260/).
[2019.02.25-13.03.24:687][  0]LogShaderCompilers: Cleaned the shader compiler working directory 'C:/Users/Omega Eternal/AppData/Local/Temp/UnrealShaderWorkingDir/727DB183416460CBA0EA4B812EC67995/'.
[2019.02.25-13.03.25:866][  0]LogTemp: Display: Loaded TP AllDesktopTargetPlatform
[2019.02.25-13.03.25:927][  0]LogTemp: Display: Loaded TP MacClientTargetPlatform
[2019.02.25-13.03.25:973][  0]LogTemp: Display: Loaded TP MacNoEditorTargetPlatform
[2019.02.25-13.03.26:035][  0]LogTemp: Display: Loaded TP MacServerTargetPlatform
[2019.02.25-13.03.26:101][  0]LogTemp: Display: Loaded TP MacTargetPlatform
[2019.02.25-13.03.26:131][  0]LogTemp: Display: Loaded TP WindowsClientTargetPlatform
[2019.02.25-13.03.26:171][  0]LogTemp: Display: Loaded TP WindowsNoEditorTargetPlatform
[2019.02.25-13.03.26:214][  0]LogTemp: Display: Loaded TP WindowsServerTargetPlatform
[2019.02.25-13.03.26:240][  0]LogTemp: Display: Loaded TP WindowsTargetPlatform
[2019.02.25-13.03.26:412][  0]LogTemp: Display: Loaded TP AndroidTargetPlatform
[2019.02.25-13.03.26:412][  0]LogTemp: Display: Loaded TP AndroidTargetPlatform
[2019.02.25-13.03.26:412][  0]LogTemp: Display: Loaded TP AndroidTargetPlatform
[2019.02.25-13.03.26:412][  0]LogTemp: Display: Loaded TP AndroidTargetPlatform
[2019.02.25-13.03.26:412][  0]LogTemp: Display: Loaded TP AndroidTargetPlatform
[2019.02.25-13.03.26:412][  0]LogTemp: Display: Loaded TP AndroidTargetPlatform
[2019.02.25-13.03.26:412][  0]LogTemp: Display: Loaded TP AndroidTargetPlatform
[2019.02.25-13.03.26:412][  0]LogTemp: Display: Loaded TP AndroidTargetPlatform
[2019.02.25-13.03.26:412][  0]LogTemp: Display: Loaded TP AndroidTargetPlatform
[2019.02.25-13.03.26:412][  0]LogTemp: Display: Loaded TP AndroidTargetPlatform
[2019.02.25-13.03.26:412][  0]LogTemp: Display: Loaded TP AndroidTargetPlatform
[2019.02.25-13.03.26:412][  0]LogTemp: Display: Loaded TP AndroidTargetPlatform
[2019.02.25-13.03.26:412][  0]LogTemp: Display: Loaded TP AndroidTargetPlatform
[2019.02.25-13.03.26:412][  0]LogTemp: Display: Loaded TP AndroidTargetPlatform
[2019.02.25-13.03.26:412][  0]LogTemp: Display: Loaded TP AndroidTargetPlatform
[2019.02.25-13.03.26:412][  0]LogTemp: Display: Loaded TP AndroidTargetPlatform
[2019.02.25-13.03.26:412][  0]LogTemp: Display: Loaded TP AndroidTargetPlatform
[2019.02.25-13.03.26:412][  0]LogTemp: Display: Loaded TP AndroidTargetPlatform
[2019.02.25-13.03.26:445][  0]LogTemp: Display: Loaded TP HTML5TargetPlatform
[2019.02.25-13.03.26:666][  0]LogTemp: Display: Loaded TP IOSTargetPlatform
[2019.02.25-13.03.26:666][  0]LogTemp: Display: Loaded TP IOSTargetPlatform
[2019.02.25-13.03.26:743][  0]LogTemp: Display: Loaded TP TVOSTargetPlatform
[2019.02.25-13.03.26:743][  0]LogTemp: Display: Loaded TP TVOSTargetPlatform
[2019.02.25-13.03.26:788][  0]LogTemp: Display: Loaded TP LinuxClientTargetPlatform
[2019.02.25-13.03.26:839][  0]LogTemp: Display: Loaded TP LinuxNoEditorTargetPlatform
[2019.02.25-13.03.26:880][  0]LogTemp: Display: Loaded TP LinuxServerTargetPlatform
[2019.02.25-13.03.26:952][  0]LogTemp: Display: Loaded TP LinuxTargetPlatform
[2019.02.25-13.03.26:997][  0]LogTemp: Display: Loaded TP LuminTargetPlatform
[2019.02.25-13.03.26:997][  0]LogTargetPlatformManager: Display: Building Assets For Windows
[2019.02.25-13.03.28:424][  0]LogXGEController: Cleaning working directory: C:/Users/Omega Eternal/AppData/Local/Temp/UnrealXGEWorkingDir/
[2019.02.25-13.03.28:424][  0]LogXGEController: Cannot use XGE Controller as Incredibuild is not installed on this machine.
[2019.02.25-13.03.28:424][  0]LogShaderCompilers: Cannot use XGE Shader Compiler as Incredibuild is not installed on this machine.
[2019.02.25-13.03.28:424][  0]LogShaderCompilers: Display: Using Local Shader Compiler.
[2019.02.25-13.03.33:628][  0]LogDerivedDataCache: Display: Max Cache Size: 512 MB
[2019.02.25-13.03.33:916][  0]LogDerivedDataCache: Loaded boot cache 0.29s 71MB C:/Users/Omega Eternal/AppData/Local/UnrealEngine/4.20/DerivedDataCache/Boot.ddc.
[2019.02.25-13.03.33:917][  0]LogDerivedDataCache: Display: Loaded Boot cache: C:/Users/Omega Eternal/AppData/Local/UnrealEngine/4.20/DerivedDataCache/Boot.ddc
[2019.02.25-13.03.33:917][  0]LogDerivedDataCache: FDerivedDataBackendGraph:  Pak pak cache file ../../../../../../Documents/Unreal Projects/WoldAssault/DerivedDataCache/DDC.ddp not found, will not use a pak cache.
[2019.02.25-13.03.33:917][  0]LogDerivedDataCache: Unable to find inner node Pak for hierarchical cache Hierarchy.
[2019.02.25-13.03.33:917][  0]LogDerivedDataCache: FDerivedDataBackendGraph:  CompressedPak pak cache file ../../../../../../Documents/Unreal Projects/WoldAssault/DerivedDataCache/Compressed.ddp not found, will not use a pak cache.
[2019.02.25-13.03.33:917][  0]LogDerivedDataCache: Unable to find inner node CompressedPak for hierarchical cache Hierarchy.
[2019.02.25-13.03.34:027][  0]LogDerivedDataCache: Display: Pak cache opened for reading ../../../Engine/DerivedDataCache/Compressed.ddp.
[2019.02.25-13.03.34:041][  0]LogDerivedDataCache: Using Local data cache path C:/Users/Omega Eternal/AppData/Local/UnrealEngine/Common/DerivedDataCache: Writable
[2019.02.25-13.03.34:041][  0]LogDerivedDataCache: Shared data cache path not found in *engine.ini, will not use an Shared cache.
[2019.02.25-13.03.34:041][  0]LogDerivedDataCache: Unable to find inner node Shared for hierarchical cache Hierarchy.
[2019.02.25-13.03.34:065][  0]LogMaterial: Verifying Global Shaders for PCD3D_SM5
[2019.02.25-13.03.34:067][  0]LogSlate: Using FreeType 2.6.0
[2019.02.25-13.03.34:129][  0]LogSlate: SlateFontServices - WITH_FREETYPE: 1, WITH_HARFBUZZ: 1
[2019.02.25-13.03.34:680][  0]LogAssetRegistry: FAssetRegistry took 0.0262 seconds to start up
[2019.02.25-13.03.35:100][  0]LogInit: Selected Device Profile: [Windows]
[2019.02.25-13.03.37:310][  0]LogSimplygon: Simplygon DLL not present - disabling.
[2019.02.25-13.03.37:653][  0]LogMeshReduction: Using SimplygonSwarm for distributed automatic mesh merging
[2019.02.25-13.03.37:699][  0]LogMeshReduction: Using ProxyLODMeshReduction for automatic mesh merging
[2019.02.25-13.03.37:731][  0]LogMeshReduction: Using QuadricMeshReduction for automatic static mesh reduction
[2019.02.25-13.03.37:731][  0]LogMeshReduction: No automatic skeletal mesh reduction module available
[2019.02.25-13.03.37:941][  0]LogNetVersion: WoldAssault 1.0.0, NetCL: 4212847, EngineNetVer: 5, GameNetVer: 0 (Checksum: 3604439811)
[2019.02.25-13.03.41:345][  0]LogPackageLocalizationCache: Processed 11 localized package path(s) for 2 prioritized culture(s) in 0.193810 seconds
[2019.02.25-13.03.41:354][  0]LogUObjectArray: 38425 objects as part of root set at end of initial load.
[2019.02.25-13.03.41:354][  0]LogUObjectAllocator: 6690872 out of 0 bytes used by permanent object pool.
[2019.02.25-13.03.41:354][  0]LogUObjectArray: CloseDisregardForGC: 0/0 objects in disregard for GC pool
[2019.02.25-13.03.55:854][  0]LogTcpMessaging: Initializing TcpMessaging bridge
[2019.02.25-13.03.55:898][  0]LogUdpMessaging: Initializing bridge on interface 0.0.0.0:0 to multicast group 230.0.0.1:6666.
[2019.02.25-13.03.57:524][  0]SourceControl: Source control is disabled
[2019.02.25-13.04.01:195][  0]LogAndroidPermission: UAndroidPermissionCallbackProxy::GetInstance
[2019.02.25-13.04.01:486][  0]LogOcInput: OculusInput pre-init called
[2019.02.25-13.04.01:946][  0]LogEngine: Initializing Engine...
[2019.02.25-13.04.01:947][  0]LogHMD: Failed to initialize OpenVR with code 110
[2019.02.25-13.04.01:948][  0]LogStats: UGameplayTagsManager::ConstructGameplayTagTree: ImportINI prefixes -  0.000 s
[2019.02.25-13.04.01:948][  0]LogStats: UGameplayTagsManager::ConstructGameplayTagTree: Construct from data asset -  0.000 s
[2019.02.25-13.04.01:948][  0]LogStats: UGameplayTagsManager::ConstructGameplayTagTree: ImportINI -  0.000 s
[2019.02.25-13.04.01:948][  0]LogStats: UGameplayTagsManager::ConstructGameplayTagTree: GameplayTagTreeChangedEvent.Broadcast -  0.000 s
[2019.02.25-13.04.03:092][  0]LogInit: Initializing FReadOnlyCVARCache
[2019.02.25-13.04.03:502][  0]LogAIModule: Creating AISystem for world Untitled
[2019.02.25-13.04.03:711][  0]LogInit: XAudio2 using 'Haut-parleur/Ecouteurs (Realtek High Definition Audio)' : 2 channels at 48 kHz using 32 bits per sample (channel mask 0x3)
[2019.02.25-13.04.03:760][  0]LogInit: FAudioDevice initialized.
[2019.02.25-13.04.03:781][  0]LogNetVersion: Set ProjectVersion to 1.0.0.0. Version Checksum will be recalculated on next use.
[2019.02.25-13.04.03:899][  0]LogDerivedDataCache: Saved boot cache 0.12s 71MB C:/Users/Omega Eternal/AppData/Local/UnrealEngine/4.20/DerivedDataCache/Boot.ddc.
[2019.02.25-13.04.03:905][  0]LogInit: Texture streaming: Enabled
[2019.02.25-13.04.04:085][  0]LogEngineSessionManager: EngineSessionManager initialized
[2019.02.25-13.04.04:215][  0]LogInit: Transaction tracking system initialized
[2019.02.25-13.04.04:466][  0]BlueprintLog: New page: Editor Load
[2019.02.25-13.04.06:357][  0]LocalizationService: Localization service is disabled
[2019.02.25-13.04.11:323][  0]LogFileCache: Scanning file cache for directory 'D:/Documents/Unreal Projects/WoldAssault/Content/' took 0.05s
[2019.02.25-13.04.11:323][  0]LogCook: Display: Max memory allowance for cook 16384mb min free memory 0mb
[2019.02.25-13.04.11:334][  0]LogCook: Display: Mobile HDR setting 1
[2019.02.25-13.04.11:361][  0]LogGameplayTags: Display: UGameplayTagsManager::DoneAddingNativeTags. DelegateIsBound: 0
[2019.02.25-13.04.11:361][  0]LogStats: UGameplayTagsManager::ConstructGameplayTagTree: ImportINI prefixes -  0.000 s
[2019.02.25-13.04.11:361][  0]LogStats: UGameplayTagsManager::ConstructGameplayTagTree: Construct from data asset -  0.000 s
[2019.02.25-13.04.11:361][  0]LogStats: UGameplayTagsManager::ConstructGameplayTagTree: ImportINI -  0.000 s
[2019.02.25-13.04.11:361][  0]LogStats: UGameplayTagsManager::ConstructGameplayTagTree: GameplayTagTreeChangedEvent.Broadcast -  0.000 s
[2019.02.25-13.04.14:646][  0]Cmd: MAP LOAD FILE="../../../Engine/Content/Maps/Templates/Template_Default.umap" TEMPLATE=1 SHOWPROGRESS=1 FEATURELEVEL=3
[2019.02.25-13.04.14:694][  0]LightingResults: New page: Lighting Build
[2019.02.25-13.04.14:962][  0]MapCheck: New page: Map Check
[2019.02.25-13.04.14:962][  0]LightingResults: New page: Lighting Build
[2019.02.25-13.04.16:258][  0]LogLinker: Warning: Can't find file '/Game/StarterContent/Blueprints/Assets/SunlightColorLUT'
[2019.02.25-13.04.16:258][  0]LogLinker: Warning: Can't find file for asset '/Game/StarterContent/Blueprints/Assets/SunlightColorLUT' while loading ../../../Engine/Content/EngineSky/BP_Sky_Sphere.uasset.
[2019.02.25-13.04.16:258][  0]LoadErrors: Error: /Engine/EngineSky/BP_Sky_Sphere : Can't find file for asset. /Game/StarterContent/Blueprints/Assets/SunlightColorLUT
[2019.02.25-13.04.16:406][  0]LogLinker: Warning: Can't find file '/Game/StarterContent/Blueprints/Assets/SunlightColorLUT'
[2019.02.25-13.04.16:406][  0]LogLinker: Warning: Can't find file for asset '/Game/StarterContent/Blueprints/Assets/SunlightColorLUT' while loading ../../../Engine/Content/EngineSky/BP_Sky_Sphere.uasset.
[2019.02.25-13.04.16:406][  0]LoadErrors: Error: /Engine/EngineSky/BP_Sky_Sphere : Can't find file for asset. /Game/StarterContent/Blueprints/Assets/SunlightColorLUT
[2019.02.25-13.04.16:420][  0]LogLinker: Warning: Can't find file '/Game/StarterContent/Blueprints/Assets/SunlightColorLUT'
[2019.02.25-13.04.16:421][  0]LogLinker: Warning: Can't find file for asset '/Game/StarterContent/Blueprints/Assets/SunlightColorLUT' while loading ../../../Engine/Content/Maps/Templates/Template_Default.umap.
[2019.02.25-13.04.16:421][  0]LoadErrors: Error: /Engine/Maps/Templates/Template_Default : Can't find file for asset. /Game/StarterContent/Blueprints/Assets/SunlightColorLUT
[2019.02.25-13.04.16:431][  0]LogLinker: Warning: Can't find file '/Game/StarterContent/Blueprints/Assets/SunlightColorLUT'
[2019.02.25-13.04.16:431][  0]LogLinker: Warning: Can't find file for asset '/Game/StarterContent/Blueprints/Assets/SunlightColorLUT' while loading ../../../Engine/Content/Maps/Templates/Template_Default.umap.
[2019.02.25-13.04.16:431][  0]LoadErrors: Error: /Engine/Maps/Templates/Template_Default : Can't find file for asset. /Game/StarterContent/Blueprints/Assets/SunlightColorLUT
[2019.02.25-13.04.16:431][  0]LogLinker: Warning: Can't find file '/Game/StarterContent/Blueprints/Assets/SunlightColorLUT'
[2019.02.25-13.04.16:431][  0]LoadErrors: Failed to load /Game/StarterContent/Blueprints/Assets/SunlightColorLUT.SunlightColorLUT Referenced by Default__BP_Sky_Sphere_C
[2019.02.25-13.04.16:431][  0]LogLinker: Warning: Can't find file for asset '/Game/StarterContent/Blueprints/Assets/SunlightColorLUT' while loading ../../../Engine/Content/Maps/Templates/Template_Default.umap.
[2019.02.25-13.04.16:431][  0]LoadErrors: Failed to load /Game/StarterContent/Blueprints/Assets/SunlightColorLUT.SunlightColorLUT Referenced by Default__BP_Sky_Sphere_C
[2019.02.25-13.04.16:431][  0]LoadErrors: Error: /Engine/Maps/Templates/Template_Default : Can't find file for asset. /Game/StarterContent/Blueprints/Assets/SunlightColorLUT
[2019.02.25-13.04.16:431][  0]LogLinker: Warning: Can't find file '/Game/StarterContent/Blueprints/Assets/SunlightColorLUT'
[2019.02.25-13.04.16:431][  0]LoadErrors: Failed to load /Game/StarterContent/Blueprints/Assets/SunlightColorLUT.SunlightColorLUT Referenced by Default__BP_Sky_Sphere_C
[2019.02.25-13.04.16:432][  0]LogLinker: Warning: Can't find file for asset '/Game/StarterContent/Blueprints/Assets/SunlightColorLUT' while loading ../../../Engine/Content/Maps/Templates/Template_Default.umap.
[2019.02.25-13.04.16:432][  0]LoadErrors: Failed to load /Game/StarterContent/Blueprints/Assets/SunlightColorLUT.SunlightColorLUT Referenced by Default__BP_Sky_Sphere_C
[2019.02.25-13.04.16:432][  0]LoadErrors: Error: /Engine/Maps/Templates/Template_Default : Can't find file for asset. /Game/StarterContent/Blueprints/Assets/SunlightColorLUT
[2019.02.25-13.04.16:432][  0]LogLinker: Warning: Can't find file '/Game/StarterContent/Blueprints/Assets/SunlightColorLUT'
[2019.02.25-13.04.16:432][  0]LoadErrors: Failed to load /Game/StarterContent/Blueprints/Assets/SunlightColorLUT.SunlightColorLUT Referenced by Default__BP_Sky_Sphere_C
[2019.02.25-13.04.16:432][  0]LogLinker: Warning: Can't find file for asset '/Game/StarterContent/Blueprints/Assets/SunlightColorLUT' while loading ../../../Engine/Content/Maps/Templates/Template_Default.umap.
[2019.02.25-13.04.16:432][  0]LoadErrors: Failed to load /Game/StarterContent/Blueprints/Assets/SunlightColorLUT.SunlightColorLUT Referenced by Default__BP_Sky_Sphere_C
[2019.02.25-13.04.16:432][  0]LoadErrors: Error: /Engine/Maps/Templates/Template_Default : Can't find file for asset. /Game/StarterContent/Blueprints/Assets/SunlightColorLUT
[2019.02.25-13.04.17:630][  0]LogAIModule: Creating AISystem for world Untitled_1
[2019.02.25-13.04.18:247][  0]LogScript: Warning: Accessed None trying to read property Horizon color curve
	BP_Sky_Sphere_C /Temp/Untitled_1.Untitled_1:PersistentLevel.SkySphere
	Function /Engine/EngineSky/BP_Sky_Sphere.BP_Sky_Sphere_C:UserConstructionScript:02EA
[2019.02.25-13.04.18:258][  0]LogScript: Warning: Accessed None trying to read property Zenith color curve
	BP_Sky_Sphere_C /Temp/Untitled_1.Untitled_1:PersistentLevel.SkySphere
	Function /Engine/EngineSky/BP_Sky_Sphere.BP_Sky_Sphere_C:UserConstructionScript:0361
[2019.02.25-13.04.18:258][  0]LogScript: Warning: Accessed None trying to read property Cloud color curve
	BP_Sky_Sphere_C /Temp/Untitled_1.Untitled_1:PersistentLevel.SkySphere
	Function /Engine/EngineSky/BP_Sky_Sphere.BP_Sky_Sphere_C:UserConstructionScript:03D8
[2019.02.25-13.04.18:327][  0]LogEditorServer: Finished looking for orphan Actors (0.000 secs)
[2019.02.25-13.04.18:483][  0]Cmd: MAP CHECKDEP NOCLEARLOG
[2019.02.25-13.04.18:544][  0]MapCheck: Map check complete: 0 Error(s), 0 Warning(s), took 61,381ms to complete.
[2019.02.25-13.04.18:555][  0]LogFileHelpers: Loading map 'Template_Default' took 3.942
[2019.02.25-13.04.19:892][  0]LogSlate: Updating window title bar state: overlay mode, drag disabled, window buttons hidden, title bar hidden
[2019.02.25-13.04.19:965][  0]LogSlate: Updating window title bar state: overlay mode, drag disabled, window buttons hidden, title bar hidden
[2019.02.25-13.04.19:974][  0]LogSlate: Updating window title bar state: overlay mode, drag disabled, window buttons hidden, title bar hidden
[2019.02.25-13.04.19:984][  0]LogSlate: Updating window title bar state: overlay mode, drag disabled, window buttons hidden, title bar hidden
[2019.02.25-13.04.20:065][  0]LogCollectionManager: Loaded 0 collections in 0.001034 seconds
[2019.02.25-13.04.20:198][  0]LogFileCache: Scanning file cache for directory 'D:/Documents/Unreal Projects/WoldAssault/Saved/Collections/' took 0.01s
[2019.02.25-13.04.20:198][  0]LogFileCache: Scanning file cache for directory 'D:/Documents/Unreal Projects/WoldAssault/Content/Developers/OmegaEternal/Collections/' took 0.01s
[2019.02.25-13.04.20:198][  0]LogFileCache: Scanning file cache for directory 'D:/Documents/Unreal Projects/WoldAssault/Content/Collections/' took 0.01s
[2019.02.25-13.04.20:198][  0]LogCollectionManager: Rebuilt the GUID cache for 0 collections in 0.000000 seconds
[2019.02.25-13.04.20:224][  0]LogContentBrowser: Native class hierarchy populated in 0.0102 seconds. Added 2572 classes and 603 folders.
[2019.02.25-13.04.20:330][  0]LogContentBrowser: Native class hierarchy updated for 'WidgetCarousel' in 0.0003 seconds. Added 0 classes and 0 folders.
[2019.02.25-13.04.22:951][  0]LogContentBrowser: Native class hierarchy updated for 'AddContentDialog' in 0.0002 seconds. Added 0 classes and 0 folders.
[2019.02.25-13.04.23:019][  0]LogContentBrowser: Native class hierarchy updated for 'SceneOutliner' in 0.0003 seconds. Added 1 classes and 2 folders.
[2019.02.25-13.04.23:694][  0]LogSlate: Took 0.020845 seconds to synchronously load lazily loaded font '../../../Engine/Content/Slate/Fonts/Roboto-Regular.ttf' (155K)
[2019.02.25-13.04.23:743][  0]LogSlate: Took 0.032700 seconds to synchronously load lazily loaded font '../../../Engine/Content/Slate/Fonts/Roboto-Bold.ttf' (160K)
[2019.02.25-13.04.23:810][  0]LogSlate: Took 0.021892 seconds to synchronously load lazily loaded font '../../../Engine/Content/Editor/Slate/Fonts/FontAwesome.ttf' (139K)
[2019.02.25-13.04.24:575][  0]LogRenderer: Reallocating scene render targets to support 1152x576 Format 10 NumSamples 1 (Frame:1).
[2019.02.25-13.04.25:364][  0]LogContentBrowser: Native class hierarchy updated for 'HierarchicalLODOutliner' in 0.0003 seconds. Added 0 classes and 0 folders.
[2019.02.25-13.04.25:364][  0]LogLoad: (Engine Initialization) Total time: 92.39 seconds
[2019.02.25-13.04.25:364][  0]LogLoad: (Engine Initialization) Total Blueprint compile time: 0.00 seconds
[2019.02.25-13.04.25:798][  0]LogContentStreaming: Texture pool size now 1000 MB
[2019.02.25-13.04.25:894][  0]LogSlate: FSceneViewport::OnFocusLost() reason 2
[2019.02.25-13.04.26:126][  0]LogSlate: Took 0.024400 seconds to synchronously load lazily loaded font '../../../Engine/Content/Slate/Fonts/Roboto-Light.ttf' (167K)
[2019.02.25-13.04.26:941][  4]LogAssetRegistry: Asset discovery search completed in 52.2828 seconds
[2019.02.25-13.04.26:943][  4]LogCollectionManager: Rebuilt the object cache for 0 collections in 0.000000 seconds (found 0 objects)
[2019.02.25-13.04.26:943][  4]LogCollectionManager: Fixed up redirectors for 0 collections in 0.000071 seconds (updated 0 objects)
[2019.02.25-13.05.01:238][164]LogSlate: Window 'Message Log' being destroyed
[2019.02.25-13.05.01:255][164]LogSlate: Window 'Message Log' being destroyed
[2019.02.25-13.05.05:929][430]LogSlate: FSceneViewport::OnFocusLost() reason 0
[2019.02.25-13.05.10:366][676]LogSlate: Took 0.000319 seconds to synchronously load lazily loaded font '../../../Engine/Content/Slate/Fonts/Roboto-Light.ttf' (167K)
[2019.02.25-13.05.14:792][676]LogAIModule: Creating AISystem for world Lv1
[2019.02.25-13.05.14:864][676]LogAssetEditorManager: Opening Asset editor for World /Game/Lv1.Lv1
[2019.02.25-13.05.14:951][676]Cmd: MAP LOAD FILE="../../../../../../Documents/Unreal Projects/WoldAssault/Content/Lv1.umap" TEMPLATE=0 SHOWPROGRESS=1 FEATURELEVEL=3
[2019.02.25-13.05.14:951][676]LightingResults: New page: Lighting Build
[2019.02.25-13.05.14:951][676]LoadErrors: New page: Loading map: Lv1.umap
[2019.02.25-13.05.14:965][676]MapCheck: New page: Map Check
[2019.02.25-13.05.14:965][676]LightingResults: New page: Lighting Build
[2019.02.25-13.05.15:306][676]LogEditorServer: Finished looking for orphan Actors (0.000 secs)
[2019.02.25-13.05.15:385][676]Cmd: MAP CHECKDEP NOCLEARLOG
[2019.02.25-13.05.15:466][676]MapCheck: Map check complete: 0 Error(s), 0 Warning(s), took 80,782ms to complete.
[2019.02.25-13.05.15:466][676]LogFileHelpers: Loading map 'Lv1' took 0.556
[2019.02.25-13.06.22:294][ 47]LogSlate: FSceneViewport::OnFocusLost() reason 0
[2019.02.25-13.06.22:378][ 52]LogTemp: Repeating last play command: Selected Viewport
[2019.02.25-13.06.22:527][ 52]LogPlayLevel: PlayLevel: No blueprints needed recompiling
[2019.02.25-13.06.22:634][ 52]PIE: New page: PIE session: Lv1 (25 févr. 2019 15:06:22)
[2019.02.25-13.06.22:634][ 52]LogPlayLevel: Creating play world package: /Game/UEDPIE_0_Lv1
[2019.02.25-13.06.22:737][ 52]LogPlayLevel: PIE: StaticDuplicateObject took: (0.103398s)
[2019.02.25-13.06.22:738][ 52]LogAIModule: Creating AISystem for world Lv1
[2019.02.25-13.06.22:748][ 52]LogPlayLevel: PIE: World Init took: (0.010617s)
[2019.02.25-13.06.22:768][ 52]LogPlayLevel: PIE: Created PIE world by copying editor world from /Game/Lv1.Lv1 to /Game/UEDPIE_0_Lv1.Lv1 (0.134414s)
[2019.02.25-13.06.22:812][ 52]LogInit: XAudio2 using 'Haut-parleur/Ecouteurs (Realtek High Definition Audio)' : 2 channels at 48 kHz using 32 bits per sample (channel mask 0x3)
[2019.02.25-13.06.22:826][ 52]LogInit: FAudioDevice initialized.
[2019.02.25-13.06.25:498][ 52]LogLoad: Game class is 'Fps_C'
[2019.02.25-13.06.25:581][ 52]LogWorld: Bringing World /Game/UEDPIE_0_Lv1.Lv1 up for play (max tick rate 60) at 2019.02.25-14.06.25
[2019.02.25-13.06.25:652][ 52]LogWorld: Bringing up level for play took: 0.073031
[2019.02.25-13.06.25:836][ 52]LogContentBrowser: Native class hierarchy updated for 'MovieSceneCapture' in 0.0003 seconds. Added 10 classes and 0 folders.
[2019.02.25-13.06.25:851][ 52]LogGameMode: Display: Match State Changed from EnteringMap to WaitingToStart
[2019.02.25-13.06.25:851][ 52]LogGameState: Match State Changed from EnteringMap to WaitingToStart
[2019.02.25-13.06.25:851][ 52]LogGameMode: Display: Match State Changed from WaitingToStart to InProgress
[2019.02.25-13.06.26:293][ 52]LogGameState: Match State Changed from WaitingToStart to InProgress
[2019.02.25-13.06.26:335][ 52]PIE: Play in editor start time for /Game/UEDPIE_0_Lv1 3,323
[2019.02.25-13.06.33:545][163]LogSlate: Updating window title bar state: overlay mode, drag disabled, window buttons hidden, title bar hidden
[2019.02.25-13.06.33:734][163]LogPlayLevel: Display: Shutting down PIE online subsystems
[2019.02.25-13.06.33:815][163]LogSlate: Updating window title bar state: overlay mode, drag disabled, window buttons hidden, title bar hidden
[2019.02.25-13.06.34:073][164]LogPlayLevel: Display: Destroying online subsystem :Context_1
[2019.02.25-13.11.02:049][284]LogSlate: FSceneViewport::OnFocusLost() reason 2
[2019.02.25-13.11.03:558][374]LogSlate: FSceneViewport::OnFocusLost() reason 2
[2019.02.25-13.11.04:567][374]LogSlate: Only BGRA pngs, bmps or icos are supported in by External Image Picker
[2019.02.25-13.11.04:675][375]LogTemp: Executing iPhonePackager certificates Engine -bundlename com.YourCompany.WoldAssault
[2019.02.25-13.11.04:675][375]LogTemp: CWD: D:\Epic\Epic Games\UE_4.20\Engine\Binaries\DotNET\IOS
[2019.02.25-13.11.04:675][375]LogTemp: Initial Dir: D:\Epic\Epic Games\UE_4.20
[2019.02.25-13.11.04:675][375]LogTemp: Env CWD: D:\Epic\Epic Games\UE_4.20\Engine\Binaries\DotNET\IOS
[2019.02.25-13.11.04:683][375]LogTemp: BranchPath = LAPTOP-MQ8DKORB/D/Epic/Epic Games/UE_4.20/Engine/Binaries --- GameBranchPath = LAPTOP-MQ8DKORB/D/Epic/Epic Games/UE_4.20/Engine/Binaries
[2019.02.25-13.11.04:726][377]LogTemp: IPP ERROR: Could not find provision directory 'C:\Users\Omega Eternal\AppData\Local/Apple Computer/MobileDevice/Provisioning Profiles/'.
[2019.02.25-13.11.29:122][502]LogSlate: Window 'Project Settings' being destroyed
[2019.02.25-13.11.29:128][502]LogSlate: Window 'Project Settings' being destroyed
[2019.02.25-13.11.30:407][573]LogSlate: FSceneViewport::OnFocusLost() reason 2
[2019.02.25-13.12.27:733][432]LogSlate: FSceneViewport::OnFocusLost() reason 0
[2019.02.25-13.12.31:051][620]LogAssetEditorManager: Opening Asset editor for Blueprint /Game/Characters/Chara/BpLuck.BpLuck
[2019.02.25-13.12.32:124][620]LogClass: Warning: Enum '/Game/AdvancedMagicFX13/DemoRoomData/Blueprints/BP_DemoDisplay_Enum.BP_DemoDisplay_Enum' was upgraded to use FText to store its display name data. Please re-save this asset to avoid issues with localization and determinstic cooking.
[2019.02.25-13.12.32:205][620]LogEnum: Warning: Enum name collision: 'BP_DemoDisplay_Enum::ROund' is in both '/Game/ExampleContent/DemoRoom/BluePrint/BP_DemoDisplay_Enum.BP_DemoDisplay_Enum' and '/Game/AdvancedMagicFX13/DemoRoomData/Blueprints/BP_DemoDisplay_Enum.BP_DemoDisplay_Enum'
[2019.02.25-13.12.32:205][620]LogEnum: Warning: Enum name collision: 'BP_DemoDisplay_Enum::SquareL' is in both '/Game/ExampleContent/DemoRoom/BluePrint/BP_DemoDisplay_Enum.BP_DemoDisplay_Enum' and '/Game/AdvancedMagicFX13/DemoRoomData/Blueprints/BP_DemoDisplay_Enum.BP_DemoDisplay_Enum'
[2019.02.25-13.12.32:205][620]LogEnum: Warning: Enum name collision: 'BP_DemoDisplay_Enum::RoomL' is in both '/Game/ExampleContent/DemoRoom/BluePrint/BP_DemoDisplay_Enum.BP_DemoDisplay_Enum' and '/Game/AdvancedMagicFX13/DemoRoomData/Blueprints/BP_DemoDisplay_Enum.BP_DemoDisplay_Enum'
[2019.02.25-13.12.32:205][620]LogEnum: Warning: Enum name collision: 'BP_DemoDisplay_Enum::DescriptionOnly' is in both '/Game/ExampleContent/DemoRoom/BluePrint/BP_DemoDisplay_Enum.BP_DemoDisplay_Enum' and '/Game/AdvancedMagicFX13/DemoRoomData/Blueprints/BP_DemoDisplay_Enum.BP_DemoDisplay_Enum'
[2019.02.25-13.12.32:205][620]LogEnum: Warning: Enum name collision: 'BP_DemoDisplay_Enum::NewEnumerator0' is in both '/Game/ExampleContent/DemoRoom/BluePrint/BP_DemoDisplay_Enum.BP_DemoDisplay_Enum' and '/Game/AdvancedMagicFX13/DemoRoomData/Blueprints/BP_DemoDisplay_Enum.BP_DemoDisplay_Enum'
[2019.02.25-13.12.32:205][620]LogEnum: Warning: Enum name collision: 'BP_DemoDisplay_Enum::BP_DemoDisplay_MAX' is in both '/Game/ExampleContent/DemoRoom/BluePrint/BP_DemoDisplay_Enum.BP_DemoDisplay_Enum' and '/Game/AdvancedMagicFX13/DemoRoomData/Blueprints/BP_DemoDisplay_Enum.BP_DemoDisplay_Enum'
[2019.02.25-13.12.32:205][620]LogEnum: Warning: Enum name collision: 'BP_DemoDisplay_Enum::ROund' is in both '/Game/ExampleContent/DemoRoom/BluePrint/BP_DemoDisplay_Enum.BP_DemoDisplay_Enum' and '/Game/AdvancedMagicFX13/DemoRoomData/Blueprints/BP_DemoDisplay_Enum.BP_DemoDisplay_Enum'
[2019.02.25-13.12.32:205][620]LogEnum: Warning: Enum name collision: 'BP_DemoDisplay_Enum::SquareL' is in both '/Game/ExampleContent/DemoRoom/BluePrint/BP_DemoDisplay_Enum.BP_DemoDisplay_Enum' and '/Game/AdvancedMagicFX13/DemoRoomData/Blueprints/BP_DemoDisplay_Enum.BP_DemoDisplay_Enum'
[2019.02.25-13.12.32:205][620]LogEnum: Warning: Enum name collision: 'BP_DemoDisplay_Enum::RoomL' is in both '/Game/ExampleContent/DemoRoom/BluePrint/BP_DemoDisplay_Enum.BP_DemoDisplay_Enum' and '/Game/AdvancedMagicFX13/DemoRoomData/Blueprints/BP_DemoDisplay_Enum.BP_DemoDisplay_Enum'
[2019.02.25-13.12.32:205][620]LogEnum: Warning: Enum name collision: 'BP_DemoDisplay_Enum::DescriptionOnly' is in both '/Game/ExampleContent/DemoRoom/BluePrint/BP_DemoDisplay_Enum.BP_DemoDisplay_Enum' and '/Game/AdvancedMagicFX13/DemoRoomData/Blueprints/BP_DemoDisplay_Enum.BP_DemoDisplay_Enum'
[2019.02.25-13.12.32:205][620]LogEnum: Warning: Enum name collision: 'BP_DemoDisplay_Enum::NewEnumerator0' is in both '/Game/ExampleContent/DemoRoom/BluePrint/BP_DemoDisplay_Enum.BP_DemoDisplay_Enum' and '/Game/AdvancedMagicFX13/DemoRoomData/Blueprints/BP_DemoDisplay_Enum.BP_DemoDisplay_Enum'
[2019.02.25-13.12.32:212][620]LogEnum: Warning: Enum name collision: 'BP_DemoRoom_Enum::Standard' is in both '/Game/ExampleContent/DemoRoom/BluePrint/BP_DemoRoom_Enum.BP_DemoRoom_Enum' and '/Game/AdvancedMagicFX13/DemoRoomData/Blueprints/BP_DemoRoom_Enum.BP_DemoRoom_Enum'
[2019.02.25-13.12.32:212][620]LogEnum: Warning: Enum name collision: 'BP_DemoRoom_Enum::RoofwithHole' is in both '/Game/ExampleContent/DemoRoom/BluePrint/BP_DemoRoom_Enum.BP_DemoRoom_Enum' and '/Game/AdvancedMagicFX13/DemoRoomData/Blueprints/BP_DemoRoom_Enum.BP_DemoRoom_Enum'
[2019.02.25-13.12.32:212][620]LogEnum: Warning: Enum name collision: 'BP_DemoRoom_Enum::RoofOpen' is in both '/Game/ExampleContent/DemoRoom/BluePrint/BP_DemoRoom_Enum.BP_DemoRoom_Enum' and '/Game/AdvancedMagicFX13/DemoRoomData/Blueprints/BP_DemoRoom_Enum.BP_DemoRoom_Enum'
[2019.02.25-13.12.32:212][620]LogEnum: Warning: Enum name collision: 'BP_DemoRoom_Enum::BP_DemoRoom_MAX' is in both '/Game/ExampleContent/DemoRoom/BluePrint/BP_DemoRoom_Enum.BP_DemoRoom_Enum' and '/Game/AdvancedMagicFX13/DemoRoomData/Blueprints/BP_DemoRoom_Enum.BP_DemoRoom_Enum'
[2019.02.25-13.12.32:212][620]LogEnum: Warning: Enum name collision: 'BP_DemoRoom_Enum::Standard' is in both '/Game/ExampleContent/DemoRoom/BluePrint/BP_DemoRoom_Enum.BP_DemoRoom_Enum' and '/Game/AdvancedMagicFX13/DemoRoomData/Blueprints/BP_DemoRoom_Enum.BP_DemoRoom_Enum'
[2019.02.25-13.12.32:212][620]LogEnum: Warning: Enum name collision: 'BP_DemoRoom_Enum::RoofwithHole' is in both '/Game/ExampleContent/DemoRoom/BluePrint/BP_DemoRoom_Enum.BP_DemoRoom_Enum' and '/Game/AdvancedMagicFX13/DemoRoomData/Blueprints/BP_DemoRoom_Enum.BP_DemoRoom_Enum'
[2019.02.25-13.12.32:212][620]LogEnum: Warning: Enum name collision: 'BP_DemoRoom_Enum::RoofOpen' is in both '/Game/ExampleContent/DemoRoom/BluePrint/BP_DemoRoom_Enum.BP_DemoRoom_Enum' and '/Game/AdvancedMagicFX13/DemoRoomData/Blueprints/BP_DemoRoom_Enum.BP_DemoRoom_Enum'
[2019.02.25-13.12.32:224][620]LogEnum: Warning: Enum name collision: 'BP_DemoDisplay_Enum::ROund' is in both '/Game/RoboBars/DemoRoom/BluePrint/BP_DemoDisplay_Enum.BP_DemoDisplay_Enum' and '/Game/AdvancedMagicFX13/DemoRoomData/Blueprints/BP_DemoDisplay_Enum.BP_DemoDisplay_Enum'
[2019.02.25-13.12.32:224][620]LogEnum: Warning: Enum name collision: 'BP_DemoDisplay_Enum::SquareL' is in both '/Game/RoboBars/DemoRoom/BluePrint/BP_DemoDisplay_Enum.BP_DemoDisplay_Enum' and '/Game/AdvancedMagicFX13/DemoRoomData/Blueprints/BP_DemoDisplay_Enum.BP_DemoDisplay_Enum'
[2019.02.25-13.12.32:224][620]LogEnum: Warning: Enum name collision: 'BP_DemoDisplay_Enum::RoomL' is in both '/Game/RoboBars/DemoRoom/BluePrint/BP_DemoDisplay_Enum.BP_DemoDisplay_Enum' and '/Game/AdvancedMagicFX13/DemoRoomData/Blueprints/BP_DemoDisplay_Enum.BP_DemoDisplay_Enum'
[2019.02.25-13.12.32:224][620]LogEnum: Warning: Enum name collision: 'BP_DemoDisplay_Enum::DescriptionOnly' is in both '/Game/RoboBars/DemoRoom/BluePrint/BP_DemoDisplay_Enum.BP_DemoDisplay_Enum' and '/Game/AdvancedMagicFX13/DemoRoomData/Blueprints/BP_DemoDisplay_Enum.BP_DemoDisplay_Enum'
[2019.02.25-13.12.32:224][620]LogEnum: Warning: Enum name collision: 'BP_DemoDisplay_Enum::NewEnumerator0' is in both '/Game/RoboBars/DemoRoom/BluePrint/BP_DemoDisplay_Enum.BP_DemoDisplay_Enum' and '/Game/AdvancedMagicFX13/DemoRoomData/Blueprints/BP_DemoDisplay_Enum.BP_DemoDisplay_Enum'
[2019.02.25-13.12.32:224][620]LogEnum: Warning: Enum name collision: 'BP_DemoDisplay_Enum::BP_DemoDisplay_MAX' is in both '/Game/RoboBars/DemoRoom/BluePrint/BP_DemoDisplay_Enum.BP_DemoDisplay_Enum' and '/Game/AdvancedMagicFX13/DemoRoomData/Blueprints/BP_DemoDisplay_Enum.BP_DemoDisplay_Enum'
[2019.02.25-13.12.32:224][620]LogEnum: Warning: Enum name collision: 'BP_DemoDisplay_Enum::ROund' is in both '/Game/RoboBars/DemoRoom/BluePrint/BP_DemoDisplay_Enum.BP_DemoDisplay_Enum' and '/Game/AdvancedMagicFX13/DemoRoomData/Blueprints/BP_DemoDisplay_Enum.BP_DemoDisplay_Enum'
[2019.02.25-13.12.32:224][620]LogEnum: Warning: Enum name collision: 'BP_DemoDisplay_Enum::SquareL' is in both '/Game/RoboBars/DemoRoom/BluePrint/BP_DemoDisplay_Enum.BP_DemoDisplay_Enum' and '/Game/AdvancedMagicFX13/DemoRoomData/Blueprints/BP_DemoDisplay_Enum.BP_DemoDisplay_Enum'
[2019.02.25-13.12.32:224][620]LogEnum: Warning: Enum name collision: 'BP_DemoDisplay_Enum::RoomL' is in both '/Game/RoboBars/DemoRoom/BluePrint/BP_DemoDisplay_Enum.BP_DemoDisplay_Enum' and '/Game/AdvancedMagicFX13/DemoRoomData/Blueprints/BP_DemoDisplay_Enum.BP_DemoDisplay_Enum'
[2019.02.25-13.12.32:224][620]LogEnum: Warning: Enum name collision: 'BP_DemoDisplay_Enum::DescriptionOnly' is in both '/Game/RoboBars/DemoRoom/BluePrint/BP_DemoDisplay_Enum.BP_DemoDisplay_Enum' and '/Game/AdvancedMagicFX13/DemoRoomData/Blueprints/BP_DemoDisplay_Enum.BP_DemoDisplay_Enum'
[2019.02.25-13.12.32:224][620]LogEnum: Warning: Enum name collision: 'BP_DemoDisplay_Enum::NewEnumerator0' is in both '/Game/RoboBars/DemoRoom/BluePrint/BP_DemoDisplay_Enum.BP_DemoDisplay_Enum' and '/Game/AdvancedMagicFX13/DemoRoomData/Blueprints/BP_DemoDisplay_Enum.BP_DemoDisplay_Enum'
[2019.02.25-13.12.32:230][620]LogEnum: Warning: Enum name collision: 'BP_DemoRoom_Enum::Standard' is in both '/Game/RoboBars/DemoRoom/BluePrint/BP_DemoRoom_Enum.BP_DemoRoom_Enum' and '/Game/AdvancedMagicFX13/DemoRoomData/Blueprints/BP_DemoRoom_Enum.BP_DemoRoom_Enum'
[2019.02.25-13.12.32:231][620]LogEnum: Warning: Enum name collision: 'BP_DemoRoom_Enum::RoofwithHole' is in both '/Game/RoboBars/DemoRoom/BluePrint/BP_DemoRoom_Enum.BP_DemoRoom_Enum' and '/Game/AdvancedMagicFX13/DemoRoomData/Blueprints/BP_DemoRoom_Enum.BP_DemoRoom_Enum'
[2019.02.25-13.12.32:231][620]LogEnum: Warning: Enum name collision: 'BP_DemoRoom_Enum::RoofOpen' is in both '/Game/RoboBars/DemoRoom/BluePrint/BP_DemoRoom_Enum.BP_DemoRoom_Enum' and '/Game/AdvancedMagicFX13/DemoRoomData/Blueprints/BP_DemoRoom_Enum.BP_DemoRoom_Enum'
[2019.02.25-13.12.32:231][620]LogEnum: Warning: Enum name collision: 'BP_DemoRoom_Enum::BP_DemoRoom_MAX' is in both '/Game/RoboBars/DemoRoom/BluePrint/BP_DemoRoom_Enum.BP_DemoRoom_Enum' and '/Game/AdvancedMagicFX13/DemoRoomData/Blueprints/BP_DemoRoom_Enum.BP_DemoRoom_Enum'
[2019.02.25-13.12.32:231][620]LogEnum: Warning: Enum name collision: 'BP_DemoRoom_Enum::Standard' is in both '/Game/RoboBars/DemoRoom/BluePrint/BP_DemoRoom_Enum.BP_DemoRoom_Enum' and '/Game/AdvancedMagicFX13/DemoRoomData/Blueprints/BP_DemoRoom_Enum.BP_DemoRoom_Enum'
[2019.02.25-13.12.32:231][620]LogEnum: Warning: Enum name collision: 'BP_DemoRoom_Enum::RoofwithHole' is in both '/Game/RoboBars/DemoRoom/BluePrint/BP_DemoRoom_Enum.BP_DemoRoom_Enum' and '/Game/AdvancedMagicFX13/DemoRoomData/Blueprints/BP_DemoRoom_Enum.BP_DemoRoom_Enum'
[2019.02.25-13.12.32:231][620]LogEnum: Warning: Enum name collision: 'BP_DemoRoom_Enum::RoofOpen' is in both '/Game/RoboBars/DemoRoom/BluePrint/BP_DemoRoom_Enum.BP_DemoRoom_Enum' and '/Game/AdvancedMagicFX13/DemoRoomData/Blueprints/BP_DemoRoom_Enum.BP_DemoRoom_Enum'
[2019.02.25-13.12.32:492][620]LogContentBrowser: Native class hierarchy updated for 'BlueprintGraph' in 0.0006 seconds. Added 116 classes and 0 folders.
[2019.02.25-13.12.34:694][620]LogSlate: Took 0.042868 seconds to synchronously load lazily loaded font '../../../Engine/Content/Slate/Fonts/Roboto-BoldCondensed.ttf' (158K)
[2019.02.25-13.13.54:909][280]LogSlate: Took 0.038383 seconds to synchronously load lazily loaded font '../../../Engine/Content/Slate/Fonts/Roboto-Italic.ttf' (157K)
[2019.02.25-13.18.36:609][748]BlueprintLog: New page: Compile BpLuck
[2019.02.25-13.18.40:850][958]LogSlate: FSceneViewport::OnFocusLost() reason 2
[2019.02.25-13.18.41:373][990]LogTemp: Repeating last play command: Selected Viewport
[2019.02.25-13.18.41:399][990]LogPlayLevel: PlayLevel: No blueprints needed recompiling
[2019.02.25-13.18.41:399][990]PIE: New page: PIE session: Lv1 (25 févr. 2019 15:18:41)
[2019.02.25-13.18.41:399][990]LogPlayLevel: Creating play world package: /Game/UEDPIE_0_Lv1
[2019.02.25-13.18.41:409][990]LogPlayLevel: PIE: StaticDuplicateObject took: (0.010196s)
[2019.02.25-13.18.41:410][990]LogAIModule: Creating AISystem for world Lv1
[2019.02.25-13.18.41:410][990]LogPlayLevel: PIE: World Init took: (0.000855s)
[2019.02.25-13.18.41:410][990]LogPlayLevel: PIE: Created PIE world by copying editor world from /Game/Lv1.Lv1 to /Game/UEDPIE_0_Lv1.Lv1 (0.011197s)
[2019.02.25-13.18.41:461][990]LogInit: XAudio2 using 'Haut-parleur/Ecouteurs (Realtek High Definition Audio)' : 2 channels at 48 kHz using 32 bits per sample (channel mask 0x3)
[2019.02.25-13.18.41:476][990]LogInit: FAudioDevice initialized.
[2019.02.25-13.18.41:516][990]LogLoad: Game class is 'Fps_C'
[2019.02.25-13.18.41:519][990]LogWorld: Bringing World /Game/UEDPIE_0_Lv1.Lv1 up for play (max tick rate 60) at 2019.02.25-14.18.41
[2019.02.25-13.18.41:520][990]LogWorld: Bringing up level for play took: 0.002569
[2019.02.25-13.18.41:533][990]LogGameMode: Display: Match State Changed from EnteringMap to WaitingToStart
[2019.02.25-13.18.41:533][990]LogGameState: Match State Changed from EnteringMap to WaitingToStart
[2019.02.25-13.18.41:533][990]LogGameMode: Display: Match State Changed from WaitingToStart to InProgress
[2019.02.25-13.18.41:545][990]LogGameState: Match State Changed from WaitingToStart to InProgress
[2019.02.25-13.18.41:545][990]PIE: Play in editor start time for /Game/UEDPIE_0_Lv1 0,533
[2019.02.25-13.19.38:980][389]LogSlate: Updating window title bar state: overlay mode, drag disabled, window buttons hidden, title bar hidden
[2019.02.25-13.19.39:016][389]LogPlayLevel: Display: Shutting down PIE online subsystems
[2019.02.25-13.19.39:053][389]LogSlate: Updating window title bar state: overlay mode, drag disabled, window buttons hidden, title bar hidden
[2019.02.25-13.19.39:209][390]LogPlayLevel: Display: Destroying online subsystem :Context_7
[2019.02.25-13.20.06:384][640]LogFileHelpers: Editor autosave (incl. sublevels) for '/Game/Lv1' took 0.025
[2019.02.25-13.20.06:430][640]OBJ SavePackage: Generating thumbnails for [1] asset(s) in package [/Game/Blueprints/FpsLuck] ([1] browsable assets)...
[2019.02.25-13.20.06:508][640]OBJ SavePackage:     Rendered thumbnail for [Blueprint /Game/Blueprints/FpsLuck.FpsLuck]
[2019.02.25-13.20.06:508][640]OBJ SavePackage: Finished generating thumbnails for package [/Game/Blueprints/FpsLuck]
[2019.02.25-13.20.06:508][640]Cmd: OBJ SAVEPACKAGE PACKAGE="/Game/Blueprints/FpsLuck" FILE="../../../../../../Documents/Unreal Projects/WoldAssault/Saved/Autosaves/Game/Blueprints/FpsLuck_Auto1.uasset" SILENT=false AUTOSAVING=true
[2019.02.25-13.20.06:724][640]LogSavePackage: Moving '../../../../../../Documents/Unreal Projects/WoldAssault/Saved/FpsLuck_Auto1AD8E123E493FA3C133CA3BA0F334FE72.tmp' to '../../../../../../Documents/Unreal Projects/WoldAssault/Saved/Autosaves/Game/Blueprints/FpsLuck_Auto1.uasset'
[2019.02.25-13.20.06:749][640]OBJ SavePackage: Generating thumbnails for [1] asset(s) in package [/Game/Characters/Chara/BpLuck] ([1] browsable assets)...
[2019.02.25-13.20.06:798][640]OBJ SavePackage:     Rendered thumbnail for [Blueprint /Game/Characters/Chara/BpLuck.BpLuck]
[2019.02.25-13.20.06:798][640]OBJ SavePackage: Finished generating thumbnails for package [/Game/Characters/Chara/BpLuck]
[2019.02.25-13.20.06:867][640]LogSavePackage: Moving '../../../../../../Documents/Unreal Projects/WoldAssault/Saved/BpLuck_Auto19CC33B2346BE2EF7A6499DAD0F9A9528.tmp' to '../../../../../../Documents/Unreal Projects/WoldAssault/Saved/Autosaves/Game/Characters/Chara/BpLuck_Auto1.uasset'
[2019.02.25-13.20.06:868][640]LogFileHelpers: Auto-saving content packages took 0.481
[2019.02.25-13.21.51:510][954]LogSlate: FSceneViewport::OnFocusLost() reason 2
[2019.02.25-13.21.52:857][ 14]LogSlate: Window 'BpLuck*' being destroyed
[2019.02.25-13.21.52:864][ 14]LogSlate: Window 'BpLuck*' being destroyed
[2019.02.25-13.21.54:777][110]LogSlate: FSceneViewport::OnFocusLost() reason 2
[2019.02.25-13.21.56:053][184]LogSlate: FSceneViewport::OnFocusLost() reason 2
[2019.02.25-13.21.57:242][184]LogSlate: Only BGRA pngs, bmps or icos are supported in by External Image Picker
[2019.02.25-13.21.57:450][186]LogTemp: Executing iPhonePackager certificates Engine -bundlename com.YourCompany.WoldAssault
[2019.02.25-13.21.57:450][186]LogTemp: CWD: D:\Epic\Epic Games\UE_4.20\Engine\Binaries\DotNET\IOS
[2019.02.25-13.21.57:450][186]LogTemp: Initial Dir: D:\Epic\Epic Games\UE_4.20
[2019.02.25-13.21.57:450][186]LogTemp: Env CWD: D:\Epic\Epic Games\UE_4.20\Engine\Binaries\DotNET\IOS
[2019.02.25-13.21.57:450][186]LogTemp: BranchPath = LAPTOP-MQ8DKORB/D/Epic/Epic Games/UE_4.20/Engine/Binaries --- GameBranchPath = LAPTOP-MQ8DKORB/D/Epic/Epic Games/UE_4.20/Engine/Binaries
[2019.02.25-13.21.57:450][186]LogTemp: IPP ERROR: Could not find provision directory 'C:\Users\Omega Eternal\AppData\Local/Apple Computer/MobileDevice/Provisioning Profiles/'.
[2019.02.25-13.23.09:084][988]LogAssetEditorManager: Opening Asset editor for Blueprint /Game/Characters/Chara/BpLuck.BpLuck
[2019.02.25-13.23.24:605][807]BlueprintLog: New page: Compile BpLuck
[2019.02.25-13.23.55:197][ 96]BlueprintLog: New page: Compile BpLuck
[2019.02.25-13.23.57:092][189]LogSlate: Window 'BpLuck*' being destroyed
[2019.02.25-13.23.57:095][189]LogSlate: Window 'BpLuck*' being destroyed
[2019.02.25-13.24.01:930][250]LogSlate: FSceneViewport::OnFocusLost() reason 2
[2019.02.25-13.24.03:637][344]LogSlate: Window 'Project Settings' being destroyed
[2019.02.25-13.24.03:640][344]LogSlate: Window 'Project Settings' being destroyed
[2019.02.25-13.24.04:812][413]LogSlate: FSceneViewport::OnFocusLost() reason 0
[2019.02.25-13.24.04:878][417]LogTemp: Repeating last play command: Selected Viewport
[2019.02.25-13.24.04:909][417]LogPlayLevel: PlayLevel: No blueprints needed recompiling
[2019.02.25-13.24.04:909][417]PIE: New page: PIE session: Lv1 (25 févr. 2019 15:24:04)
[2019.02.25-13.24.04:909][417]LogPlayLevel: Creating play world package: /Game/UEDPIE_0_Lv1
[2019.02.25-13.24.04:919][417]LogPlayLevel: PIE: StaticDuplicateObject took: (0.009446s)
[2019.02.25-13.24.04:919][417]LogAIModule: Creating AISystem for world Lv1
[2019.02.25-13.24.04:920][417]LogPlayLevel: PIE: World Init took: (0.000725s)
[2019.02.25-13.24.04:920][417]LogPlayLevel: PIE: Created PIE world by copying editor world from /Game/Lv1.Lv1 to /Game/UEDPIE_0_Lv1.Lv1 (0.010297s)
[2019.02.25-13.24.04:954][417]LogInit: XAudio2 using 'Haut-parleur/Ecouteurs (Realtek High Definition Audio)' : 2 channels at 48 kHz using 32 bits per sample (channel mask 0x3)
[2019.02.25-13.24.04:970][417]LogInit: FAudioDevice initialized.
[2019.02.25-13.24.05:002][417]LogLoad: Game class is 'Fps_C'
[2019.02.25-13.24.05:005][417]LogWorld: Bringing World /Game/UEDPIE_0_Lv1.Lv1 up for play (max tick rate 60) at 2019.02.25-14.24.05
[2019.02.25-13.24.05:005][417]LogWorld: Bringing up level for play took: 0.002097
[2019.02.25-13.24.05:018][417]LogGameMode: Display: Match State Changed from EnteringMap to WaitingToStart
[2019.02.25-13.24.05:018][417]LogGameState: Match State Changed from EnteringMap to WaitingToStart
[2019.02.25-13.24.05:018][417]LogGameMode: Display: Match State Changed from WaitingToStart to InProgress
[2019.02.25-13.24.05:019][417]LogGameState: Match State Changed from WaitingToStart to InProgress
[2019.02.25-13.24.05:019][417]PIE: Play in editor start time for /Game/UEDPIE_0_Lv1 0,007
[2019.02.25-13.24.33:077][ 83]LogSlate: Updating window title bar state: overlay mode, drag disabled, window buttons hidden, title bar hidden
[2019.02.25-13.24.33:115][ 83]LogPlayLevel: Display: Shutting down PIE online subsystems
[2019.02.25-13.24.33:151][ 83]LogSlate: Updating window title bar state: overlay mode, drag disabled, window buttons hidden, title bar hidden
[2019.02.25-13.24.33:296][ 84]LogPlayLevel: Display: Destroying online subsystem :Context_10
[2019.02.25-13.25.19:154][394]LogSlate: FSceneViewport::OnFocusLost() reason 0
[2019.02.25-13.25.19:239][399]LogTemp: Repeating last play command: Selected Viewport
[2019.02.25-13.25.19:260][399]LogPlayLevel: PlayLevel: No blueprints needed recompiling
[2019.02.25-13.25.19:260][399]PIE: New page: PIE session: Lv1 (25 févr. 2019 15:25:19)
[2019.02.25-13.25.19:260][399]LogPlayLevel: Creating play world package: /Game/UEDPIE_0_Lv1
[2019.02.25-13.25.19:269][399]LogPlayLevel: PIE: StaticDuplicateObject took: (0.009427s)
[2019.02.25-13.25.19:270][399]LogAIModule: Creating AISystem for world Lv1
[2019.02.25-13.25.19:270][399]LogPlayLevel: PIE: World Init took: (0.000855s)
[2019.02.25-13.25.19:270][399]LogPlayLevel: PIE: Created PIE world by copying editor world from /Game/Lv1.Lv1 to /Game/UEDPIE_0_Lv1.Lv1 (0.010425s)
[2019.02.25-13.25.19:304][399]LogInit: XAudio2 using 'Haut-parleur/Ecouteurs (Realtek High Definition Audio)' : 2 channels at 48 kHz using 32 bits per sample (channel mask 0x3)
[2019.02.25-13.25.19:318][399]LogInit: FAudioDevice initialized.
[2019.02.25-13.25.19:348][399]LogLoad: Game class is 'Fps_C'
[2019.02.25-13.25.19:351][399]LogWorld: Bringing World /Game/UEDPIE_0_Lv1.Lv1 up for play (max tick rate 60) at 2019.02.25-14.25.19
[2019.02.25-13.25.19:351][399]LogWorld: Bringing up level for play took: 0.002244
[2019.02.25-13.25.19:364][399]LogGameMode: Display: Match State Changed from EnteringMap to WaitingToStart
[2019.02.25-13.25.19:364][399]LogGameState: Match State Changed from EnteringMap to WaitingToStart
[2019.02.25-13.25.19:364][399]LogGameMode: Display: Match State Changed from WaitingToStart to InProgress
[2019.02.25-13.25.19:365][399]LogGameState: Match State Changed from WaitingToStart to InProgress
[2019.02.25-13.25.19:365][399]PIE: Play in editor start time for /Game/UEDPIE_0_Lv1 0,353
[2019.02.25-13.25.35:831][384]LogSlate: Updating window title bar state: overlay mode, drag disabled, window buttons hidden, title bar hidden
[2019.02.25-13.25.35:869][384]LogPlayLevel: Display: Shutting down PIE online subsystems
[2019.02.25-13.25.35:908][384]LogSlate: Updating window title bar state: overlay mode, drag disabled, window buttons hidden, title bar hidden
[2019.02.25-13.25.36:007][385]LogPlayLevel: Display: Destroying online subsystem :Context_11
[2019.02.25-13.25.40:717][659]LogSlate: FSceneViewport::OnFocusLost() reason 0
[2019.02.25-13.25.40:929][670]LogAssetEditorManager: Opening Asset editor for Blueprint /Game/Characters/Chara/BpLuck.BpLuck
[2019.02.25-13.25.46:264][956]LogRenderer: Reallocating scene render targets to support 1152x712 Format 10 NumSamples 1 (Frame:1).
[2019.02.25-13.25.56:692][511]LogSlate: FSceneViewport::OnFocusLost() reason 0
[2019.02.25-13.25.56:809][518]BlueprintLog: New page: Compile BpLuck
[2019.02.25-13.25.57:565][545]LogSlate: Window 'BpLuck*' being destroyed
[2019.02.25-13.25.57:574][545]LogSlate: Window 'BpLuck*' being destroyed
[2019.02.25-13.25.58:624][596]LogSlate: FSceneViewport::OnFocusLost() reason 2
[2019.02.25-13.25.59:164][629]LogTemp: Repeating last play command: Selected Viewport
[2019.02.25-13.25.59:194][629]LogPlayLevel: PlayLevel: No blueprints needed recompiling
[2019.02.25-13.25.59:194][629]PIE: New page: PIE session: Lv1 (25 févr. 2019 15:25:59)
[2019.02.25-13.25.59:194][629]LogPlayLevel: Creating play world package: /Game/UEDPIE_0_Lv1
[2019.02.25-13.25.59:206][629]LogPlayLevel: PIE: StaticDuplicateObject took: (0.012635s)
[2019.02.25-13.25.59:207][629]LogAIModule: Creating AISystem for world Lv1
[2019.02.25-13.25.59:207][629]LogPlayLevel: PIE: World Init took: (0.000756s)
[2019.02.25-13.25.59:207][629]LogPlayLevel: PIE: Created PIE world by copying editor world from /Game/Lv1.Lv1 to /Game/UEDPIE_0_Lv1.Lv1 (0.013580s)
[2019.02.25-13.25.59:241][629]LogInit: XAudio2 using 'Haut-parleur/Ecouteurs (Realtek High Definition Audio)' : 2 channels at 48 kHz using 32 bits per sample (channel mask 0x3)
[2019.02.25-13.25.59:256][629]LogInit: FAudioDevice initialized.
[2019.02.25-13.25.59:285][629]LogLoad: Game class is 'Fps_C'
[2019.02.25-13.25.59:287][629]LogWorld: Bringing World /Game/UEDPIE_0_Lv1.Lv1 up for play (max tick rate 60) at 2019.02.25-14.25.59
[2019.02.25-13.25.59:288][629]LogWorld: Bringing up level for play took: 0.001867
[2019.02.25-13.25.59:300][629]LogGameMode: Display: Match State Changed from EnteringMap to WaitingToStart
[2019.02.25-13.25.59:300][629]LogGameState: Match State Changed from EnteringMap to WaitingToStart
[2019.02.25-13.25.59:300][629]LogGameMode: Display: Match State Changed from WaitingToStart to InProgress
[2019.02.25-13.25.59:302][629]LogGameState: Match State Changed from WaitingToStart to InProgress
[2019.02.25-13.25.59:302][629]PIE: Play in editor start time for /Game/UEDPIE_0_Lv1 0,289
[2019.02.25-13.26.35:431][793]LogSlate: Updating window title bar state: overlay mode, drag disabled, window buttons hidden, title bar hidden
[2019.02.25-13.26.35:472][793]LogPlayLevel: Display: Shutting down PIE online subsystems
[2019.02.25-13.26.35:508][793]LogSlate: Updating window title bar state: overlay mode, drag disabled, window buttons hidden, title bar hidden
[2019.02.25-13.26.35:660][794]LogPlayLevel: Display: Destroying online subsystem :Context_13
[2019.02.25-13.26.36:228][825]LogSlate: FSceneViewport::OnFocusLost() reason 0
[2019.02.25-13.26.37:735][830]LogSlate: Window 'Save Content' being destroyed
[2019.02.25-13.26.37:815][830]LogSlate: FSceneViewport::OnFocusLost() reason 2
[2019.02.25-13.26.38:031][830]LogSlate: FSceneViewport::OnFocusLost() reason 2
[2019.02.25-13.26.38:046][830]Cmd: OBJ SAVEPACKAGE PACKAGE="/Game/Blueprints/FpsLuck" FILE="../../../../../../Documents/Unreal Projects/WoldAssault/Content/Blueprints/FpsLuck.uasset" SILENT=true
[2019.02.25-13.26.38:079][830]LogSavePackage: Moving '../../../../../../Documents/Unreal Projects/WoldAssault/Saved/FpsLuck4B425E3A42575D4625C08E9B9BF30F9F.tmp' to '../../../../../../Documents/Unreal Projects/WoldAssault/Content/Blueprints/FpsLuck.uasset'
[2019.02.25-13.26.38:133][830]Cmd: OBJ SAVEPACKAGE PACKAGE="/Game/Characters/Chara/BpLuck" FILE="../../../../../../Documents/Unreal Projects/WoldAssault/Content/Characters/Chara/BpLuck.uasset" SILENT=true
[2019.02.25-13.26.38:174][830]LogSavePackage: Moving '../../../../../../Documents/Unreal Projects/WoldAssault/Saved/BpLuck0488900A4F1D366A92387CA6DBEAA1C4.tmp' to '../../../../../../Documents/Unreal Projects/WoldAssault/Content/Characters/Chara/BpLuck.uasset'
[2019.02.25-13.26.38:278][830]LogSlate: Window 'WoldAssault - Unreal Editor' being destroyed
[2019.02.25-13.26.38:489][831]Cmd: QUIT_EDITOR
[2019.02.25-13.26.38:820][831]LogWindowsTextInputMethodSystem: Display: IME system now deactivated.
[2019.02.25-13.26.38:844][831]LogExit: Preparing to exit.
[2019.02.25-13.26.39:648][831]LogDirectoryWatcher: A directory notification failed for 'D:/Documents/Unreal Projects/WoldAssault/Content/', and we were unable to create a new request.
[2019.02.25-13.26.39:744][831]LogExit: Editor shut down
[2019.02.25-13.26.39:744][831]LogExit: Transaction tracking system shut down
[2019.02.25-13.26.40:273][831]LogExit: Object subsystem successfully closed.
[2019.02.25-13.26.40:337][831]LogShaderCompilers: Display: Shaders left to compile 0
[2019.02.25-13.26.40:344][831]LogD3D11RHI: Shutdown
[2019.02.25-13.26.40:344][831]LogD3D11RHI: CleanupD3DDevice
[2019.02.25-13.26.40:346][831]LogD3D11RHI: ~FD3D11DynamicRHI
[2019.02.25-13.26.40:370][831]LogModuleManager: Shutting down and abandoning module BlueprintGraph (620)
[2019.02.25-13.26.40:370][831]LogModuleManager: Shutting down and abandoning module ExternalImagePicker (618)
[2019.02.25-13.26.40:370][831]LogModuleManager: Shutting down and abandoning module MovieSceneCapture (616)
[2019.02.25-13.26.40:370][831]LogModuleManager: Shutting down and abandoning module Voice (614)
[2019.02.25-13.26.40:370][831]LogModuleManager: Shutting down and abandoning module HierarchicalLODOutliner (612)
[2019.02.25-13.26.40:370][831]LogModuleManager: Shutting down and abandoning module SceneOutliner (610)
[2019.02.25-13.26.40:370][831]LogModuleManager: Shutting down and abandoning module AddContentDialog (608)
[2019.02.25-13.26.40:371][831]LogModuleManager: Shutting down and abandoning module WidgetCarousel (607)
[2019.02.25-13.26.40:371][831]LogModuleManager: Shutting down and abandoning module EditorWidgets (604)
[2019.02.25-13.26.40:372][831]LogModuleManager: Shutting down and abandoning module CollectionManager (602)
[2019.02.25-13.26.40:372][831]LogModuleManager: Shutting down and abandoning module HierarchicalLODUtilities (600)
[2019.02.25-13.26.40:387][831]LogModuleManager: Shutting down and abandoning module StatsViewer (598)
[2019.02.25-13.26.40:387][831]LogModuleManager: Shutting down and abandoning module FoliageEdit (596)
[2019.02.25-13.26.40:387][831]LogModuleManager: Shutting down and abandoning module LandscapeEditor (594)
[2019.02.25-13.26.40:387][831]LogModuleManager: Shutting down and abandoning module MeshPaintMode (592)
[2019.02.25-13.26.40:387][831]LogModuleManager: Shutting down and abandoning module SceneDepthPickerMode (590)
[2019.02.25-13.26.40:387][831]LogModuleManager: Shutting down and abandoning module ActorPickerMode (588)
[2019.02.25-13.26.40:387][831]LogModuleManager: Shutting down and abandoning module GeometryMode (586)
[2019.02.25-13.26.40:387][831]LogModuleManager: Shutting down and abandoning module TextureAlignMode (584)
[2019.02.25-13.26.40:387][831]LogModuleManager: Shutting down and abandoning module BspMode (582)
[2019.02.25-13.26.40:387][831]LogModuleManager: Shutting down and abandoning module PIEPreviewDeviceProfileSelector (580)
[2019.02.25-13.26.40:387][831]LogModuleManager: Shutting down and abandoning module SequenceRecorderSections (578)
[2019.02.25-13.26.40:387][831]LogModuleManager: Shutting down and abandoning module AutomationWorker (576)
[2019.02.25-13.26.40:387][831]LogModuleManager: Shutting down and abandoning module AudioCaptureEditor (574)
[2019.02.25-13.26.40:387][831]LogModuleManager: Shutting down and abandoning module SequenceRecorder (573)
[2019.02.25-13.26.40:387][831]LogModuleManager: Shutting down and abandoning module MatineeToLevelSequence (570)
[2019.02.25-13.26.40:387][831]LogModuleManager: Shutting down and abandoning module LevelSequenceEditor (568)
[2019.02.25-13.26.40:387][831]LogModuleManager: Shutting down and abandoning module PlacementMode (567)
[2019.02.25-13.26.40:387][831]LogModuleManager: Shutting down and abandoning module MaterialEditor (566)
[2019.02.25-13.26.40:387][831]LogModuleManager: Shutting down and abandoning module WmfMediaFactory (562)
[2019.02.25-13.26.40:387][831]LogModuleManager: Shutting down and abandoning module WmfMediaEditor (560)
[2019.02.25-13.26.40:387][831]LogModuleManager: Shutting down and abandoning module MediaPlayerEditor (558)
[2019.02.25-13.26.40:387][831]LogModuleManager: Shutting down and abandoning module OpenExrWrapper (556)
[2019.02.25-13.26.40:387][831]LogModuleManager: Shutting down and abandoning module ImgMediaFactory (554)
[2019.02.25-13.26.40:387][831]LogModuleManager: Shutting down and abandoning module ImgMediaEditor (552)
[2019.02.25-13.26.40:387][831]LogModuleManager: Shutting down and abandoning module AvfMediaFactory (550)
[2019.02.25-13.26.40:387][831]LogModuleManager: Shutting down and abandoning module AvfMediaEditor (548)
[2019.02.25-13.26.40:387][831]LogModuleManager: Shutting down and abandoning module AndroidMediaFactory (546)
[2019.02.25-13.26.40:387][831]LogModuleManager: Shutting down and abandoning module AndroidMediaEditor (544)
[2019.02.25-13.26.40:387][831]LogModuleManager: Shutting down and abandoning module MagicLeapCameraPreviewFactory (542)
[2019.02.25-13.26.40:387][831]LogModuleManager: Shutting down and abandoning module MagicLeapMediaFactory (540)
[2019.02.25-13.26.40:387][831]LogModuleManager: Shutting down and abandoning module MagicLeapMediaEditor (538)
[2019.02.25-13.26.40:387][831]LogModuleManager: Shutting down and abandoning module CharacterAI (536)
[2019.02.25-13.26.40:387][831]LogModuleManager: Shutting down and abandoning module SmartSnapping (534)
[2019.02.25-13.26.40:387][831]LogModuleManager: Shutting down and abandoning module SessionServices (532)
[2019.02.25-13.26.40:387][831]LogModuleManager: Shutting down and abandoning module ViewportSnapping (530)
[2019.02.25-13.26.40:388][831]LogModuleManager: Shutting down and abandoning module ViewportInteraction (528)
[2019.02.25-13.26.40:388][831]LogModuleManager: Shutting down and abandoning module ClothPainter (526)
[2019.02.25-13.26.40:388][831]LogModuleManager: Shutting down and abandoning module SkeletalMeshEditor (525)
[2019.02.25-13.26.40:388][831]LogModuleManager: Shutting down and abandoning module LogVisualizer (522)
[2019.02.25-13.26.40:388][831]LogModuleManager: Shutting down and abandoning module IntroTutorials (520)
[2019.02.25-13.26.40:388][831]LogModuleManager: Shutting down and abandoning module GameProjectGeneration (519)
[2019.02.25-13.26.40:388][831]LogModuleManager: Shutting down and abandoning module LuminPlatformEditor (516)
[2019.02.25-13.26.40:388][831]LogModuleManager: Shutting down and abandoning module IOSPlatformEditor (514)
[2019.02.25-13.26.40:388][831]LogModuleManager: Shutting down and abandoning module HTML5PlatformEditor (512)
[2019.02.25-13.26.40:388][831]LogModuleManager: Shutting down and abandoning module AndroidPlatformEditor (510)
[2019.02.25-13.26.40:388][831]LogModuleManager: Shutting down and abandoning module AndroidDeviceDetection (509)
[2019.02.25-13.26.40:758][831]LogModuleManager: Shutting down and abandoning module WindowsPlatformEditor (506)
[2019.02.25-13.26.40:758][831]LogModuleManager: Shutting down and abandoning module LuminRuntimeSettings (504)
[2019.02.25-13.26.40:759][831]LogModuleManager: Shutting down and abandoning module IOSRuntimeSettings (502)
[2019.02.25-13.26.40:759][831]LogModuleManager: Shutting down and abandoning module AndroidRuntimeSettings (500)
[2019.02.25-13.26.40:759][831]LogModuleManager: Shutting down and abandoning module InputBindingEditor (498)
[2019.02.25-13.26.40:759][831]LogModuleManager: Shutting down and abandoning module MergeActors (496)
[2019.02.25-13.26.40:759][831]LogModuleManager: Shutting down and abandoning module LocalizationDashboard (494)
[2019.02.25-13.26.40:759][831]LogModuleManager: Shutting down and abandoning module LocalizationService (493)
[2019.02.25-13.26.40:759][831]LogModuleManager: Shutting down and abandoning module HardwareTargeting (490)
[2019.02.25-13.26.40:759][831]LogModuleManager: Shutting down and abandoning module DeviceProfileEditor (488)
[2019.02.25-13.26.40:759][831]LogModuleManager: Shutting down and abandoning module UndoHistory (486)
[2019.02.25-13.26.40:759][831]LogModuleManager: Shutting down and abandoning module XmlParser (484)
[2019.02.25-13.26.40:759][831]LogModuleManager: Shutting down and abandoning module Blutility (482)
[2019.02.25-13.26.40:759][831]LogModuleManager: Shutting down and abandoning module ProjectSettingsViewer (480)
[2019.02.25-13.26.40:759][831]LogModuleManager: Shutting down and abandoning module ProjectTargetPlatformEditor (479)
[2019.02.25-13.26.40:759][831]LogModuleManager: Shutting down and abandoning module EditorSettingsViewer (476)
[2019.02.25-13.26.40:759][831]LogModuleManager: Shutting down and abandoning module SettingsEditor (474)
[2019.02.25-13.26.40:760][831]LogModuleManager: Shutting down and abandoning module ProjectLauncher (472)
[2019.02.25-13.26.40:760][831]LogModuleManager: Shutting down and abandoning module SessionFrontend (470)
[2019.02.25-13.26.40:760][831]LogModuleManager: Shutting down and abandoning module ProfilerClient (468)
[2019.02.25-13.26.40:760][831]LogModuleManager: Shutting down and abandoning module DeviceManager (466)
[2019.02.25-13.26.40:760][831]LogModuleManager: Shutting down and abandoning module TargetDeviceServices (465)
[2019.02.25-13.26.40:815][831]LogModuleManager: Shutting down and abandoning module AutomationController (462)
[2019.02.25-13.26.40:815][831]LogModuleManager: Shutting down and abandoning module AutomationWindow (460)
[2019.02.25-13.26.40:815][831]LogModuleManager: Shutting down and abandoning module Layers (458)
[2019.02.25-13.26.40:815][831]LogModuleManager: Shutting down and abandoning module ComponentVisualizers (456)
[2019.02.25-13.26.40:815][831]LogModuleManager: Shutting down and abandoning module DetailCustomizations (454)
[2019.02.25-13.26.40:815][831]LogModuleManager: Shutting down and abandoning module PackagesDialog (452)
[2019.02.25-13.26.40:815][831]LogModuleManager: Shutting down and abandoning module Persona (450)
[2019.02.25-13.26.40:815][831]LogModuleManager: Shutting down and abandoning module AdvancedPreviewScene (449)
[2019.02.25-13.26.40:815][831]LogModuleManager: Shutting down and abandoning module AnimGraph (447)
[2019.02.25-13.26.40:815][831]LogModuleManager: Shutting down and abandoning module Kismet (444)
[2019.02.25-13.26.40:822][831]LogModuleManager: Shutting down and abandoning module GraphEditor (442)
[2019.02.25-13.26.40:822][831]LogModuleManager: Shutting down and abandoning module ClassViewer (440)
[2019.02.25-13.26.40:822][831]LogModuleManager: Shutting down and abandoning module Toolbox (438)
[2019.02.25-13.26.40:822][831]LogModuleManager: Shutting down and abandoning module ModuleUI (436)
[2019.02.25-13.26.40:822][831]LogModuleManager: Shutting down and abandoning module MovieSceneTools (434)
[2019.02.25-13.26.40:822][831]LogModuleManager: Shutting down and abandoning module OutputLog (432)
[2019.02.25-13.26.40:822][831]LogModuleManager: Shutting down and abandoning module GammaUI (430)
[2019.02.25-13.26.40:822][831]LogModuleManager: Shutting down and abandoning module Documentation (428)
[2019.02.25-13.26.40:822][831]LogModuleManager: Shutting down and abandoning module MovieSceneTracks (426)
[2019.02.25-13.26.40:822][831]LogModuleManager: Shutting down and abandoning module MovieScene (424)
[2019.02.25-13.26.40:822][831]LogModuleManager: Shutting down and abandoning module StreamingPauseRendering (422)
[2019.02.25-13.26.40:822][831]LogModuleManager: Shutting down and abandoning module LauncherPlatform (420)
[2019.02.25-13.26.40:822][831]LogModuleManager: Shutting down and abandoning module AnalyticsET (418)
[2019.02.25-13.26.40:822][831]LogModuleManager: Shutting down and abandoning module PortalServices (416)
[2019.02.25-13.26.40:822][831]LogModuleManager: Shutting down and abandoning module PortalRpc (414)
[2019.02.25-13.26.40:822][831]LogModuleManager: Shutting down and abandoning module MessagingRpc (412)
[2019.02.25-13.26.40:823][831]LogModuleManager: Shutting down and abandoning module AIModule (410)
[2019.02.25-13.26.40:823][831]LogModuleManager: Shutting down and abandoning module GameplayDebugger (409)
[2019.02.25-13.26.40:823][831]LogModuleManager: Shutting down and abandoning module AITestSuite (407)
[2019.02.25-13.26.40:823][831]LogModuleManager: Shutting down and abandoning module NavigationSystem (405)
[2019.02.25-13.26.40:823][831]LogModuleManager: Shutting down and abandoning module DesktopPlatform (402)
[2019.02.25-13.26.40:823][831]LogModuleManager: Shutting down and abandoning module ProfilerService (400)
[2019.02.25-13.26.40:967][831]LogModuleManager: Shutting down and abandoning module TaskGraph (398)
[2019.02.25-13.26.40:967][831]LogModuleManager: Shutting down and abandoning module SteamVRController (396)
[2019.02.25-13.26.40:967][831]LogModuleManager: Shutting down and abandoning module ProceduralMeshComponentEditor (394)
[2019.02.25-13.26.40:967][831]LogModuleManager: Shutting down and abandoning module ProceduralMeshComponent (392)
[2019.02.25-13.26.40:967][831]LogModuleManager: Shutting down and abandoning module OculusInput (390)
[2019.02.25-13.26.40:967][831]LogModuleManager: Shutting down and abandoning module MobilePatchingUtils (388)
[2019.02.25-13.26.40:968][831]LogModuleManager: Shutting down and abandoning module EditableMesh (386)
[2019.02.25-13.26.40:968][831]LogModuleManager: Shutting down and abandoning module CustomMeshComponent (384)
[2019.02.25-13.26.40:968][831]LogModuleManager: Shutting down and abandoning module CableComponent (382)
[2019.02.25-13.26.40:968][831]LogModuleManager: Shutting down and abandoning module AudioCapture (380)
[2019.02.25-13.26.40:968][831]LogModuleManager: Shutting down and abandoning module ArchVisCharacter (378)
[2019.02.25-13.26.40:968][831]LogModuleManager: Shutting down and abandoning module AndroidPermission (376)
[2019.02.25-13.26.40:968][831]LogModuleManager: Shutting down and abandoning module NUTUnrealEngine4 (374)
[2019.02.25-13.26.40:968][831]LogModuleManager: Shutting down and abandoning module NetcodeUnitTest (372)
[2019.02.25-13.26.40:968][831]LogModuleManager: Shutting down and abandoning module MediaCompositingEditor (370)
[2019.02.25-13.26.40:968][831]LogModuleManager: Shutting down and abandoning module MediaCompositing (368)
[2019.02.25-13.26.40:968][831]LogModuleManager: Shutting down and abandoning module LinearTimecode (366)
[2019.02.25-13.26.40:968][831]LogModuleManager: Shutting down and abandoning module ImgMedia (364)
[2019.02.25-13.26.40:971][831]LogModuleManager: Shutting down and abandoning module HTML5Networking (362)
[2019.02.25-13.26.40:971][831]LogModuleManager: Shutting down and abandoning module GeometryCacheTracks (360)
[2019.02.25-13.26.40:972][831]LogModuleManager: Shutting down and abandoning module GeometryCacheSequencer (358)
[2019.02.25-13.26.40:972][831]LogModuleManager: Shutting down and abandoning module BackChannel (356)
[2019.02.25-13.26.40:972][831]LogModuleManager: Shutting down and abandoning module AppleVision (354)
[2019.02.25-13.26.40:972][831]LogModuleManager: Shutting down and abandoning module AppleImageUtils (352)
[2019.02.25-13.26.40:972][831]LogModuleManager: Shutting down and abandoning module AlembicImporter (350)
[2019.02.25-13.26.40:972][831]LogModuleManager: Shutting down and abandoning module AlembicLibrary (349)
[2019.02.25-13.26.40:972][831]LogModuleManager: Shutting down and abandoning module GeometryCache (348)
[2019.02.25-13.26.40:972][831]LogModuleManager: Shutting down and abandoning module GeometryCacheEd (347)
[2019.02.25-13.26.40:972][831]LogModuleManager: Shutting down and abandoning module DatasmithContentEditor (342)
[2019.02.25-13.26.40:972][831]LogModuleManager: Shutting down and abandoning module DatasmithContent (340)
[2019.02.25-13.26.40:972][831]LogModuleManager: Shutting down and abandoning module SpeedTreeImporter (338)
[2019.02.25-13.26.40:972][831]LogModuleManager: Shutting down and abandoning module PluginBrowser (336)
[2019.02.25-13.26.40:972][831]LogModuleManager: Shutting down and abandoning module MobileLauncherProfileWizard (334)
[2019.02.25-13.26.40:972][831]LogModuleManager: Shutting down and abandoning module PolygonModeling (332)
[2019.02.25-13.26.40:972][831]LogModuleManager: Shutting down and abandoning module MeshEditor (330)
[2019.02.25-13.26.40:972][831]LogModuleManager: Shutting down and abandoning module CryptoKeysOpenSSL (328)
[2019.02.25-13.26.40:972][831]LogModuleManager: Shutting down and abandoning module CryptoKeys (326)
[2019.02.25-13.26.40:972][831]LogModuleManager: Shutting down and abandoning module VisualStudioSourceCodeAccess (324)
[2019.02.25-13.26.40:972][831]LogModuleManager: Shutting down and abandoning module VisualStudioCodeSourceCodeAccess (322)
[2019.02.25-13.26.40:972][831]LogModuleManager: Shutting down and abandoning module UObjectPlugin (320)
[2019.02.25-13.26.40:972][831]LogModuleManager: Shutting down and abandoning module SubversionSourceControl (318)
[2019.02.25-13.26.40:972][831]LogModuleManager: Shutting down and abandoning module PerforceSourceControl (316)
[2019.02.25-13.26.40:972][831]LogModuleManager: Shutting down and abandoning module GitSourceControl (314)
[2019.02.25-13.26.40:972][831]LogModuleManager: Shutting down and abandoning module SourceControl (313)
[2019.02.25-13.26.40:973][831]LogModuleManager: Shutting down and abandoning module CLionSourceCodeAccess (310)
[2019.02.25-13.26.40:973][831]LogModuleManager: Shutting down and abandoning module LightPropagationVolumeEditor (308)
[2019.02.25-13.26.40:973][831]LogModuleManager: Shutting down and abandoning module PaperTiledImporter (306)
[2019.02.25-13.26.40:973][831]LogModuleManager: Shutting down and abandoning module PaperSpriteSheetImporter (304)
[2019.02.25-13.26.40:973][831]LogModuleManager: Shutting down and abandoning module Paper2DEditor (302)
[2019.02.25-13.26.40:973][831]LogModuleManager: Shutting down and abandoning module MeshPaint (301)
[2019.02.25-13.26.40:973][831]LogModuleManager: Shutting down and abandoning module RuntimePhysXCooking (298)
[2019.02.25-13.26.40:973][831]LogModuleManager: Shutting down and abandoning module PhysXVehiclesEditor (296)
[2019.02.25-13.26.40:973][831]LogModuleManager: Shutting down and abandoning module PhysXVehicles (294)
[2019.02.25-13.26.40:973][831]LogModuleManager: Shutting down and abandoning module OculusEditor (292)
[2019.02.25-13.26.40:973][831]LogModuleManager: Shutting down and abandoning module LocationServicesBPLibrary (290)
[2019.02.25-13.26.40:973][831]LogModuleManager: Shutting down and abandoning module ImmediatePhysicsEditor (288)
[2019.02.25-13.26.40:973][831]LogModuleManager: Shutting down and abandoning module ImmediatePhysics (286)
[2019.02.25-13.26.40:973][831]LogModuleManager: Shutting down and abandoning module ActorSequence (284)
[2019.02.25-13.26.40:973][831]LogModuleManager: Shutting down and abandoning module UdpMessaging (282)
[2019.02.25-13.26.41:073][831]LogModuleManager: Shutting down and abandoning module TcpMessaging (280)
[2019.02.25-13.26.41:174][831]LogModuleManager: Shutting down and abandoning module MagicLeapAudio (278)
[2019.02.25-13.26.41:174][831]LogModuleManager: Shutting down and abandoning module GameplayTagsEditor (276)
[2019.02.25-13.26.41:174][831]LogModuleManager: Shutting down and abandoning module FacialAnimationEditor (274)
[2019.02.25-13.26.41:174][831]LogModuleManager: Shutting down and abandoning module FacialAnimation (272)
[2019.02.25-13.26.41:174][831]LogModuleManager: Shutting down and abandoning module DataValidation (270)
[2019.02.25-13.26.41:174][831]LogModuleManager: Shutting down and abandoning module AssetManagerEditor (268)
[2019.02.25-13.26.41:174][831]LogModuleManager: Shutting down and abandoning module LevelEditor (267)
[2019.02.25-13.26.41:176][831]LogModuleManager: Shutting down and abandoning module PixelInspectorModule (266)
[2019.02.25-13.26.41:176][831]LogModuleManager: Shutting down and abandoning module CommonMenuExtensions (264)
[2019.02.25-13.26.41:177][831]LogModuleManager: Shutting down and abandoning module MainFrame (262)
[2019.02.25-13.26.41:177][831]LogModuleManager: Shutting down and abandoning module HotReload (261)
[2019.02.25-13.26.41:177][831]LogModuleManager: Shutting down and abandoning module ContentBrowser (257)
[2019.02.25-13.26.41:178][831]LogModuleManager: Shutting down and abandoning module TreeMap (255)
[2019.02.25-13.26.41:178][831]LogModuleManager: Shutting down and abandoning module LightPropagationVolumeRuntime (252)
[2019.02.25-13.26.41:178][831]LogModuleManager: Shutting down and abandoning module AISupportModule (250)
[2019.02.25-13.26.41:178][831]LogModuleManager: Shutting down and abandoning module Paper2D (248)
[2019.02.25-13.26.41:178][831]LogModuleManager: Shutting down and abandoning module WindowsMoviePlayer (246)
[2019.02.25-13.26.41:178][831]LogModuleManager: Shutting down and abandoning module WmfMedia (244)
[2019.02.25-13.26.41:180][831]LogModuleManager: Shutting down and abandoning module Media (243)
[2019.02.25-13.26.41:186][831]LogModuleManager: Shutting down and abandoning module PacketHandler (240)
[2019.02.25-13.26.41:186][831]LogModuleManager: Shutting down and abandoning module ClothingSystemEditor (238)
[2019.02.25-13.26.41:186][831]LogModuleManager: Shutting down and abandoning module ClothingSystemRuntime (236)
[2019.02.25-13.26.41:186][831]LogModuleManager: Shutting down and abandoning module MediaAssets (234)
[2019.02.25-13.26.41:186][831]LogModuleManager: Shutting down and abandoning module Overlay (232)
[2019.02.25-13.26.41:186][831]LogModuleManager: Shutting down and abandoning module OverlayEditor (231)
[2019.02.25-13.26.41:186][831]LogModuleManager: Shutting down and abandoning module VREditor (228)
[2019.02.25-13.26.41:186][831]LogModuleManager: Shutting down and abandoning module StringTableEditor (226)
[2019.02.25-13.26.41:186][831]LogModuleManager: Shutting down and abandoning module GameplayTasksEditor (224)
[2019.02.25-13.26.41:186][831]LogModuleManager: Shutting down and abandoning module BehaviorTreeEditor (222)
[2019.02.25-13.26.41:186][831]LogModuleManager: Shutting down and abandoning module FunctionalTesting (220)
[2019.02.25-13.26.41:186][831]LogModuleManager: Shutting down and abandoning module CollisionAnalyzer (218)
[2019.02.25-13.26.41:186][831]LogModuleManager: Shutting down and abandoning module WorkspaceMenuStructure (217)
[2019.02.25-13.26.41:186][831]LogModuleManager: Shutting down and abandoning module UMG (214)
[2019.02.25-13.26.41:187][831]LogModuleManager: Shutting down and abandoning module UMGEditor (213)
[2019.02.25-13.26.41:187][831]LogModuleManager: Shutting down and abandoning module Sequencer (212)
[2019.02.25-13.26.41:187][831]LogModuleManager: Shutting down and abandoning module MessageLog (209)
[2019.02.25-13.26.41:187][831]LogModuleManager: Shutting down and abandoning module SlateReflector (204)
[2019.02.25-13.26.41:187][831]LogModuleManager: Shutting down and abandoning module Slate (202)
[2019.02.25-13.26.41:187][831]LogModuleManager: Shutting down and abandoning module EditorStyle (200)
[2019.02.25-13.26.41:189][831]LogModuleManager: Shutting down and abandoning module MRMesh (198)
[2019.02.25-13.26.41:189][831]LogModuleManager: Shutting down and abandoning module SourceCodeAccess (196)
[2019.02.25-13.26.41:189][831]LogModuleManager: Shutting down and abandoning module HeadMountedDisplay (194)
[2019.02.25-13.26.41:189][831]LogModuleManager: Shutting down and abandoning module XAudio2 (192)
[2019.02.25-13.26.41:189][831]LogModuleManager: Shutting down and abandoning module Networking (190)
[2019.02.25-13.26.41:189][831]LogModuleManager: Shutting down and abandoning module Core (188)
[2019.02.25-13.26.41:189][831]LogModuleManager: Shutting down and abandoning module LevelSequence (186)
[2019.02.25-13.26.41:189][831]LogModuleManager: Shutting down and abandoning module KismetCompiler (184)
[2019.02.25-13.26.41:189][831]LogModuleManager: Shutting down and abandoning module MeshUtilities (182)
[2019.02.25-13.26.41:189][831]LogModuleManager: Shutting down and abandoning module MeshMergeUtilities (181)
[2019.02.25-13.26.41:189][831]LogModuleManager: Shutting down and abandoning module MeshReductionInterface (180)
[2019.02.25-13.26.41:189][831]LogModuleManager: Shutting down and abandoning module SimplygonSwarm (179)
[2019.02.25-13.26.41:189][831]LogModuleManager: Shutting down and abandoning module ProxyLODMeshReduction (177)
[2019.02.25-13.26.41:189][831]LogModuleManager: Shutting down and abandoning module SimplygonMeshReduction (175)
[2019.02.25-13.26.41:189][831]LogModuleManager: Shutting down and abandoning module QuadricMeshReduction (173)
[2019.02.25-13.26.41:189][831]LogModuleManager: Shutting down and abandoning module MaterialBaking (169)
[2019.02.25-13.26.41:189][831]LogModuleManager: Shutting down and abandoning module DirectoryWatcher (165)
[2019.02.25-13.26.41:189][831]LogModuleManager: Shutting down and abandoning module DerivedDataCache (162)
[2019.02.25-13.26.41:250][831]LogDerivedDataCache: Shutdown
[2019.02.25-13.26.41:250][831]LogModuleManager: Shutting down and abandoning module XGEController (160)
[2019.02.25-13.26.41:250][831]LogXGEController: Cleaning working directory: C:/Users/Omega Eternal/AppData/Local/Temp/UnrealXGEWorkingDir/
[2019.02.25-13.26.41:250][831]LogModuleManager: Shutting down and abandoning module TargetPlatform (158)
[2019.02.25-13.26.41:251][831]LogModuleManager: Shutting down and abandoning module VulkanShaderFormat (157)
[2019.02.25-13.26.41:251][831]LogModuleManager: Shutting down and abandoning module ShaderFormatVectorVM (155)
[2019.02.25-13.26.41:251][831]LogModuleManager: Shutting down and abandoning module ShaderFormatOpenGL (153)
[2019.02.25-13.26.41:251][831]LogModuleManager: Shutting down and abandoning module ShaderFormatD3D (151)
[2019.02.25-13.26.41:251][831]LogModuleManager: Shutting down and abandoning module MetalShaderFormat (149)
[2019.02.25-13.26.41:251][831]LogModuleManager: Shutting down and abandoning module TextureFormatUncompressed (147)
[2019.02.25-13.26.41:251][831]LogModuleManager: Shutting down and abandoning module TextureFormatPVR (145)
[2019.02.25-13.26.41:251][831]LogModuleManager: Shutting down and abandoning module TextureFormatDXT (143)
[2019.02.25-13.26.41:251][831]LogModuleManager: Shutting down and abandoning module TextureFormatIntelISPCTexComp (141)
[2019.02.25-13.26.41:251][831]LogModuleManager: Shutting down and abandoning module TextureFormatASTC (139)
[2019.02.25-13.26.41:251][831]LogModuleManager: Shutting down and abandoning module ImageWrapper (138)
[2019.02.25-13.26.41:251][831]LogModuleManager: Shutting down and abandoning module TextureFormatAndroid (135)
[2019.02.25-13.26.41:251][831]LogModuleManager: Shutting down and abandoning module AudioFormatOpus (133)
[2019.02.25-13.26.41:251][831]LogModuleManager: Shutting down and abandoning module AudioFormatOgg (131)
[2019.02.25-13.26.41:251][831]LogModuleManager: Shutting down and abandoning module AudioFormatADPCM (129)
[2019.02.25-13.26.41:251][831]LogModuleManager: Shutting down and abandoning module LuminTargetPlatform (127)
[2019.02.25-13.26.41:251][831]LogModuleManager: Shutting down and abandoning module LinuxTargetPlatform (125)
[2019.02.25-13.26.41:251][831]LogModuleManager: Shutting down and abandoning module LinuxServerTargetPlatform (123)
[2019.02.25-13.26.41:251][831]LogModuleManager: Shutting down and abandoning module LinuxNoEditorTargetPlatform (121)
[2019.02.25-13.26.41:251][831]LogModuleManager: Shutting down and abandoning module LinuxClientTargetPlatform (119)
[2019.02.25-13.26.41:251][831]LogModuleManager: Shutting down and abandoning module TVOSTargetPlatform (117)
[2019.02.25-13.26.41:255][831]LogModuleManager: Shutting down and abandoning module Messaging (115)
[2019.02.25-13.26.41:255][831]LogModuleManager: Shutting down and abandoning module IOSTargetPlatform (113)
[2019.02.25-13.26.41:258][831]LogModuleManager: Shutting down and abandoning module HTML5TargetPlatform (111)
[2019.02.25-13.26.41:258][831]LogModuleManager: Shutting down and abandoning module AndroidTargetPlatform (109)
[2019.02.25-13.26.41:288][831]LogModuleManager: Shutting down and abandoning module WindowsTargetPlatform (107)
[2019.02.25-13.26.41:289][831]LogModuleManager: Shutting down and abandoning module WindowsServerTargetPlatform (105)
[2019.02.25-13.26.41:289][831]LogModuleManager: Shutting down and abandoning module WindowsNoEditorTargetPlatform (103)
[2019.02.25-13.26.41:289][831]LogModuleManager: Shutting down and abandoning module WindowsClientTargetPlatform (101)
[2019.02.25-13.26.41:289][831]LogModuleManager: Shutting down and abandoning module MacTargetPlatform (99)
[2019.02.25-13.26.41:289][831]LogModuleManager: Shutting down and abandoning module MacServerTargetPlatform (97)
[2019.02.25-13.26.41:289][831]LogModuleManager: Shutting down and abandoning module MacNoEditorTargetPlatform (95)
[2019.02.25-13.26.41:289][831]LogModuleManager: Shutting down and abandoning module MacClientTargetPlatform (93)
[2019.02.25-13.26.41:289][831]LogModuleManager: Shutting down and abandoning module AllDesktopTargetPlatform (91)
[2019.02.25-13.26.41:289][831]LogModuleManager: Shutting down and abandoning module InputCore (88)
[2019.02.25-13.26.41:289][831]LogModuleManager: Shutting down and abandoning module Settings (86)
[2019.02.25-13.26.41:289][831]LogModuleManager: Shutting down and abandoning module PhysXCooking (84)
[2019.02.25-13.26.41:289][831]LogModuleManager: Shutting down and abandoning module SteamVR (82)
[2019.02.25-13.26.41:289][831]LogModuleManager: Shutting down and abandoning module OculusHMD (80)
[2019.02.25-13.26.41:289][831]LogModuleManager: Shutting down and abandoning module ExampleDeviceProfileSelector (78)
[2019.02.25-13.26.41:289][831]LogModuleManager: Shutting down and abandoning module LauncherChunkInstaller (76)
[2019.02.25-13.26.41:289][831]LogModuleManager: Shutting down and abandoning module OnlineBlueprintSupport (74)
[2019.02.25-13.26.41:289][831]LogModuleManager: Shutting down and abandoning module OnlineSubsystem (70)
[2019.02.25-13.26.41:290][831]LogModuleManager: Shutting down and abandoning module XMPP (65)
[2019.02.25-13.26.41:290][831]LogModuleManager: Shutting down and abandoning module WebSockets (64)
[2019.02.25-13.26.41:323][831]LogModuleManager: Shutting down and abandoning module HTTP (61)
[2019.02.25-13.26.41:323][831]LogHttp: Display: Http module shutting down, but needs to wait on 1 outstanding Http requests:
[2019.02.25-13.26.41:323][831]LogHttp: Display: 	verb=[POST] url=[https://datarouter.ol.epicgames.com/datarouter/api/v1/public/data?SessionID=%7B67FA22A5-4EB5-DD43-3464-1F81925FC683%7D&AppID=UEEditor.Rocket.Release&AppVersion=4.20.3-4369336%2B%2B%2BUE4%2BRelease-4.20&UserID=e0cc5c754084b9a7a4c29c80c23128db%7Ca8a17c20782c459793b0ae4369d635d1%7C86523a13-e526-4ad4-bade-0bfa7b454647&AppEnvironment=datacollector-binary&UploadType=eteventstream] status=Processing
[2019.02.25-13.26.41:355][831]LogModuleManager: Shutting down and abandoning module SSL (60)
[2019.02.25-13.26.41:356][831]LogModuleManager: Shutting down and abandoning module MagicLeapEmulator (56)
[2019.02.25-13.26.41:356][831]LogModuleManager: Shutting down and abandoning module MagicLeapPrivileges (54)
[2019.02.25-13.26.41:356][831]LogModuleManager: Shutting down and abandoning module MagicLeapIdentity (52)
[2019.02.25-13.26.41:356][831]LogModuleManager: Shutting down and abandoning module MagicLeapHelperVulkan (50)
[2019.02.25-13.26.41:356][831]LogModuleManager: Shutting down and abandoning module MagicLeapHelperOpenGL (48)
[2019.02.25-13.26.41:356][831]LogModuleManager: Shutting down and abandoning module MagicLeapSecureStorage (46)
[2019.02.25-13.26.41:356][831]LogModuleManager: Shutting down and abandoning module MagicLeapGestures (44)
[2019.02.25-13.26.41:356][831]LogModuleManager: Shutting down and abandoning module MagicLeapEyeTracker (42)
[2019.02.25-13.26.41:356][831]LogModuleManager: Shutting down and abandoning module MagicLeapController (40)
[2019.02.25-13.26.41:356][831]LogSlate: Slate User Destroyed.  User Index 0, Is Virtual User: 0
[2019.02.25-13.26.41:356][831]LogModuleManager: Shutting down and abandoning module MagicLeap (38)
[2019.02.25-13.26.41:356][831]LogModuleManager: Shutting down and abandoning module AnimationModifiers (36)
[2019.02.25-13.26.41:356][831]LogModuleManager: Shutting down and abandoning module PropertyEditor (35)
[2019.02.25-13.26.41:357][831]LogModuleManager: Shutting down and abandoning module AudioEditor (32)
[2019.02.25-13.26.41:357][831]LogModuleManager: Shutting down and abandoning module TextureCompressor (30)
[2019.02.25-13.26.41:357][831]LogModuleManager: Shutting down and abandoning module ShaderCore (28)
[2019.02.25-13.26.41:357][831]LogModuleManager: Shutting down and abandoning module Landscape (26)
[2019.02.25-13.26.41:357][831]LogModuleManager: Shutting down and abandoning module SlateRHIRenderer (24)
[2019.02.25-13.26.41:358][831]LogModuleManager: Shutting down and abandoning module OpenGLDrv (22)
[2019.02.25-13.26.41:358][831]LogModuleManager: Shutting down and abandoning module D3D11RHI (20)
[2019.02.25-13.26.41:359][831]LogModuleManager: Shutting down and abandoning module AnimGraphRuntime (18)
[2019.02.25-13.26.41:359][831]LogModuleManager: Shutting down and abandoning module Renderer (16)
[2019.02.25-13.26.41:359][831]LogModuleManager: Shutting down and abandoning module Engine (14)
[2019.02.25-13.26.41:359][831]LogModuleManager: Shutting down and abandoning module CoreUObject (12)
[2019.02.25-13.26.41:359][831]LogModuleManager: Shutting down and abandoning module NetworkFile (10)
[2019.02.25-13.26.41:359][831]LogModuleManager: Shutting down and abandoning module CookedIterativeFile (8)
[2019.02.25-13.26.41:359][831]LogModuleManager: Shutting down and abandoning module StreamingFile (6)
[2019.02.25-13.26.41:359][831]LogModuleManager: Shutting down and abandoning module SandboxFile (4)
[2019.02.25-13.26.41:359][831]LogModuleManager: Shutting down and abandoning module PakFile (2)
[2019.02.25-13.26.41:365][831]LogExit: Exiting.
[2019.02.25-13.26.41:391][831]Log file closed, 02/25/19 14:26:41
